SLASS: watchdog (866990): [Fri Dec 29 02:55:07 PM CET 2023] deleting all logfiles in /home/slad/slasstesting/log when older then 3 days.
SLASS: watchdog (866990): [Fri Dec 29 02:55:07 PM CET 2023] starting server (port 2332)...
SLASS: watchdog (866990): [Fri Dec 29 02:55:12 PM CET 2023] starting server (port 2332)...
SLASS: watchdog (866990): [Fri Dec 29 02:55:17 PM CET 2023] starting server (port 2332)...
SLASS: watchdog (866990): [Fri Dec 29 02:55:22 PM CET 2023] starting server (port 2332)...
SLASS: watchdog (866990): [Fri Dec 29 02:55:27 PM CET 2023] starting server (port 2332)...
SLASS: watchdog (866990): [Fri Dec 29 02:55:32 PM CET 2023] starting server (port 2332)...
SLASS: watchdog (866990): [Fri Dec 29 02:55:37 PM CET 2023] starting server (port 2332)...
SLASS: watchdog (866990): [Fri Dec 29 02:55:42 PM CET 2023] starting server (port 2332)...
SLASS: watchdog (866990): [Fri Dec 29 02:55:47 PM CET 2023] starting server (port 2332)...
ng server (port 2332)...
sudo: unable to read password: Input/output error
sudo: a password is required
watchdog (866990): [Fri Dec 29 02:55:22 PM CET 2023] server died, waiting to restart...
watchdog (866990): [Fri Dec 29 02:55:27 PM CET 2023] starting server (port 2332)...
sudo: unable to read password: Input/output error
sudo: a password is required
watchdog (866990): [Fri Dec 29 02:55:27 PM CET 2023] server died, waiting to restart...
watchdog (866990): [Fri Dec 29 02:55:32 PM CET 2023] starting server (port 2332)...
sudo: unable to read password: Input/output error
sudo: a password is required
watchdog (866990): [Fri Dec 29 02:55:32 PM CET 2023] server died, waiting to restart...
watchdog (866990): [Fri Dec 29 02:55:37 PM CET 2023] starting server (port 2332)...
sudo: unable to read password: Input/output error
sudo: a password is required
watchdog (866990): [Fri Dec 29 02:55:37 PM CET 2023] server died, waiting to restart...
watchdog (866990): [Fri Dec 29 02:55:42 PM CET 2023] starting server (port 2332)...
sudo: unable to read password: Input/output error
sudo: a password is required
watchdog (866990): [Fri Dec 29 02:55:42 PM CET 2023] server died, waiting to restart...
watchdog (866990): [Fri Dec 29 02:55:47 PM CET 2023] starting server (port 2332)...
sudo: unable to read password: Input/output error
sudo: a password is required
watchdog (866990): [Fri Dec 29 02:55:47 PM CET 2023] server died, waiting to restart...
