SLASS: loaded /home/slad/slasstesting/slass-data/function/slass/fn_stopServer.sh
SLASS: loaded /home/slad/slasstesting/slass-data/function/slass/fn_restartServer.sh
SLASS: loaded /home/slad/slasstesting/slass-data/function/slass/fn_startServer.sh
SLASS: loaded /home/slad/slasstesting/slass-data/function/slass/fn_createServer.sh
SLASS: loaded /home/slad/slasstesting/slass-data/function/installer/fn_deleteAndCreateUser.sh
SLASS: loaded /home/slad/slasstesting/slass-data/function/installer/fn_createAlias.sh
SLASS: loaded /home/slad/slasstesting/slass-data/function/common/fn_debugMessage.sh
SLASS: loaded /home/slad/slasstesting/slass-data/function/common/fn_printMessage.sh
SLASS: loaded /home/slad/slasstesting/slass-data/function/common/fn_rmserverdir.sh
SLASS: watchdog (626151): [Thu Dec 28 12:40:21 PM CET 2023] deleting all logfiles in /home/slad/slasstesting/log when older then 3 days.
SLASS: watchdog (626151): [Thu Dec 28 12:40:21 PM CET 2023] starting server (port 2305)...
SLASS: watchdog (626151): [Thu Dec 28 12:40:26 PM CET 2023] starting server (port 2305)...
SLASS: watchdog (626151): [Thu Dec 28 12:40:31 PM CET 2023] starting server (port 2305)...
SLASS: watchdog (626151): [Thu Dec 28 12:40:36 PM CET 2023] starting server (port 2305)...
SLASS: watchdog (626151): [Thu Dec 28 12:40:41 PM CET 2023] starting server (port 2305)...
SLASS: watchdog (626151): [Thu Dec 28 12:40:46 PM CET 2023] starting server (port 2305)...
SLASS: watchdog (626151): [Thu Dec 28 12:40:51 PM CET 2023] starting server (port 2305)...
SLASS: watchdog (626151): [Thu Dec 28 12:40:56 PM CET 2023] starting server (port 2305)...
SLASS: watchdog (626151): [Thu Dec 28 12:41:01 PM CET 2023] starting server (port 2305)...
SLASS: watchdog (626151): [Thu Dec 28 12:41:06 PM CET 2023] starting server (port 2305)...
SLASS: watchdog (626151): [Thu Dec 28 12:41:11 PM CET 2023] starting server (port 2305)...
SLASS: watchdog (626151): [Thu Dec 28 12:41:16 PM CET 2023] starting server (port 2305)...
SLASS: watchdog (626151): [Thu Dec 28 12:41:21 PM CET 2023] starting server (port 2305)...
SLASS: watchdog (626151): [Thu Dec 28 12:41:26 PM CET 2023] starting server (port 2305)...
SLASS: watchdog (626151): [Thu Dec 28 12:41:31 PM CET 2023] starting server (port 2305)...
SLASS: watchdog (626151): [Thu Dec 28 12:41:36 PM CET 2023] starting server (port 2305)...
SLASS: watchdog (626151): [Thu Dec 28 12:41:41 PM CET 2023] starting server (port 2305)...
SLASS: watchdog (626151): [Thu Dec 28 12:41:46 PM CET 2023] starting server (port 2305)...
SLASS: watchdog (626151): [Thu Dec 28 12:41:52 PM CET 2023] starting server (port 2305)...
SLASS: watchdog (626151): [Thu Dec 28 12:41:57 PM CET 2023] starting server (port 2305)...
SLASS: watchdog (626151): [Thu Dec 28 12:42:02 PM CET 2023] starting server (port 2305)...
SLASS: watchdog (626151): [Thu Dec 28 12:42:07 PM CET 2023] starting server (port 2305)...
SLASS: watchdog (626151): [Thu Dec 28 12:42:12 PM CET 2023] starting server (port 2305)...
SLASS: watchdog (626151): [Thu Dec 28 12:42:17 PM CET 2023] starting server (port 2305)...
SLASS: watchdog (626151): [Thu Dec 28 12:42:22 PM CET 2023] starting server (port 2305)...
SLASS: watchdog (626151): [Thu Dec 28 12:42:27 PM CET 2023] starting server (port 2305)...
SLASS: watchdog (626151): [Thu Dec 28 12:42:32 PM CET 2023] starting server (port 2305)...
SLASS: watchdog (626151): [Thu Dec 28 12:42:37 PM CET 2023] starting server (port 2305)...
SLASS: watchdog (626151): [Thu Dec 28 12:42:42 PM CET 2023] starting server (port 2305)...
SLASS: watchdog (626151): [Thu Dec 28 12:42:47 PM CET 2023] starting server (port 2305)...
SLASS: watchdog (626151): [Thu Dec 28 12:42:52 PM CET 2023] starting server (port 2305)...
SLASS: watchdog (626151): [Thu Dec 28 12:42:57 PM CET 2023] starting server (port 2305)...
SLASS: watchdog (626151): [Thu Dec 28 12:43:02 PM CET 2023] starting server (port 2305)...
SLASS: watchdog (626151): [Thu Dec 28 12:43:07 PM CET 2023] starting server (port 2305)...
SLASS: watchdog (626151): [Thu Dec 28 12:43:12 PM CET 2023] starting server (port 2305)...
SLASS: watchdog (626151): [Thu Dec 28 12:43:17 PM CET 2023] starting server (port 2305)...
SLASS: watchdog (626151): [Thu Dec 28 12:43:22 PM CET 2023] starting server (port 2305)...
SLASS: watchdog (626151): [Thu Dec 28 12:43:27 PM CET 2023] starting server (port 2305)...
SLASS: watchdog (626151): [Thu Dec 28 12:43:32 PM CET 2023] starting server (port 2305)...
SLASS: watchdog (626151): [Thu Dec 28 12:43:37 PM CET 2023] starting server (port 2305)...
SLASS: watchdog (626151): [Thu Dec 28 12:43:42 PM CET 2023] starting server (port 2305)...
SLASS: watchdog (626151): [Thu Dec 28 12:43:47 PM CET 2023] starting server (port 2305)...
SLASS: watchdog (626151): [Thu Dec 28 12:43:52 PM CET 2023] starting server (port 2305)...
SLASS: watchdog (626151): [Thu Dec 28 12:43:57 PM CET 2023] starting server (port 2305)...
SLASS: watchdog (626151): [Thu Dec 28 12:44:02 PM CET 2023] starting server (port 2305)...
SLASS: watchdog (626151): [Thu Dec 28 12:44:07 PM CET 2023] starting server (port 2305)...
SLASS: watchdog (626151): [Thu Dec 28 12:44:12 PM CET 2023] starting server (port 2305)...
SLASS: watchdog (626151): [Thu Dec 28 12:44:17 PM CET 2023] starting server (port 2305)...
SLASS: watchdog (626151): [Thu Dec 28 12:44:22 PM CET 2023] starting server (port 2305)...
SLASS: watchdog (626151): [Thu Dec 28 12:44:27 PM CET 2023] starting server (port 2305)...
SLASS: watchdog (626151): [Thu Dec 28 12:44:32 PM CET 2023] starting server (port 2305)...
SLASS: watchdog (626151): [Thu Dec 28 12:44:37 PM CET 2023] starting server (port 2305)...
SLASS: watchdog (626151): [Thu Dec 28 12:44:42 PM CET 2023] starting server (port 2305)...
SLASS: watchdog (626151): [Thu Dec 28 12:44:47 PM CET 2023] starting server (port 2305)...
SLASS: watchdog (626151): [Thu Dec 28 12:44:52 PM CET 2023] starting server (port 2305)...
SLASS: watchdog (626151): [Thu Dec 28 12:44:57 PM CET 2023] starting server (port 2305)...
SLASS: watchdog (626151): [Thu Dec 28 12:45:02 PM CET 2023] starting server (port 2305)...
SLASS: watchdog (626151): [Thu Dec 28 12:45:07 PM CET 2023] starting server (port 2305)...
SLASS: watchdog (626151): [Thu Dec 28 12:45:12 PM CET 2023] starting server (port 2305)...
SLASS: watchdog (626151): [Thu Dec 28 12:45:17 PM CET 2023] starting server (port 2305)...
SLASS: watchdog (626151): [Thu Dec 28 12:45:23 PM CET 2023] starting server (port 2305)...
SLASS: watchdog (626151): [Thu Dec 28 12:45:28 PM CET 2023] starting server (port 2305)...
start...
watchdog (626151): [Thu Dec 28 12:41:46 PM CET 2023] starting server (port 2305)...
/home/slad/slasstesting/a3/a3srv1/arma3server: error while loading shared libraries: libsteam_api.so: cannot open shared object file: No such file or directory
watchdog (626151): [Thu Dec 28 12:41:46 PM CET 2023] server died, waiting to restart...
watchdog (626151): [Thu Dec 28 12:41:52 PM CET 2023] starting server (port 2305)...
/home/slad/slasstesting/a3/a3srv1/arma3server: error while loading shared libraries: libsteam_api.so: cannot open shared object file: No such file or directory
watchdog (626151): [Thu Dec 28 12:41:52 PM CET 2023] server died, waiting to restart...
watchdog (626151): [Thu Dec 28 12:41:57 PM CET 2023] starting server (port 2305)...
/home/slad/slasstesting/a3/a3srv1/arma3server: error while loading shared libraries: libsteam_api.so: cannot open shared object file: No such file or directory
watchdog (626151): [Thu Dec 28 12:41:57 PM CET 2023] server died, waiting to restart...
watchdog (626151): [Thu Dec 28 12:42:02 PM CET 2023] starting server (port 2305)...
/home/slad/slasstesting/a3/a3srv1/arma3server: error while loading shared libraries: libsteam_api.so: cannot open shared object file: No such file or directory
watchdog (626151): [Thu Dec 28 12:42:02 PM CET 2023] server died, waiting to restart...
watchdog (626151): [Thu Dec 28 12:42:07 PM CET 2023] starting server (port 2305)...
/home/slad/slasstesting/a3/a3srv1/arma3server: error while loading shared libraries: libsteam_api.so: cannot open shared object file: No such file or directory
watchdog (626151): [Thu Dec 28 12:42:07 PM CET 2023] server died, waiting to restart...
watchdog (626151): [Thu Dec 28 12:42:12 PM CET 2023] starting server (port 2305)...
/home/slad/slasstesting/a3/a3srv1/arma3server: error while loading shared libraries: libsteam_api.so: cannot open shared object file: No such file or directory
watchdog (626151): [Thu Dec 28 12:42:12 PM CET 2023] server died, waiting to restart...
watchdog (626151): [Thu Dec 28 12:42:17 PM CET 2023] starting server (port 2305)...
/home/slad/slasstesting/a3/a3srv1/arma3server: error while loading shared libraries: libsteam_api.so: cannot open shared object file: No such file or directory
watchdog (626151): [Thu Dec 28 12:42:17 PM CET 2023] server died, waiting to restart...
watchdog (626151): [Thu Dec 28 12:42:22 PM CET 2023] starting server (port 2305)...
/home/slad/slasstesting/a3/a3srv1/arma3server: error while loading shared libraries: libsteam_api.so: cannot open shared object file: No such file or directory
watchdog (626151): [Thu Dec 28 12:42:22 PM CET 2023] server died, waiting to restart...
watchdog (626151): [Thu Dec 28 12:42:27 PM CET 2023] starting server (port 2305)...
/home/slad/slasstesting/a3/a3srv1/arma3server: error while loading shared libraries: libsteam_api.so: cannot open shared object file: No such file or directory
watchdog (626151): [Thu Dec 28 12:42:27 PM CET 2023] server died, waiting to restart...
watchdog (626151): [Thu Dec 28 12:42:32 PM CET 2023] starting server (port 2305)...
/home/slad/slasstesting/a3/a3srv1/arma3server: error while loading shared libraries: libsteam_api.so: cannot open shared object file: No such file or directory
watchdog (626151): [Thu Dec 28 12:42:32 PM CET 2023] server died, waiting to restart...
watchdog (626151): [Thu Dec 28 12:42:37 PM CET 2023] starting server (port 2305)...
/home/slad/slasstesting/a3/a3srv1/arma3server: error while loading shared libraries: libsteam_api.so: cannot open shared object file: No such file or directory
watchdog (626151): [Thu Dec 28 12:42:37 PM CET 2023] server died, waiting to restart...
watchdog (626151): [Thu Dec 28 12:42:42 PM CET 2023] starting server (port 2305)...
/home/slad/slasstesting/a3/a3srv1/arma3server: error while loading shared libraries: libsteam_api.so: cannot open shared object file: No such file or directory
watchdog (626151): [Thu Dec 28 12:42:42 PM CET 2023] server died, waiting to restart...
watchdog (626151): [Thu Dec 28 12:42:47 PM CET 2023] starting server (port 2305)...
/home/slad/slasstesting/a3/a3srv1/arma3server: error while loading shared libraries: libsteam_api.so: cannot open shared object file: No such file or directory
watchdog (626151): [Thu Dec 28 12:42:47 PM CET 2023] server died, waiting to restart...
watchdog (626151): [Thu Dec 28 12:42:52 PM CET 2023] starting server (port 2305)...
/home/slad/slasstesting/a3/a3srv1/arma3server: error while loading shared libraries: libsteam_api.so: cannot open shared object file: No such file or directory
watchdog (626151): [Thu Dec 28 12:42:52 PM CET 2023] server died, waiting to restart...
watchdog (626151): [Thu Dec 28 12:42:57 PM CET 2023] starting server (port 2305)...
/home/slad/slasstesting/a3/a3srv1/arma3server: error while loading shared libraries: libsteam_api.so: cannot open shared object file: No such file or directory
watchdog (626151): [Thu Dec 28 12:42:57 PM CET 2023] server died, waiting to restart...
watchdog (626151): [Thu Dec 28 12:43:02 PM CET 2023] starting server (port 2305)...
/home/slad/slasstesting/a3/a3srv1/arma3server: error while loading shared libraries: libsteam_api.so: cannot open shared object file: No such file or directory
watchdog (626151): [Thu Dec 28 12:43:02 PM CET 2023] server died, waiting to restart...
watchdog (626151): [Thu Dec 28 12:43:07 PM CET 2023] starting server (port 2305)...
/home/slad/slasstesting/a3/a3srv1/arma3server: error while loading shared libraries: libsteam_api.so: cannot open shared object file: No such file or directory
watchdog (626151): [Thu Dec 28 12:43:07 PM CET 2023] server died, waiting to restart...
watchdog (626151): [Thu Dec 28 12:43:12 PM CET 2023] starting server (port 2305)...
/home/slad/slasstesting/a3/a3srv1/arma3server: error while loading shared libraries: libsteam_api.so: cannot open shared object file: No such file or directory
watchdog (626151): [Thu Dec 28 12:43:12 PM CET 2023] server died, waiting to restart...
watchdog (626151): [Thu Dec 28 12:43:17 PM CET 2023] starting server (port 2305)...
/home/slad/slasstesting/a3/a3srv1/arma3server: error while loading shared libraries: libsteam_api.so: cannot open shared object file: No such file or directory
watchdog (626151): [Thu Dec 28 12:43:17 PM CET 2023] server died, waiting to restart...
watchdog (626151): [Thu Dec 28 12:43:22 PM CET 2023] starting server (port 2305)...
/home/slad/slasstesting/a3/a3srv1/arma3server: error while loading shared libraries: libsteam_api.so: cannot open shared object file: No such file or directory
watchdog (626151): [Thu Dec 28 12:43:22 PM CET 2023] server died, waiting to restart...
watchdog (626151): [Thu Dec 28 12:43:27 PM CET 2023] starting server (port 2305)...
/home/slad/slasstesting/a3/a3srv1/arma3server: error while loading shared libraries: libsteam_api.so: cannot open shared object file: No such file or directory
watchdog (626151): [Thu Dec 28 12:43:27 PM CET 2023] server died, waiting to restart...
watchdog (626151): [Thu Dec 28 12:43:32 PM CET 2023] starting server (port 2305)...
/home/slad/slasstesting/a3/a3srv1/arma3server: error while loading shared libraries: libsteam_api.so: cannot open shared object file: No such file or directory
watchdog (626151): [Thu Dec 28 12:43:32 PM CET 2023] server died, waiting to restart...
watchdog (626151): [Thu Dec 28 12:43:37 PM CET 2023] starting server (port 2305)...
/home/slad/slasstesting/a3/a3srv1/arma3server: error while loading shared libraries: libsteam_api.so: cannot open shared object file: No such file or directory
watchdog (626151): [Thu Dec 28 12:43:37 PM CET 2023] server died, waiting to restart...
watchdog (626151): [Thu Dec 28 12:43:42 PM CET 2023] starting server (port 2305)...
/home/slad/slasstesting/a3/a3srv1/arma3server: error while loading shared libraries: libsteam_api.so: cannot open shared object file: No such file or directory
watchdog (626151): [Thu Dec 28 12:43:42 PM CET 2023] server died, waiting to restart...
watchdog (626151): [Thu Dec 28 12:43:47 PM CET 2023] starting server (port 2305)...
/home/slad/slasstesting/a3/a3srv1/arma3server: error while loading shared libraries: libsteam_api.so: cannot open shared object file: No such file or directory
watchdog (626151): [Thu Dec 28 12:43:47 PM CET 2023] server died, waiting to restart...
watchdog (626151): [Thu Dec 28 12:43:52 PM CET 2023] starting server (port 2305)...
/home/slad/slasstesting/a3/a3srv1/arma3server: error while loading shared libraries: libsteam_api.so: cannot open shared object file: No such file or directory
watchdog (626151): [Thu Dec 28 12:43:52 PM CET 2023] server died, waiting to restart...
watchdog (626151): [Thu Dec 28 12:43:57 PM CET 2023] starting server (port 2305)...
/home/slad/slasstesting/a3/a3srv1/arma3server: error while loading shared libraries: libsteam_api.so: cannot open shared object file: No such file or directory
watchdog (626151): [Thu Dec 28 12:43:57 PM CET 2023] server died, waiting to restart...
watchdog (626151): [Thu Dec 28 12:44:02 PM CET 2023] starting server (port 2305)...
/home/slad/slasstesting/a3/a3srv1/arma3server: error while loading shared libraries: libsteam_api.so: cannot open shared object file: No such file or directory
watchdog (626151): [Thu Dec 28 12:44:02 PM CET 2023] server died, waiting to restart...
watchdog (626151): [Thu Dec 28 12:44:07 PM CET 2023] starting server (port 2305)...
/home/slad/slasstesting/a3/a3srv1/arma3server: error while loading shared libraries: libsteam_api.so: cannot open shared object file: No such file or directory
watchdog (626151): [Thu Dec 28 12:44:07 PM CET 2023] server died, waiting to restart...
watchdog (626151): [Thu Dec 28 12:44:12 PM CET 2023] starting server (port 2305)...
/home/slad/slasstesting/a3/a3srv1/arma3server: error while loading shared libraries: libsteam_api.so: cannot open shared object file: No such file or directory
watchdog (626151): [Thu Dec 28 12:44:12 PM CET 2023] server died, waiting to restart...
watchdog (626151): [Thu Dec 28 12:44:17 PM CET 2023] starting server (port 2305)...
/home/slad/slasstesting/a3/a3srv1/arma3server: error while loading shared libraries: libsteam_api.so: cannot open shared object file: No such file or directory
watchdog (626151): [Thu Dec 28 12:44:17 PM CET 2023] server died, waiting to restart...
watchdog (626151): [Thu Dec 28 12:44:22 PM CET 2023] starting server (port 2305)...
/home/slad/slasstesting/a3/a3srv1/arma3server: error while loading shared libraries: libsteam_api.so: cannot open shared object file: No such file or directory
watchdog (626151): [Thu Dec 28 12:44:22 PM CET 2023] server died, waiting to restart...
watchdog (626151): [Thu Dec 28 12:44:27 PM CET 2023] starting server (port 2305)...
/home/slad/slasstesting/a3/a3srv1/arma3server: error while loading shared libraries: libsteam_api.so: cannot open shared object file: No such file or directory
watchdog (626151): [Thu Dec 28 12:44:27 PM CET 2023] server died, waiting to restart...
watchdog (626151): [Thu Dec 28 12:44:32 PM CET 2023] starting server (port 2305)...
/home/slad/slasstesting/a3/a3srv1/arma3server: error while loading shared libraries: libsteam_api.so: cannot open shared object file: No such file or directory
watchdog (626151): [Thu Dec 28 12:44:32 PM CET 2023] server died, waiting to restart...
watchdog (626151): [Thu Dec 28 12:44:37 PM CET 2023] starting server (port 2305)...
/home/slad/slasstesting/a3/a3srv1/arma3server: error while loading shared libraries: libsteam_api.so: cannot open shared object file: No such file or directory
watchdog (626151): [Thu Dec 28 12:44:37 PM CET 2023] server died, waiting to restart...
watchdog (626151): [Thu Dec 28 12:44:42 PM CET 2023] starting server (port 2305)...
/home/slad/slasstesting/a3/a3srv1/arma3server: error while loading shared libraries: libsteam_api.so: cannot open shared object file: No such file or directory
watchdog (626151): [Thu Dec 28 12:44:42 PM CET 2023] server died, waiting to restart...
watchdog (626151): [Thu Dec 28 12:44:47 PM CET 2023] starting server (port 2305)...
/home/slad/slasstesting/a3/a3srv1/arma3server: error while loading shared libraries: libsteam_api.so: cannot open shared object file: No such file or directory
watchdog (626151): [Thu Dec 28 12:44:47 PM CET 2023] server died, waiting to restart...
watchdog (626151): [Thu Dec 28 12:44:52 PM CET 2023] starting server (port 2305)...
/home/slad/slasstesting/a3/a3srv1/arma3server: error while loading shared libraries: libsteam_api.so: cannot open shared object file: No such file or directory
watchdog (626151): [Thu Dec 28 12:44:52 PM CET 2023] server died, waiting to restart...
watchdog (626151): [Thu Dec 28 12:44:57 PM CET 2023] starting server (port 2305)...
/home/slad/slasstesting/a3/a3srv1/arma3server: error while loading shared libraries: libsteam_api.so: cannot open shared object file: No such file or directory
watchdog (626151): [Thu Dec 28 12:44:57 PM CET 2023] server died, waiting to restart...
watchdog (626151): [Thu Dec 28 12:45:02 PM CET 2023] starting server (port 2305)...
/home/slad/slasstesting/a3/a3srv1/arma3server: error while loading shared libraries: libsteam_api.so: cannot open shared object file: No such file or directory
watchdog (626151): [Thu Dec 28 12:45:02 PM CET 2023] server died, waiting to restart...
watchdog (626151): [Thu Dec 28 12:45:07 PM CET 2023] starting server (port 2305)...
/home/slad/slasstesting/a3/a3srv1/arma3server: error while loading shared libraries: libsteam_api.so: cannot open shared object file: No such file or directory
watchdog (626151): [Thu Dec 28 12:45:07 PM CET 2023] server died, waiting to restart...
watchdog (626151): [Thu Dec 28 12:45:12 PM CET 2023] starting server (port 2305)...
/home/slad/slasstesting/a3/a3srv1/arma3server: error while loading shared libraries: libsteam_api.so: cannot open shared object file: No such file or directory
watchdog (626151): [Thu Dec 28 12:45:12 PM CET 2023] server died, waiting to restart...
watchdog (626151): [Thu Dec 28 12:45:17 PM CET 2023] starting server (port 2305)...
/home/slad/slasstesting/a3/a3srv1/arma3server: error while loading shared libraries: libsteam_api.so: cannot open shared object file: No such file or directory
watchdog (626151): [Thu Dec 28 12:45:17 PM CET 2023] server died, waiting to restart...
watchdog (626151): [Thu Dec 28 12:45:23 PM CET 2023] starting server (port 2305)...
/home/slad/slasstesting/a3/a3srv1/arma3server: error while loading shared libraries: libsteam_api.so: cannot open shared object file: No such file or directory
watchdog (626151): [Thu Dec 28 12:45:23 PM CET 2023] server died, waiting to restart...
watchdog (626151): [Thu Dec 28 12:45:28 PM CET 2023] starting server (port 2305)...
/home/slad/slasstesting/a3/a3srv1/arma3server: error while loading shared libraries: libsteam_api.so: cannot open shared object file: No such file or directory
watchdog (626151): [Thu Dec 28 12:45:28 PM CET 2023] server died, waiting to restart...
