SLASS: watchdog (664301): [Thu Dec 28 02:20:26 PM CET 2023] deleting all logfiles in /home/slad/slasstesting/log when older then 3 days.
SLASS: watchdog (664301): [Thu Dec 28 02:20:26 PM CET 2023] starting server (port 2302)...
SLASS: watchdog (664301): [Thu Dec 28 02:20:31 PM CET 2023] starting server (port 2302)...
SLASS: watchdog (664301): [Thu Dec 28 02:20:36 PM CET 2023] starting server (port 2302)...
SLASS: watchdog (664301): [Thu Dec 28 02:20:41 PM CET 2023] starting server (port 2302)...
SLASS: watchdog (664301): [Thu Dec 28 02:20:46 PM CET 2023] starting server (port 2302)...
SLASS: watchdog (664301): [Thu Dec 28 02:20:51 PM CET 2023] starting server (port 2302)...
SLASS: watchdog (664301): [Thu Dec 28 02:20:56 PM CET 2023] starting server (port 2302)...
SLASS: watchdog (664301): [Thu Dec 28 02:21:01 PM CET 2023] starting server (port 2302)...
SLASS: watchdog (664301): [Thu Dec 28 02:21:06 PM CET 2023] starting server (port 2302)...
SLASS: watchdog (664301): [Thu Dec 28 02:21:11 PM CET 2023] starting server (port 2302)...
SLASS: watchdog (664301): [Thu Dec 28 02:21:16 PM CET 2023] starting server (port 2302)...
SLASS: watchdog (664301): [Thu Dec 28 02:21:21 PM CET 2023] starting server (port 2302)...
SLASS: watchdog (664301): [Thu Dec 28 02:21:26 PM CET 2023] starting server (port 2302)...
SLASS: watchdog (664301): [Thu Dec 28 02:21:31 PM CET 2023] starting server (port 2302)...
SLASS: watchdog (664301): [Thu Dec 28 02:21:36 PM CET 2023] starting server (port 2302)...
SLASS: watchdog (664301): [Thu Dec 28 02:21:41 PM CET 2023] starting server (port 2302)...
SLASS: watchdog (664301): [Thu Dec 28 02:21:46 PM CET 2023] starting server (port 2302)...
SLASS: watchdog (664301): [Thu Dec 28 02:21:51 PM CET 2023] starting server (port 2302)...
SLASS: watchdog (664301): [Thu Dec 28 02:21:56 PM CET 2023] starting server (port 2302)...
SLASS: watchdog (664301): [Thu Dec 28 02:22:01 PM CET 2023] starting server (port 2302)...
SLASS: watchdog (664301): [Thu Dec 28 02:22:06 PM CET 2023] starting server (port 2302)...
SLASS: watchdog (664301): [Thu Dec 28 02:22:11 PM CET 2023] starting server (port 2302)...
SLASS: watchdog (664301): [Thu Dec 28 02:22:17 PM CET 2023] starting server (port 2302)...
SLASS: watchdog (664301): [Thu Dec 28 02:22:22 PM CET 2023] starting server (port 2302)...
SLASS: watchdog (664301): [Thu Dec 28 02:22:27 PM CET 2023] starting server (port 2302)...
SLASS: watchdog (664301): [Thu Dec 28 02:22:32 PM CET 2023] starting server (port 2302)...
SLASS: watchdog (664301): [Thu Dec 28 02:22:37 PM CET 2023] starting server (port 2302)...
SLASS: watchdog (664301): [Thu Dec 28 02:22:42 PM CET 2023] starting server (port 2302)...
SLASS: watchdog (664301): [Thu Dec 28 02:22:47 PM CET 2023] starting server (port 2302)...
SLASS: watchdog (664301): [Thu Dec 28 02:22:52 PM CET 2023] starting server (port 2302)...
SLASS: watchdog (664301): [Thu Dec 28 02:22:57 PM CET 2023] starting server (port 2302)...
SLASS: watchdog (664301): [Thu Dec 28 02:23:02 PM CET 2023] starting server (port 2302)...
SLASS: watchdog (664301): [Thu Dec 28 02:23:07 PM CET 2023] starting server (port 2302)...
SLASS: watchdog (664301): [Thu Dec 28 02:23:12 PM CET 2023] starting server (port 2302)...
SLASS: watchdog (664301): [Thu Dec 28 02:23:17 PM CET 2023] starting server (port 2302)...
SLASS: watchdog (664301): [Thu Dec 28 02:23:22 PM CET 2023] starting server (port 2302)...
SLASS: watchdog (664301): [Thu Dec 28 02:23:27 PM CET 2023] starting server (port 2302)...
SLASS: watchdog (664301): [Thu Dec 28 02:23:32 PM CET 2023] starting server (port 2302)...
SLASS: watchdog (664301): [Thu Dec 28 02:23:37 PM CET 2023] starting server (port 2302)...
SLASS: watchdog (664301): [Thu Dec 28 02:23:42 PM CET 2023] starting server (port 2302)...
ting to restart...
watchdog (664301): [Thu Dec 28 02:21:21 PM CET 2023] starting server (port 2302)...
/home/slad/slasstesting/a3/a3srv1/arma3server: error while loading shared libraries: libsteam_api.so: cannot open shared object file: No such file or directory
watchdog (664301): [Thu Dec 28 02:21:21 PM CET 2023] server died, waiting to restart...
watchdog (664301): [Thu Dec 28 02:21:26 PM CET 2023] starting server (port 2302)...
/home/slad/slasstesting/a3/a3srv1/arma3server: error while loading shared libraries: libsteam_api.so: cannot open shared object file: No such file or directory
watchdog (664301): [Thu Dec 28 02:21:26 PM CET 2023] server died, waiting to restart...
watchdog (664301): [Thu Dec 28 02:21:31 PM CET 2023] starting server (port 2302)...
/home/slad/slasstesting/a3/a3srv1/arma3server: error while loading shared libraries: libsteam_api.so: cannot open shared object file: No such file or directory
watchdog (664301): [Thu Dec 28 02:21:31 PM CET 2023] server died, waiting to restart...
watchdog (664301): [Thu Dec 28 02:21:36 PM CET 2023] starting server (port 2302)...
/home/slad/slasstesting/a3/a3srv1/arma3server: error while loading shared libraries: libsteam_api.so: cannot open shared object file: No such file or directory
watchdog (664301): [Thu Dec 28 02:21:36 PM CET 2023] server died, waiting to restart...
watchdog (664301): [Thu Dec 28 02:21:41 PM CET 2023] starting server (port 2302)...
/home/slad/slasstesting/a3/a3srv1/arma3server: error while loading shared libraries: libsteam_api.so: cannot open shared object file: No such file or directory
watchdog (664301): [Thu Dec 28 02:21:41 PM CET 2023] server died, waiting to restart...
watchdog (664301): [Thu Dec 28 02:21:46 PM CET 2023] starting server (port 2302)...
/home/slad/slasstesting/a3/a3srv1/arma3server: error while loading shared libraries: libsteam_api.so: cannot open shared object file: No such file or directory
watchdog (664301): [Thu Dec 28 02:21:46 PM CET 2023] server died, waiting to restart...
watchdog (664301): [Thu Dec 28 02:21:51 PM CET 2023] starting server (port 2302)...
/home/slad/slasstesting/a3/a3srv1/arma3server: error while loading shared libraries: libsteam_api.so: cannot open shared object file: No such file or directory
watchdog (664301): [Thu Dec 28 02:21:51 PM CET 2023] server died, waiting to restart...
watchdog (664301): [Thu Dec 28 02:21:56 PM CET 2023] starting server (port 2302)...
/home/slad/slasstesting/a3/a3srv1/arma3server: error while loading shared libraries: libsteam_api.so: cannot open shared object file: No such file or directory
watchdog (664301): [Thu Dec 28 02:21:56 PM CET 2023] server died, waiting to restart...
watchdog (664301): [Thu Dec 28 02:22:01 PM CET 2023] starting server (port 2302)...
/home/slad/slasstesting/a3/a3srv1/arma3server: error while loading shared libraries: libsteam_api.so: cannot open shared object file: No such file or directory
watchdog (664301): [Thu Dec 28 02:22:01 PM CET 2023] server died, waiting to restart...
watchdog (664301): [Thu Dec 28 02:22:06 PM CET 2023] starting server (port 2302)...
/home/slad/slasstesting/a3/a3srv1/arma3server: error while loading shared libraries: libsteam_api.so: cannot open shared object file: No such file or directory
watchdog (664301): [Thu Dec 28 02:22:06 PM CET 2023] server died, waiting to restart...
watchdog (664301): [Thu Dec 28 02:22:11 PM CET 2023] starting server (port 2302)...
/home/slad/slasstesting/a3/a3srv1/arma3server: error while loading shared libraries: libsteam_api.so: cannot open shared object file: No such file or directory
watchdog (664301): [Thu Dec 28 02:22:12 PM CET 2023] server died, waiting to restart...
watchdog (664301): [Thu Dec 28 02:22:17 PM CET 2023] starting server (port 2302)...
/home/slad/slasstesting/a3/a3srv1/arma3server: error while loading shared libraries: libsteam_api.so: cannot open shared object file: No such file or directory
watchdog (664301): [Thu Dec 28 02:22:17 PM CET 2023] server died, waiting to restart...
watchdog (664301): [Thu Dec 28 02:22:22 PM CET 2023] starting server (port 2302)...
/home/slad/slasstesting/a3/a3srv1/arma3server: error while loading shared libraries: libsteam_api.so: cannot open shared object file: No such file or directory
watchdog (664301): [Thu Dec 28 02:22:22 PM CET 2023] server died, waiting to restart...
watchdog (664301): [Thu Dec 28 02:22:27 PM CET 2023] starting server (port 2302)...
/home/slad/slasstesting/a3/a3srv1/arma3server: error while loading shared libraries: libsteam_api.so: cannot open shared object file: No such file or directory
watchdog (664301): [Thu Dec 28 02:22:27 PM CET 2023] server died, waiting to restart...
watchdog (664301): [Thu Dec 28 02:22:32 PM CET 2023] starting server (port 2302)...
/home/slad/slasstesting/a3/a3srv1/arma3server: error while loading shared libraries: libsteam_api.so: cannot open shared object file: No such file or directory
watchdog (664301): [Thu Dec 28 02:22:32 PM CET 2023] server died, waiting to restart...
watchdog (664301): [Thu Dec 28 02:22:37 PM CET 2023] starting server (port 2302)...
/home/slad/slasstesting/a3/a3srv1/arma3server: error while loading shared libraries: libsteam_api.so: cannot open shared object file: No such file or directory
watchdog (664301): [Thu Dec 28 02:22:37 PM CET 2023] server died, waiting to restart...
watchdog (664301): [Thu Dec 28 02:22:42 PM CET 2023] starting server (port 2302)...
/home/slad/slasstesting/a3/a3srv1/arma3server: error while loading shared libraries: libsteam_api.so: cannot open shared object file: No such file or directory
watchdog (664301): [Thu Dec 28 02:22:42 PM CET 2023] server died, waiting to restart...
watchdog (664301): [Thu Dec 28 02:22:47 PM CET 2023] starting server (port 2302)...
/home/slad/slasstesting/a3/a3srv1/arma3server: error while loading shared libraries: libsteam_api.so: cannot open shared object file: No such file or directory
watchdog (664301): [Thu Dec 28 02:22:47 PM CET 2023] server died, waiting to restart...
watchdog (664301): [Thu Dec 28 02:22:52 PM CET 2023] starting server (port 2302)...
/home/slad/slasstesting/a3/a3srv1/arma3server: error while loading shared libraries: libsteam_api.so: cannot open shared object file: No such file or directory
watchdog (664301): [Thu Dec 28 02:22:52 PM CET 2023] server died, waiting to restart...
watchdog (664301): [Thu Dec 28 02:22:57 PM CET 2023] starting server (port 2302)...
/home/slad/slasstesting/a3/a3srv1/arma3server: error while loading shared libraries: libsteam_api.so: cannot open shared object file: No such file or directory
watchdog (664301): [Thu Dec 28 02:22:57 PM CET 2023] server died, waiting to restart...
watchdog (664301): [Thu Dec 28 02:23:02 PM CET 2023] starting server (port 2302)...
/home/slad/slasstesting/a3/a3srv1/arma3server: error while loading shared libraries: libsteam_api.so: cannot open shared object file: No such file or directory
watchdog (664301): [Thu Dec 28 02:23:02 PM CET 2023] server died, waiting to restart...
watchdog (664301): [Thu Dec 28 02:23:07 PM CET 2023] starting server (port 2302)...
/home/slad/slasstesting/a3/a3srv1/arma3server: error while loading shared libraries: libsteam_api.so: cannot open shared object file: No such file or directory
watchdog (664301): [Thu Dec 28 02:23:07 PM CET 2023] server died, waiting to restart...
watchdog (664301): [Thu Dec 28 02:23:12 PM CET 2023] starting server (port 2302)...
/home/slad/slasstesting/a3/a3srv1/arma3server: error while loading shared libraries: libsteam_api.so: cannot open shared object file: No such file or directory
watchdog (664301): [Thu Dec 28 02:23:12 PM CET 2023] server died, waiting to restart...
watchdog (664301): [Thu Dec 28 02:23:17 PM CET 2023] starting server (port 2302)...
/home/slad/slasstesting/a3/a3srv1/arma3server: error while loading shared libraries: libsteam_api.so: cannot open shared object file: No such file or directory
watchdog (664301): [Thu Dec 28 02:23:17 PM CET 2023] server died, waiting to restart...
watchdog (664301): [Thu Dec 28 02:23:22 PM CET 2023] starting server (port 2302)...
/home/slad/slasstesting/a3/a3srv1/arma3server: error while loading shared libraries: libsteam_api.so: cannot open shared object file: No such file or directory
watchdog (664301): [Thu Dec 28 02:23:22 PM CET 2023] server died, waiting to restart...
watchdog (664301): [Thu Dec 28 02:23:27 PM CET 2023] starting server (port 2302)...
/home/slad/slasstesting/a3/a3srv1/arma3server: error while loading shared libraries: libsteam_api.so: cannot open shared object file: No such file or directory
watchdog (664301): [Thu Dec 28 02:23:27 PM CET 2023] server died, waiting to restart...
watchdog (664301): [Thu Dec 28 02:23:32 PM CET 2023] starting server (port 2302)...
/home/slad/slasstesting/a3/a3srv1/arma3server: error while loading shared libraries: libsteam_api.so: cannot open shared object file: No such file or directory
watchdog (664301): [Thu Dec 28 02:23:32 PM CET 2023] server died, waiting to restart...
watchdog (664301): [Thu Dec 28 02:23:37 PM CET 2023] starting server (port 2302)...
/home/slad/slasstesting/a3/a3srv1/arma3server: error while loading shared libraries: libsteam_api.so: cannot open shared object file: No such file or directory
watchdog (664301): [Thu Dec 28 02:23:37 PM CET 2023] server died, waiting to restart...
watchdog (664301): [Thu Dec 28 02:23:42 PM CET 2023] starting server (port 2302)...
/home/slad/slasstesting/a3/a3srv1/arma3server: error while loading shared libraries: libsteam_api.so: cannot open shared object file: No such file or directory
watchdog (664301): [Thu Dec 28 02:23:42 PM CET 2023] server died, waiting to restart...
