SLASS: loaded /home/slad/slasstesting/slass-data/function/slass/fn_stopServer.sh
SLASS: loaded /home/slad/slasstesting/slass-data/function/slass/fn_restartServer.sh
SLASS: loaded /home/slad/slasstesting/slass-data/function/slass/fn_startServer.sh
SLASS: loaded /home/slad/slasstesting/slass-data/function/slass/fn_createServer.sh
SLASS: loaded /home/slad/slasstesting/slass-data/function/installer/fn_deleteAndCreateUser.sh
SLASS: loaded /home/slad/slasstesting/slass-data/function/installer/fn_createAlias.sh
SLASS: loaded /home/slad/slasstesting/slass-data/function/common/fn_debugMessage.sh
SLASS: loaded /home/slad/slasstesting/slass-data/function/common/fn_printMessage.sh
SLASS: loaded /home/slad/slasstesting/slass-data/function/common/fn_rmserverdir.sh
SLASS: watchdog (631855): [Thu Dec 28 12:57:07 PM CET 2023] deleting all logfiles in /home/slad/slasstesting/log when older then 3 days.
SLASS: watchdog (631855): [Thu Dec 28 12:57:07 PM CET 2023] starting server (port 2302)...
SLASS: watchdog (631855): [Thu Dec 28 12:57:12 PM CET 2023] starting server (port 2302)...
SLASS: watchdog (631855): [Thu Dec 28 12:57:17 PM CET 2023] starting server (port 2302)...
SLASS: watchdog (631855): [Thu Dec 28 12:57:22 PM CET 2023] starting server (port 2302)...
SLASS: watchdog (631855): [Thu Dec 28 12:57:27 PM CET 2023] starting server (port 2302)...
SLASS: watchdog (631855): [Thu Dec 28 12:57:32 PM CET 2023] starting server (port 2302)...
SLASS: watchdog (631855): [Thu Dec 28 12:57:37 PM CET 2023] starting server (port 2302)...
SLASS: watchdog (631855): [Thu Dec 28 12:57:42 PM CET 2023] starting server (port 2302)...
SLASS: watchdog (631855): [Thu Dec 28 12:57:47 PM CET 2023] starting server (port 2302)...
SLASS: watchdog (631855): [Thu Dec 28 12:57:52 PM CET 2023] starting server (port 2302)...
SLASS: watchdog (631855): [Thu Dec 28 12:57:57 PM CET 2023] starting server (port 2302)...
SLASS: watchdog (631855): [Thu Dec 28 12:58:02 PM CET 2023] starting server (port 2302)...
SLASS: watchdog (631855): [Thu Dec 28 12:58:07 PM CET 2023] starting server (port 2302)...
SLASS: watchdog (631855): [Thu Dec 28 12:58:12 PM CET 2023] starting server (port 2302)...
SLASS: watchdog (631855): [Thu Dec 28 12:58:17 PM CET 2023] starting server (port 2302)...
SLASS: watchdog (631855): [Thu Dec 28 12:58:22 PM CET 2023] starting server (port 2302)...
SLASS: watchdog (631855): [Thu Dec 28 12:58:27 PM CET 2023] starting server (port 2302)...
SLASS: watchdog (631855): [Thu Dec 28 12:58:32 PM CET 2023] starting server (port 2302)...
SLASS: watchdog (631855): [Thu Dec 28 12:58:37 PM CET 2023] starting server (port 2302)...
SLASS: watchdog (631855): [Thu Dec 28 12:58:42 PM CET 2023] starting server (port 2302)...
SLASS: watchdog (631855): [Thu Dec 28 12:58:47 PM CET 2023] starting server (port 2302)...
SLASS: watchdog (631855): [Thu Dec 28 12:58:52 PM CET 2023] starting server (port 2302)...
SLASS: watchdog (631855): [Thu Dec 28 12:58:57 PM CET 2023] starting server (port 2302)...
SLASS: watchdog (631855): [Thu Dec 28 12:59:02 PM CET 2023] starting server (port 2302)...
SLASS: watchdog (631855): [Thu Dec 28 12:59:07 PM CET 2023] starting server (port 2302)...
SLASS: watchdog (631855): [Thu Dec 28 12:59:12 PM CET 2023] starting server (port 2302)...
SLASS: watchdog (631855): [Thu Dec 28 12:59:17 PM CET 2023] starting server (port 2302)...
SLASS: watchdog (631855): [Thu Dec 28 12:59:22 PM CET 2023] starting server (port 2302)...
SLASS: watchdog (631855): [Thu Dec 28 12:59:28 PM CET 2023] starting server (port 2302)...
SLASS: watchdog (631855): [Thu Dec 28 12:59:33 PM CET 2023] starting server (port 2302)...
SLASS: watchdog (631855): [Thu Dec 28 12:59:38 PM CET 2023] starting server (port 2302)...
SLASS: watchdog (631855): [Thu Dec 28 12:59:43 PM CET 2023] starting server (port 2302)...
SLASS: watchdog (631855): [Thu Dec 28 12:59:48 PM CET 2023] starting server (port 2302)...
SLASS: watchdog (631855): [Thu Dec 28 12:59:53 PM CET 2023] starting server (port 2302)...
SLASS: watchdog (631855): [Thu Dec 28 12:59:58 PM CET 2023] starting server (port 2302)...
SLASS: watchdog (631855): [Thu Dec 28 01:00:03 PM CET 2023] starting server (port 2302)...
SLASS: watchdog (631855): [Thu Dec 28 01:00:08 PM CET 2023] starting server (port 2302)...
SLASS: watchdog (631855): [Thu Dec 28 01:00:13 PM CET 2023] starting server (port 2302)...
SLASS: watchdog (631855): [Thu Dec 28 01:00:18 PM CET 2023] starting server (port 2302)...
SLASS: watchdog (631855): [Thu Dec 28 01:00:23 PM CET 2023] starting server (port 2302)...
SLASS: watchdog (631855): [Thu Dec 28 01:00:28 PM CET 2023] starting server (port 2302)...
SLASS: watchdog (631855): [Thu Dec 28 01:00:33 PM CET 2023] starting server (port 2302)...
SLASS: watchdog (631855): [Thu Dec 28 01:00:38 PM CET 2023] starting server (port 2302)...
SLASS: watchdog (631855): [Thu Dec 28 01:00:43 PM CET 2023] starting server (port 2302)...
SLASS: watchdog (631855): [Thu Dec 28 01:00:48 PM CET 2023] starting server (port 2302)...
SLASS: watchdog (631855): [Thu Dec 28 01:00:53 PM CET 2023] starting server (port 2302)...
SLASS: watchdog (631855): [Thu Dec 28 01:00:58 PM CET 2023] starting server (port 2302)...
SLASS: watchdog (631855): [Thu Dec 28 01:01:03 PM CET 2023] starting server (port 2302)...
SLASS: watchdog (631855): [Thu Dec 28 01:01:08 PM CET 2023] starting server (port 2302)...
SLASS: watchdog (631855): [Thu Dec 28 01:01:13 PM CET 2023] starting server (port 2302)...
SLASS: watchdog (631855): [Thu Dec 28 01:01:18 PM CET 2023] starting server (port 2302)...
SLASS: watchdog (631855): [Thu Dec 28 01:01:23 PM CET 2023] starting server (port 2302)...
SLASS: watchdog (631855): [Thu Dec 28 01:01:28 PM CET 2023] starting server (port 2302)...
SLASS: watchdog (631855): [Thu Dec 28 01:01:33 PM CET 2023] starting server (port 2302)...
SLASS: watchdog (631855): [Thu Dec 28 01:01:38 PM CET 2023] starting server (port 2302)...
SLASS: watchdog (631855): [Thu Dec 28 01:01:43 PM CET 2023] starting server (port 2302)...
SLASS: watchdog (631855): [Thu Dec 28 01:01:48 PM CET 2023] starting server (port 2302)...
SLASS: watchdog (631855): [Thu Dec 28 01:01:53 PM CET 2023] starting server (port 2302)...
SLASS: watchdog (631855): [Thu Dec 28 01:01:58 PM CET 2023] starting server (port 2302)...
SLASS: watchdog (631855): [Thu Dec 28 01:02:03 PM CET 2023] starting server (port 2302)...
SLASS: watchdog (631855): [Thu Dec 28 01:02:09 PM CET 2023] starting server (port 2302)...
SLASS: watchdog (631855): [Thu Dec 28 01:02:14 PM CET 2023] starting server (port 2302)...
SLASS: watchdog (631855): [Thu Dec 28 01:02:19 PM CET 2023] starting server (port 2302)...
SLASS: watchdog (631855): [Thu Dec 28 01:02:24 PM CET 2023] starting server (port 2302)...
team_api.so: cannot open shared object file: No such file or directory
watchdog (631855): [Thu Dec 28 12:58:32 PM CET 2023] server died, waiting to restart...
watchdog (631855): [Thu Dec 28 12:58:37 PM CET 2023] starting server (port 2302)...
/home/slad/slasstesting/a3/a3srv1/arma3server: error while loading shared libraries: libsteam_api.so: cannot open shared object file: No such file or directory
watchdog (631855): [Thu Dec 28 12:58:37 PM CET 2023] server died, waiting to restart...
watchdog (631855): [Thu Dec 28 12:58:42 PM CET 2023] starting server (port 2302)...
/home/slad/slasstesting/a3/a3srv1/arma3server: error while loading shared libraries: libsteam_api.so: cannot open shared object file: No such file or directory
watchdog (631855): [Thu Dec 28 12:58:42 PM CET 2023] server died, waiting to restart...
watchdog (631855): [Thu Dec 28 12:58:47 PM CET 2023] starting server (port 2302)...
/home/slad/slasstesting/a3/a3srv1/arma3server: error while loading shared libraries: libsteam_api.so: cannot open shared object file: No such file or directory
watchdog (631855): [Thu Dec 28 12:58:47 PM CET 2023] server died, waiting to restart...
watchdog (631855): [Thu Dec 28 12:58:52 PM CET 2023] starting server (port 2302)...
/home/slad/slasstesting/a3/a3srv1/arma3server: error while loading shared libraries: libsteam_api.so: cannot open shared object file: No such file or directory
watchdog (631855): [Thu Dec 28 12:58:52 PM CET 2023] server died, waiting to restart...
watchdog (631855): [Thu Dec 28 12:58:57 PM CET 2023] starting server (port 2302)...
/home/slad/slasstesting/a3/a3srv1/arma3server: error while loading shared libraries: libsteam_api.so: cannot open shared object file: No such file or directory
watchdog (631855): [Thu Dec 28 12:58:57 PM CET 2023] server died, waiting to restart...
watchdog (631855): [Thu Dec 28 12:59:02 PM CET 2023] starting server (port 2302)...
/home/slad/slasstesting/a3/a3srv1/arma3server: error while loading shared libraries: libsteam_api.so: cannot open shared object file: No such file or directory
watchdog (631855): [Thu Dec 28 12:59:02 PM CET 2023] server died, waiting to restart...
watchdog (631855): [Thu Dec 28 12:59:07 PM CET 2023] starting server (port 2302)...
/home/slad/slasstesting/a3/a3srv1/arma3server: error while loading shared libraries: libsteam_api.so: cannot open shared object file: No such file or directory
watchdog (631855): [Thu Dec 28 12:59:07 PM CET 2023] server died, waiting to restart...
watchdog (631855): [Thu Dec 28 12:59:12 PM CET 2023] starting server (port 2302)...
/home/slad/slasstesting/a3/a3srv1/arma3server: error while loading shared libraries: libsteam_api.so: cannot open shared object file: No such file or directory
watchdog (631855): [Thu Dec 28 12:59:12 PM CET 2023] server died, waiting to restart...
watchdog (631855): [Thu Dec 28 12:59:17 PM CET 2023] starting server (port 2302)...
/home/slad/slasstesting/a3/a3srv1/arma3server: error while loading shared libraries: libsteam_api.so: cannot open shared object file: No such file or directory
watchdog (631855): [Thu Dec 28 12:59:17 PM CET 2023] server died, waiting to restart...
watchdog (631855): [Thu Dec 28 12:59:22 PM CET 2023] starting server (port 2302)...
/home/slad/slasstesting/a3/a3srv1/arma3server: error while loading shared libraries: libsteam_api.so: cannot open shared object file: No such file or directory
watchdog (631855): [Thu Dec 28 12:59:23 PM CET 2023] server died, waiting to restart...
watchdog (631855): [Thu Dec 28 12:59:28 PM CET 2023] starting server (port 2302)...
/home/slad/slasstesting/a3/a3srv1/arma3server: error while loading shared libraries: libsteam_api.so: cannot open shared object file: No such file or directory
watchdog (631855): [Thu Dec 28 12:59:28 PM CET 2023] server died, waiting to restart...
watchdog (631855): [Thu Dec 28 12:59:33 PM CET 2023] starting server (port 2302)...
/home/slad/slasstesting/a3/a3srv1/arma3server: error while loading shared libraries: libsteam_api.so: cannot open shared object file: No such file or directory
watchdog (631855): [Thu Dec 28 12:59:33 PM CET 2023] server died, waiting to restart...
watchdog (631855): [Thu Dec 28 12:59:38 PM CET 2023] starting server (port 2302)...
/home/slad/slasstesting/a3/a3srv1/arma3server: error while loading shared libraries: libsteam_api.so: cannot open shared object file: No such file or directory
watchdog (631855): [Thu Dec 28 12:59:38 PM CET 2023] server died, waiting to restart...
watchdog (631855): [Thu Dec 28 12:59:43 PM CET 2023] starting server (port 2302)...
/home/slad/slasstesting/a3/a3srv1/arma3server: error while loading shared libraries: libsteam_api.so: cannot open shared object file: No such file or directory
watchdog (631855): [Thu Dec 28 12:59:43 PM CET 2023] server died, waiting to restart...
watchdog (631855): [Thu Dec 28 12:59:48 PM CET 2023] starting server (port 2302)...
/home/slad/slasstesting/a3/a3srv1/arma3server: error while loading shared libraries: libsteam_api.so: cannot open shared object file: No such file or directory
watchdog (631855): [Thu Dec 28 12:59:48 PM CET 2023] server died, waiting to restart...
watchdog (631855): [Thu Dec 28 12:59:53 PM CET 2023] starting server (port 2302)...
/home/slad/slasstesting/a3/a3srv1/arma3server: error while loading shared libraries: libsteam_api.so: cannot open shared object file: No such file or directory
watchdog (631855): [Thu Dec 28 12:59:53 PM CET 2023] server died, waiting to restart...
watchdog (631855): [Thu Dec 28 12:59:58 PM CET 2023] starting server (port 2302)...
/home/slad/slasstesting/a3/a3srv1/arma3server: error while loading shared libraries: libsteam_api.so: cannot open shared object file: No such file or directory
watchdog (631855): [Thu Dec 28 12:59:58 PM CET 2023] server died, waiting to restart...
watchdog (631855): [Thu Dec 28 01:00:03 PM CET 2023] starting server (port 2302)...
/home/slad/slasstesting/a3/a3srv1/arma3server: error while loading shared libraries: libsteam_api.so: cannot open shared object file: No such file or directory
watchdog (631855): [Thu Dec 28 01:00:03 PM CET 2023] server died, waiting to restart...
watchdog (631855): [Thu Dec 28 01:00:08 PM CET 2023] starting server (port 2302)...
/home/slad/slasstesting/a3/a3srv1/arma3server: error while loading shared libraries: libsteam_api.so: cannot open shared object file: No such file or directory
watchdog (631855): [Thu Dec 28 01:00:08 PM CET 2023] server died, waiting to restart...
watchdog (631855): [Thu Dec 28 01:00:13 PM CET 2023] starting server (port 2302)...
/home/slad/slasstesting/a3/a3srv1/arma3server: error while loading shared libraries: libsteam_api.so: cannot open shared object file: No such file or directory
watchdog (631855): [Thu Dec 28 01:00:13 PM CET 2023] server died, waiting to restart...
watchdog (631855): [Thu Dec 28 01:00:18 PM CET 2023] starting server (port 2302)...
/home/slad/slasstesting/a3/a3srv1/arma3server: error while loading shared libraries: libsteam_api.so: cannot open shared object file: No such file or directory
watchdog (631855): [Thu Dec 28 01:00:18 PM CET 2023] server died, waiting to restart...
watchdog (631855): [Thu Dec 28 01:00:23 PM CET 2023] starting server (port 2302)...
/home/slad/slasstesting/a3/a3srv1/arma3server: error while loading shared libraries: libsteam_api.so: cannot open shared object file: No such file or directory
watchdog (631855): [Thu Dec 28 01:00:23 PM CET 2023] server died, waiting to restart...
watchdog (631855): [Thu Dec 28 01:00:28 PM CET 2023] starting server (port 2302)...
/home/slad/slasstesting/a3/a3srv1/arma3server: error while loading shared libraries: libsteam_api.so: cannot open shared object file: No such file or directory
watchdog (631855): [Thu Dec 28 01:00:28 PM CET 2023] server died, waiting to restart...
watchdog (631855): [Thu Dec 28 01:00:33 PM CET 2023] starting server (port 2302)...
/home/slad/slasstesting/a3/a3srv1/arma3server: error while loading shared libraries: libsteam_api.so: cannot open shared object file: No such file or directory
watchdog (631855): [Thu Dec 28 01:00:33 PM CET 2023] server died, waiting to restart...
watchdog (631855): [Thu Dec 28 01:00:38 PM CET 2023] starting server (port 2302)...
/home/slad/slasstesting/a3/a3srv1/arma3server: error while loading shared libraries: libsteam_api.so: cannot open shared object file: No such file or directory
watchdog (631855): [Thu Dec 28 01:00:38 PM CET 2023] server died, waiting to restart...
watchdog (631855): [Thu Dec 28 01:00:43 PM CET 2023] starting server (port 2302)...
/home/slad/slasstesting/a3/a3srv1/arma3server: error while loading shared libraries: libsteam_api.so: cannot open shared object file: No such file or directory
watchdog (631855): [Thu Dec 28 01:00:43 PM CET 2023] server died, waiting to restart...
watchdog (631855): [Thu Dec 28 01:00:48 PM CET 2023] starting server (port 2302)...
/home/slad/slasstesting/a3/a3srv1/arma3server: error while loading shared libraries: libsteam_api.so: cannot open shared object file: No such file or directory
watchdog (631855): [Thu Dec 28 01:00:48 PM CET 2023] server died, waiting to restart...
watchdog (631855): [Thu Dec 28 01:00:53 PM CET 2023] starting server (port 2302)...
/home/slad/slasstesting/a3/a3srv1/arma3server: error while loading shared libraries: libsteam_api.so: cannot open shared object file: No such file or directory
watchdog (631855): [Thu Dec 28 01:00:53 PM CET 2023] server died, waiting to restart...
watchdog (631855): [Thu Dec 28 01:00:58 PM CET 2023] starting server (port 2302)...
/home/slad/slasstesting/a3/a3srv1/arma3server: error while loading shared libraries: libsteam_api.so: cannot open shared object file: No such file or directory
watchdog (631855): [Thu Dec 28 01:00:58 PM CET 2023] server died, waiting to restart...
watchdog (631855): [Thu Dec 28 01:01:03 PM CET 2023] starting server (port 2302)...
/home/slad/slasstesting/a3/a3srv1/arma3server: error while loading shared libraries: libsteam_api.so: cannot open shared object file: No such file or directory
watchdog (631855): [Thu Dec 28 01:01:03 PM CET 2023] server died, waiting to restart...
watchdog (631855): [Thu Dec 28 01:01:08 PM CET 2023] starting server (port 2302)...
/home/slad/slasstesting/a3/a3srv1/arma3server: error while loading shared libraries: libsteam_api.so: cannot open shared object file: No such file or directory
watchdog (631855): [Thu Dec 28 01:01:08 PM CET 2023] server died, waiting to restart...
watchdog (631855): [Thu Dec 28 01:01:13 PM CET 2023] starting server (port 2302)...
/home/slad/slasstesting/a3/a3srv1/arma3server: error while loading shared libraries: libsteam_api.so: cannot open shared object file: No such file or directory
watchdog (631855): [Thu Dec 28 01:01:13 PM CET 2023] server died, waiting to restart...
watchdog (631855): [Thu Dec 28 01:01:18 PM CET 2023] starting server (port 2302)...
/home/slad/slasstesting/a3/a3srv1/arma3server: error while loading shared libraries: libsteam_api.so: cannot open shared object file: No such file or directory
watchdog (631855): [Thu Dec 28 01:01:18 PM CET 2023] server died, waiting to restart...
watchdog (631855): [Thu Dec 28 01:01:23 PM CET 2023] starting server (port 2302)...
/home/slad/slasstesting/a3/a3srv1/arma3server: error while loading shared libraries: libsteam_api.so: cannot open shared object file: No such file or directory
watchdog (631855): [Thu Dec 28 01:01:23 PM CET 2023] server died, waiting to restart...
watchdog (631855): [Thu Dec 28 01:01:28 PM CET 2023] starting server (port 2302)...
/home/slad/slasstesting/a3/a3srv1/arma3server: error while loading shared libraries: libsteam_api.so: cannot open shared object file: No such file or directory
watchdog (631855): [Thu Dec 28 01:01:28 PM CET 2023] server died, waiting to restart...
watchdog (631855): [Thu Dec 28 01:01:33 PM CET 2023] starting server (port 2302)...
/home/slad/slasstesting/a3/a3srv1/arma3server: error while loading shared libraries: libsteam_api.so: cannot open shared object file: No such file or directory
watchdog (631855): [Thu Dec 28 01:01:33 PM CET 2023] server died, waiting to restart...
watchdog (631855): [Thu Dec 28 01:01:38 PM CET 2023] starting server (port 2302)...
/home/slad/slasstesting/a3/a3srv1/arma3server: error while loading shared libraries: libsteam_api.so: cannot open shared object file: No such file or directory
watchdog (631855): [Thu Dec 28 01:01:38 PM CET 2023] server died, waiting to restart...
watchdog (631855): [Thu Dec 28 01:01:43 PM CET 2023] starting server (port 2302)...
/home/slad/slasstesting/a3/a3srv1/arma3server: error while loading shared libraries: libsteam_api.so: cannot open shared object file: No such file or directory
watchdog (631855): [Thu Dec 28 01:01:43 PM CET 2023] server died, waiting to restart...
watchdog (631855): [Thu Dec 28 01:01:48 PM CET 2023] starting server (port 2302)...
/home/slad/slasstesting/a3/a3srv1/arma3server: error while loading shared libraries: libsteam_api.so: cannot open shared object file: No such file or directory
watchdog (631855): [Thu Dec 28 01:01:48 PM CET 2023] server died, waiting to restart...
watchdog (631855): [Thu Dec 28 01:01:53 PM CET 2023] starting server (port 2302)...
/home/slad/slasstesting/a3/a3srv1/arma3server: error while loading shared libraries: libsteam_api.so: cannot open shared object file: No such file or directory
watchdog (631855): [Thu Dec 28 01:01:53 PM CET 2023] server died, waiting to restart...
watchdog (631855): [Thu Dec 28 01:01:58 PM CET 2023] starting server (port 2302)...
/home/slad/slasstesting/a3/a3srv1/arma3server: error while loading shared libraries: libsteam_api.so: cannot open shared object file: No such file or directory
watchdog (631855): [Thu Dec 28 01:01:58 PM CET 2023] server died, waiting to restart...
watchdog (631855): [Thu Dec 28 01:02:03 PM CET 2023] starting server (port 2302)...
/home/slad/slasstesting/a3/a3srv1/arma3server: error while loading shared libraries: libsteam_api.so: cannot open shared object file: No such file or directory
watchdog (631855): [Thu Dec 28 01:02:04 PM CET 2023] server died, waiting to restart...
watchdog (631855): [Thu Dec 28 01:02:09 PM CET 2023] starting server (port 2302)...
/home/slad/slasstesting/a3/a3srv1/arma3server: error while loading shared libraries: libsteam_api.so: cannot open shared object file: No such file or directory
watchdog (631855): [Thu Dec 28 01:02:09 PM CET 2023] server died, waiting to restart...
watchdog (631855): [Thu Dec 28 01:02:14 PM CET 2023] starting server (port 2302)...
/home/slad/slasstesting/a3/a3srv1/arma3server: error while loading shared libraries: libsteam_api.so: cannot open shared object file: No such file or directory
watchdog (631855): [Thu Dec 28 01:02:14 PM CET 2023] server died, waiting to restart...
watchdog (631855): [Thu Dec 28 01:02:19 PM CET 2023] starting server (port 2302)...
/home/slad/slasstesting/a3/a3srv1/arma3server: error while loading shared libraries: libsteam_api.so: cannot open shared object file: No such file or directory
watchdog (631855): [Thu Dec 28 01:02:19 PM CET 2023] server died, waiting to restart...
watchdog (631855): [Thu Dec 28 01:02:24 PM CET 2023] starting server (port 2302)...
/home/slad/slasstesting/a3/a3srv1/arma3server: error while loading shared libraries: libsteam_api.so: cannot open shared object file: No such file or directory
watchdog (631855): [Thu Dec 28 01:02:24 PM CET 2023] server died, waiting to restart...
