/home/slad/slasstesting/a3/a3srv1/startparameters_1.scfg: line 3: Dessau: command not found
/home/slad/slasstesting/a3/a3srv1/startparameters_1.scfg: line 13: _mods/@em: No such file or directory
/home/slad/slasstesting/a3/a3srv1/startparameters_1.scfg: line 13: gm: command not found
/home/slad/slasstesting/a3/a3srv1/startparameters_1.scfg: line 14: _mods/@slmd: No such file or directory
/home/slad/slasstesting/a3/a3srv1/startparameters_1.scfg: line 14: _mods/@slz: No such file or directory
SLASS: loaded /home/slad/slasstesting/slass-data/function/slass/fn_stopServer.sh
SLASS: loaded /home/slad/slasstesting/slass-data/function/slass/fn_restartServer.sh
SLASS: loaded /home/slad/slasstesting/slass-data/function/slass/fn_startServer.sh
SLASS: loaded /home/slad/slasstesting/slass-data/function/slass/fn_createServer.sh
SLASS: loaded /home/slad/slasstesting/slass-data/function/installer/fn_deleteAndCreateUser.sh
SLASS: loaded /home/slad/slasstesting/slass-data/function/installer/fn_createAlias.sh
SLASS: loaded /home/slad/slasstesting/slass-data/function/common/fn_debugMessage.sh
SLASS: loaded /home/slad/slasstesting/slass-data/function/common/fn_printMessage.sh
SLASS: watchdog (295595): [Tue Dec 26 05:22:38 PM CET 2023] deleting all logfiles in /home/slad/slasstesting/log when older then 3 days.
SLASS: watchdog (295595): [Tue Dec 26 05:22:38 PM CET 2023] starting server (port 2302)...
SLASS: watchdog (295595): [Tue Dec 26 05:22:43 PM CET 2023] starting server (port 2302)...
SLASS: watchdog (295595): [Tue Dec 26 05:22:48 PM CET 2023] starting server (port 2302)...
SLASS: watchdog (295595): [Tue Dec 26 05:22:53 PM CET 2023] starting server (port 2302)...
SLASS: watchdog (295595): [Tue Dec 26 05:22:58 PM CET 2023] starting server (port 2302)...
SLASS: watchdog (295595): [Tue Dec 26 05:23:03 PM CET 2023] starting server (port 2302)...
SLASS: watchdog (295595): [Tue Dec 26 05:23:08 PM CET 2023] starting server (port 2302)...
SLASS: watchdog (295595): [Tue Dec 26 05:23:13 PM CET 2023] starting server (port 2302)...
SLASS: watchdog (295595): [Tue Dec 26 05:23:18 PM CET 2023] starting server (port 2302)...
SLASS: watchdog (295595): [Tue Dec 26 05:23:23 PM CET 2023] starting server (port 2302)...
SLASS: watchdog (295595): [Tue Dec 26 05:23:28 PM CET 2023] starting server (port 2302)...
SLASS: watchdog (295595): [Tue Dec 26 05:23:33 PM CET 2023] starting server (port 2302)...
SLASS: watchdog (295595): [Tue Dec 26 05:23:38 PM CET 2023] starting server (port 2302)...
SLASS: watchdog (295595): [Tue Dec 26 05:23:43 PM CET 2023] starting server (port 2302)...
SLASS: watchdog (295595): [Tue Dec 26 05:23:48 PM CET 2023] starting server (port 2302)...
SLASS: watchdog (295595): [Tue Dec 26 05:23:53 PM CET 2023] starting server (port 2302)...
SLASS: watchdog (295595): [Tue Dec 26 05:23:58 PM CET 2023] starting server (port 2302)...
SLASS: watchdog (295595): [Tue Dec 26 05:24:03 PM CET 2023] starting server (port 2302)...
SLASS: watchdog (295595): [Tue Dec 26 05:24:09 PM CET 2023] starting server (port 2302)...
SLASS: watchdog (295595): [Tue Dec 26 05:24:14 PM CET 2023] starting server (port 2302)...
SLASS: watchdog (295595): [Tue Dec 26 05:24:19 PM CET 2023] starting server (port 2302)...
SLASS: watchdog (295595): [Tue Dec 26 05:24:24 PM CET 2023] starting server (port 2302)...
SLASS: watchdog (295595): [Tue Dec 26 05:24:29 PM CET 2023] starting server (port 2302)...
SLASS: watchdog (295595): [Tue Dec 26 05:24:34 PM CET 2023] starting server (port 2302)...
SLASS: watchdog (295595): [Tue Dec 26 05:24:39 PM CET 2023] starting server (port 2302)...
SLASS: watchdog (295595): [Tue Dec 26 05:24:44 PM CET 2023] starting server (port 2302)...
SLASS: watchdog (295595): [Tue Dec 26 05:24:49 PM CET 2023] starting server (port 2302)...
SLASS: watchdog (295595): [Tue Dec 26 05:24:54 PM CET 2023] starting server (port 2302)...
SLASS: watchdog (295595): [Tue Dec 26 05:24:59 PM CET 2023] starting server (port 2302)...
SLASS: watchdog (295595): [Tue Dec 26 05:25:04 PM CET 2023] starting server (port 2302)...
SLASS: watchdog (295595): [Tue Dec 26 05:25:09 PM CET 2023] starting server (port 2302)...
SLASS: watchdog (295595): [Tue Dec 26 05:25:14 PM CET 2023] starting server (port 2302)...
SLASS: watchdog (295595): [Tue Dec 26 05:25:19 PM CET 2023] starting server (port 2302)...
SLASS: watchdog (295595): [Tue Dec 26 05:25:24 PM CET 2023] starting server (port 2302)...
SLASS: watchdog (295595): [Tue Dec 26 05:25:29 PM CET 2023] starting server (port 2302)...
SLASS: watchdog (295595): [Tue Dec 26 05:25:34 PM CET 2023] starting server (port 2302)...
SLASS: watchdog (295595): [Tue Dec 26 05:25:39 PM CET 2023] starting server (port 2302)...
SLASS: watchdog (295595): [Tue Dec 26 05:25:44 PM CET 2023] starting server (port 2302)...
SLASS: watchdog (295595): [Tue Dec 26 05:25:49 PM CET 2023] starting server (port 2302)...
SLASS: watchdog (295595): [Tue Dec 26 05:25:54 PM CET 2023] starting server (port 2302)...
SLASS: watchdog (295595): [Tue Dec 26 05:25:59 PM CET 2023] starting server (port 2302)...
SLASS: watchdog (295595): [Tue Dec 26 05:26:04 PM CET 2023] starting server (port 2302)...
SLASS: watchdog (295595): [Tue Dec 26 05:26:09 PM CET 2023] starting server (port 2302)...
SLASS: watchdog (295595): [Tue Dec 26 05:26:14 PM CET 2023] starting server (port 2302)...
SLASS: watchdog (295595): [Tue Dec 26 05:26:19 PM CET 2023] starting server (port 2302)...
SLASS: watchdog (295595): [Tue Dec 26 05:26:24 PM CET 2023] starting server (port 2302)...
SLASS: watchdog (295595): [Tue Dec 26 05:26:29 PM CET 2023] starting server (port 2302)...
SLASS: watchdog (295595): [Tue Dec 26 05:26:34 PM CET 2023] starting server (port 2302)...
SLASS: watchdog (295595): [Tue Dec 26 05:26:39 PM CET 2023] starting server (port 2302)...
SLASS: watchdog (295595): [Tue Dec 26 05:26:44 PM CET 2023] starting server (port 2302)...
SLASS: watchdog (295595): [Tue Dec 26 05:26:49 PM CET 2023] starting server (port 2302)...
SLASS: watchdog (295595): [Tue Dec 26 05:26:54 PM CET 2023] starting server (port 2302)...
SLASS: watchdog (295595): [Tue Dec 26 05:26:59 PM CET 2023] starting server (port 2302)...
 libsteam_api.so: cannot open shared object file: No such file or directory
watchdog (295595): [Tue Dec 26 05:23:48 PM CET 2023] server died, waiting to restart...
watchdog (295595): [Tue Dec 26 05:23:53 PM CET 2023] starting server (port 2302)...
/home/slad/slasstesting/a3/a3srv1/arma3server: error while loading shared libraries: libsteam_api.so: cannot open shared object file: No such file or directory
watchdog (295595): [Tue Dec 26 05:23:53 PM CET 2023] server died, waiting to restart...
watchdog (295595): [Tue Dec 26 05:23:58 PM CET 2023] starting server (port 2302)...
/home/slad/slasstesting/a3/a3srv1/arma3server: error while loading shared libraries: libsteam_api.so: cannot open shared object file: No such file or directory
watchdog (295595): [Tue Dec 26 05:23:58 PM CET 2023] server died, waiting to restart...
watchdog (295595): [Tue Dec 26 05:24:03 PM CET 2023] starting server (port 2302)...
/home/slad/slasstesting/a3/a3srv1/arma3server: error while loading shared libraries: libsteam_api.so: cannot open shared object file: No such file or directory
watchdog (295595): [Tue Dec 26 05:24:04 PM CET 2023] server died, waiting to restart...
watchdog (295595): [Tue Dec 26 05:24:09 PM CET 2023] starting server (port 2302)...
/home/slad/slasstesting/a3/a3srv1/arma3server: error while loading shared libraries: libsteam_api.so: cannot open shared object file: No such file or directory
watchdog (295595): [Tue Dec 26 05:24:09 PM CET 2023] server died, waiting to restart...
watchdog (295595): [Tue Dec 26 05:24:14 PM CET 2023] starting server (port 2302)...
/home/slad/slasstesting/a3/a3srv1/arma3server: error while loading shared libraries: libsteam_api.so: cannot open shared object file: No such file or directory
watchdog (295595): [Tue Dec 26 05:24:14 PM CET 2023] server died, waiting to restart...
watchdog (295595): [Tue Dec 26 05:24:19 PM CET 2023] starting server (port 2302)...
/home/slad/slasstesting/a3/a3srv1/arma3server: error while loading shared libraries: libsteam_api.so: cannot open shared object file: No such file or directory
watchdog (295595): [Tue Dec 26 05:24:19 PM CET 2023] server died, waiting to restart...
watchdog (295595): [Tue Dec 26 05:24:24 PM CET 2023] starting server (port 2302)...
/home/slad/slasstesting/a3/a3srv1/arma3server: error while loading shared libraries: libsteam_api.so: cannot open shared object file: No such file or directory
watchdog (295595): [Tue Dec 26 05:24:24 PM CET 2023] server died, waiting to restart...
watchdog (295595): [Tue Dec 26 05:24:29 PM CET 2023] starting server (port 2302)...
/home/slad/slasstesting/a3/a3srv1/arma3server: error while loading shared libraries: libsteam_api.so: cannot open shared object file: No such file or directory
watchdog (295595): [Tue Dec 26 05:24:29 PM CET 2023] server died, waiting to restart...
watchdog (295595): [Tue Dec 26 05:24:34 PM CET 2023] starting server (port 2302)...
/home/slad/slasstesting/a3/a3srv1/arma3server: error while loading shared libraries: libsteam_api.so: cannot open shared object file: No such file or directory
watchdog (295595): [Tue Dec 26 05:24:34 PM CET 2023] server died, waiting to restart...
watchdog (295595): [Tue Dec 26 05:24:39 PM CET 2023] starting server (port 2302)...
/home/slad/slasstesting/a3/a3srv1/arma3server: error while loading shared libraries: libsteam_api.so: cannot open shared object file: No such file or directory
watchdog (295595): [Tue Dec 26 05:24:39 PM CET 2023] server died, waiting to restart...
watchdog (295595): [Tue Dec 26 05:24:44 PM CET 2023] starting server (port 2302)...
/home/slad/slasstesting/a3/a3srv1/arma3server: error while loading shared libraries: libsteam_api.so: cannot open shared object file: No such file or directory
watchdog (295595): [Tue Dec 26 05:24:44 PM CET 2023] server died, waiting to restart...
watchdog (295595): [Tue Dec 26 05:24:49 PM CET 2023] starting server (port 2302)...
/home/slad/slasstesting/a3/a3srv1/arma3server: error while loading shared libraries: libsteam_api.so: cannot open shared object file: No such file or directory
watchdog (295595): [Tue Dec 26 05:24:49 PM CET 2023] server died, waiting to restart...
watchdog (295595): [Tue Dec 26 05:24:54 PM CET 2023] starting server (port 2302)...
/home/slad/slasstesting/a3/a3srv1/arma3server: error while loading shared libraries: libsteam_api.so: cannot open shared object file: No such file or directory
watchdog (295595): [Tue Dec 26 05:24:54 PM CET 2023] server died, waiting to restart...
watchdog (295595): [Tue Dec 26 05:24:59 PM CET 2023] starting server (port 2302)...
/home/slad/slasstesting/a3/a3srv1/arma3server: error while loading shared libraries: libsteam_api.so: cannot open shared object file: No such file or directory
watchdog (295595): [Tue Dec 26 05:24:59 PM CET 2023] server died, waiting to restart...
watchdog (295595): [Tue Dec 26 05:25:04 PM CET 2023] starting server (port 2302)...
/home/slad/slasstesting/a3/a3srv1/arma3server: error while loading shared libraries: libsteam_api.so: cannot open shared object file: No such file or directory
watchdog (295595): [Tue Dec 26 05:25:04 PM CET 2023] server died, waiting to restart...
watchdog (295595): [Tue Dec 26 05:25:09 PM CET 2023] starting server (port 2302)...
/home/slad/slasstesting/a3/a3srv1/arma3server: error while loading shared libraries: libsteam_api.so: cannot open shared object file: No such file or directory
watchdog (295595): [Tue Dec 26 05:25:09 PM CET 2023] server died, waiting to restart...
watchdog (295595): [Tue Dec 26 05:25:14 PM CET 2023] starting server (port 2302)...
/home/slad/slasstesting/a3/a3srv1/arma3server: error while loading shared libraries: libsteam_api.so: cannot open shared object file: No such file or directory
watchdog (295595): [Tue Dec 26 05:25:14 PM CET 2023] server died, waiting to restart...
watchdog (295595): [Tue Dec 26 05:25:19 PM CET 2023] starting server (port 2302)...
/home/slad/slasstesting/a3/a3srv1/arma3server: error while loading shared libraries: libsteam_api.so: cannot open shared object file: No such file or directory
watchdog (295595): [Tue Dec 26 05:25:19 PM CET 2023] server died, waiting to restart...
watchdog (295595): [Tue Dec 26 05:25:24 PM CET 2023] starting server (port 2302)...
/home/slad/slasstesting/a3/a3srv1/arma3server: error while loading shared libraries: libsteam_api.so: cannot open shared object file: No such file or directory
watchdog (295595): [Tue Dec 26 05:25:24 PM CET 2023] server died, waiting to restart...
watchdog (295595): [Tue Dec 26 05:25:29 PM CET 2023] starting server (port 2302)...
/home/slad/slasstesting/a3/a3srv1/arma3server: error while loading shared libraries: libsteam_api.so: cannot open shared object file: No such file or directory
watchdog (295595): [Tue Dec 26 05:25:29 PM CET 2023] server died, waiting to restart...
watchdog (295595): [Tue Dec 26 05:25:34 PM CET 2023] starting server (port 2302)...
/home/slad/slasstesting/a3/a3srv1/arma3server: error while loading shared libraries: libsteam_api.so: cannot open shared object file: No such file or directory
watchdog (295595): [Tue Dec 26 05:25:34 PM CET 2023] server died, waiting to restart...
watchdog (295595): [Tue Dec 26 05:25:39 PM CET 2023] starting server (port 2302)...
/home/slad/slasstesting/a3/a3srv1/arma3server: error while loading shared libraries: libsteam_api.so: cannot open shared object file: No such file or directory
watchdog (295595): [Tue Dec 26 05:25:39 PM CET 2023] server died, waiting to restart...
watchdog (295595): [Tue Dec 26 05:25:44 PM CET 2023] starting server (port 2302)...
/home/slad/slasstesting/a3/a3srv1/arma3server: error while loading shared libraries: libsteam_api.so: cannot open shared object file: No such file or directory
watchdog (295595): [Tue Dec 26 05:25:44 PM CET 2023] server died, waiting to restart...
watchdog (295595): [Tue Dec 26 05:25:49 PM CET 2023] starting server (port 2302)...
/home/slad/slasstesting/a3/a3srv1/arma3server: error while loading shared libraries: libsteam_api.so: cannot open shared object file: No such file or directory
watchdog (295595): [Tue Dec 26 05:25:49 PM CET 2023] server died, waiting to restart...
watchdog (295595): [Tue Dec 26 05:25:54 PM CET 2023] starting server (port 2302)...
/home/slad/slasstesting/a3/a3srv1/arma3server: error while loading shared libraries: libsteam_api.so: cannot open shared object file: No such file or directory
watchdog (295595): [Tue Dec 26 05:25:54 PM CET 2023] server died, waiting to restart...
watchdog (295595): [Tue Dec 26 05:25:59 PM CET 2023] starting server (port 2302)...
/home/slad/slasstesting/a3/a3srv1/arma3server: error while loading shared libraries: libsteam_api.so: cannot open shared object file: No such file or directory
watchdog (295595): [Tue Dec 26 05:25:59 PM CET 2023] server died, waiting to restart...
watchdog (295595): [Tue Dec 26 05:26:04 PM CET 2023] starting server (port 2302)...
/home/slad/slasstesting/a3/a3srv1/arma3server: error while loading shared libraries: libsteam_api.so: cannot open shared object file: No such file or directory
watchdog (295595): [Tue Dec 26 05:26:04 PM CET 2023] server died, waiting to restart...
watchdog (295595): [Tue Dec 26 05:26:09 PM CET 2023] starting server (port 2302)...
/home/slad/slasstesting/a3/a3srv1/arma3server: error while loading shared libraries: libsteam_api.so: cannot open shared object file: No such file or directory
watchdog (295595): [Tue Dec 26 05:26:09 PM CET 2023] server died, waiting to restart...
watchdog (295595): [Tue Dec 26 05:26:14 PM CET 2023] starting server (port 2302)...
/home/slad/slasstesting/a3/a3srv1/arma3server: error while loading shared libraries: libsteam_api.so: cannot open shared object file: No such file or directory
watchdog (295595): [Tue Dec 26 05:26:14 PM CET 2023] server died, waiting to restart...
watchdog (295595): [Tue Dec 26 05:26:19 PM CET 2023] starting server (port 2302)...
/home/slad/slasstesting/a3/a3srv1/arma3server: error while loading shared libraries: libsteam_api.so: cannot open shared object file: No such file or directory
watchdog (295595): [Tue Dec 26 05:26:19 PM CET 2023] server died, waiting to restart...
watchdog (295595): [Tue Dec 26 05:26:24 PM CET 2023] starting server (port 2302)...
/home/slad/slasstesting/a3/a3srv1/arma3server: error while loading shared libraries: libsteam_api.so: cannot open shared object file: No such file or directory
watchdog (295595): [Tue Dec 26 05:26:24 PM CET 2023] server died, waiting to restart...
watchdog (295595): [Tue Dec 26 05:26:29 PM CET 2023] starting server (port 2302)...
/home/slad/slasstesting/a3/a3srv1/arma3server: error while loading shared libraries: libsteam_api.so: cannot open shared object file: No such file or directory
watchdog (295595): [Tue Dec 26 05:26:29 PM CET 2023] server died, waiting to restart...
watchdog (295595): [Tue Dec 26 05:26:34 PM CET 2023] starting server (port 2302)...
/home/slad/slasstesting/a3/a3srv1/arma3server: error while loading shared libraries: libsteam_api.so: cannot open shared object file: No such file or directory
watchdog (295595): [Tue Dec 26 05:26:34 PM CET 2023] server died, waiting to restart...
watchdog (295595): [Tue Dec 26 05:26:39 PM CET 2023] starting server (port 2302)...
/home/slad/slasstesting/a3/a3srv1/arma3server: error while loading shared libraries: libsteam_api.so: cannot open shared object file: No such file or directory
watchdog (295595): [Tue Dec 26 05:26:39 PM CET 2023] server died, waiting to restart...
watchdog (295595): [Tue Dec 26 05:26:44 PM CET 2023] starting server (port 2302)...
/home/slad/slasstesting/a3/a3srv1/arma3server: error while loading shared libraries: libsteam_api.so: cannot open shared object file: No such file or directory
watchdog (295595): [Tue Dec 26 05:26:44 PM CET 2023] server died, waiting to restart...
watchdog (295595): [Tue Dec 26 05:26:49 PM CET 2023] starting server (port 2302)...
/home/slad/slasstesting/a3/a3srv1/arma3server: error while loading shared libraries: libsteam_api.so: cannot open shared object file: No such file or directory
watchdog (295595): [Tue Dec 26 05:26:49 PM CET 2023] server died, waiting to restart...
watchdog (295595): [Tue Dec 26 05:26:54 PM CET 2023] starting server (port 2302)...
/home/slad/slasstesting/a3/a3srv1/arma3server: error while loading shared libraries: libsteam_api.so: cannot open shared object file: No such file or directory
watchdog (295595): [Tue Dec 26 05:26:54 PM CET 2023] server died, waiting to restart...
watchdog (295595): [Tue Dec 26 05:26:59 PM CET 2023] starting server (port 2302)...
/home/slad/slasstesting/a3/a3srv1/arma3server: error while loading shared libraries: libsteam_api.so: cannot open shared object file: No such file or directory
watchdog (295595): [Tue Dec 26 05:26:59 PM CET 2023] server died, waiting to restart...
