SLASS: loaded /home/slad/slasstesting/slass-data/function/slass/fn_stopServer.sh
SLASS: loaded /home/slad/slasstesting/slass-data/function/slass/fn_restartServer.sh
SLASS: loaded /home/slad/slasstesting/slass-data/function/slass/fn_startServer.sh
SLASS: loaded /home/slad/slasstesting/slass-data/function/slass/fn_createServer.sh
SLASS: loaded /home/slad/slasstesting/slass-data/function/installer/fn_deleteAndCreateUser.sh
SLASS: loaded /home/slad/slasstesting/slass-data/function/installer/fn_createAlias.sh
SLASS: loaded /home/slad/slasstesting/slass-data/function/common/fn_debugMessage.sh
SLASS: loaded /home/slad/slasstesting/slass-data/function/common/fn_printMessage.sh
SLASS: watchdog (301117): [Tue Dec 26 05:41:06 PM CET 2023] deleting all logfiles in /home/slad/slasstesting/log when older then 3 days.
SLASS: watchdog (301117): [Tue Dec 26 05:41:06 PM CET 2023] starting server (port 2302)...
SLASS: watchdog (301117): [Tue Dec 26 05:41:11 PM CET 2023] starting server (port 2302)...
SLASS: watchdog (301117): [Tue Dec 26 05:41:16 PM CET 2023] starting server (port 2302)...
SLASS: watchdog (301117): [Tue Dec 26 05:41:21 PM CET 2023] starting server (port 2302)...
SLASS: watchdog (301117): [Tue Dec 26 05:41:26 PM CET 2023] starting server (port 2302)...
SLASS: watchdog (301117): [Tue Dec 26 05:41:31 PM CET 2023] starting server (port 2302)...
SLASS: watchdog (301117): [Tue Dec 26 05:41:36 PM CET 2023] starting server (port 2302)...
SLASS: watchdog (301117): [Tue Dec 26 05:41:41 PM CET 2023] starting server (port 2302)...
SLASS: watchdog (301117): [Tue Dec 26 05:41:46 PM CET 2023] starting server (port 2302)...
ng shared libraries: libsteam_api.so: cannot open shared object file: No such file or directory
watchdog (301117): [Tue Dec 26 05:41:16 PM CET 2023] server died, waiting to restart...
watchdog (301117): [Tue Dec 26 05:41:21 PM CET 2023] starting server (port 2302)...
/home/slad/slasstesting/a3/a3srv1/arma3server: error while loading shared libraries: libsteam_api.so: cannot open shared object file: No such file or directory
watchdog (301117): [Tue Dec 26 05:41:21 PM CET 2023] server died, waiting to restart...
watchdog (301117): [Tue Dec 26 05:41:26 PM CET 2023] starting server (port 2302)...
/home/slad/slasstesting/a3/a3srv1/arma3server: error while loading shared libraries: libsteam_api.so: cannot open shared object file: No such file or directory
watchdog (301117): [Tue Dec 26 05:41:26 PM CET 2023] server died, waiting to restart...
watchdog (301117): [Tue Dec 26 05:41:31 PM CET 2023] starting server (port 2302)...
/home/slad/slasstesting/a3/a3srv1/arma3server: error while loading shared libraries: libsteam_api.so: cannot open shared object file: No such file or directory
watchdog (301117): [Tue Dec 26 05:41:31 PM CET 2023] server died, waiting to restart...
watchdog (301117): [Tue Dec 26 05:41:36 PM CET 2023] starting server (port 2302)...
/home/slad/slasstesting/a3/a3srv1/arma3server: error while loading shared libraries: libsteam_api.so: cannot open shared object file: No such file or directory
watchdog (301117): [Tue Dec 26 05:41:36 PM CET 2023] server died, waiting to restart...
watchdog (301117): [Tue Dec 26 05:41:41 PM CET 2023] starting server (port 2302)...
/home/slad/slasstesting/a3/a3srv1/arma3server: error while loading shared libraries: libsteam_api.so: cannot open shared object file: No such file or directory
watchdog (301117): [Tue Dec 26 05:41:41 PM CET 2023] server died, waiting to restart...
watchdog (301117): [Tue Dec 26 05:41:46 PM CET 2023] starting server (port 2302)...
/home/slad/slasstesting/a3/a3srv1/arma3server: error while loading shared libraries: libsteam_api.so: cannot open shared object file: No such file or directory
watchdog (301117): [Tue Dec 26 05:41:46 PM CET 2023] server died, waiting to restart...
