/home/slad/slasstesting/a3/a3srv1/startparameters_1.scfg: line 3: Dessau: command not found
/home/slad/slasstesting/a3/a3srv1/startparameters_1.scfg: line 13: _mods/@em: No such file or directory
/home/slad/slasstesting/a3/a3srv1/startparameters_1.scfg: line 13: gm: command not found
/home/slad/slasstesting/a3/a3srv1/startparameters_1.scfg: line 14: _mods/@slmd: No such file or directory
/home/slad/slasstesting/a3/a3srv1/startparameters_1.scfg: line 14: _mods/@slz: No such file or directory
SLASS: loaded /home/slad/slasstesting/slass-data/function/slass/fn_stopServer.sh
SLASS: loaded /home/slad/slasstesting/slass-data/function/slass/fn_restartServer.sh
SLASS: loaded /home/slad/slasstesting/slass-data/function/slass/fn_startServer.sh
SLASS: loaded /home/slad/slasstesting/slass-data/function/slass/fn_createServer.sh
SLASS: loaded /home/slad/slasstesting/slass-data/function/installer/fn_deleteAndCreateUser.sh
SLASS: loaded /home/slad/slasstesting/slass-data/function/installer/fn_createAlias.sh
SLASS: loaded /home/slad/slasstesting/slass-data/function/common/fn_debugMessage.sh
SLASS: loaded /home/slad/slasstesting/slass-data/function/common/fn_printMessage.sh
SLASS: watchdog (291564): [Tue Dec 26 05:12:16 PM CET 2023] deleting all logfiles in /home/slad/slasstesting/log when older then 3 days.
find: ‘/home/slad/slasstesting/log/a3srv1_hc1_2023-12-22_22:57:43.log’: No such file or directory
find: ‘/home/slad/slasstesting/log/a3srv1_hc1_2023-12-22_22:35:29.log’: No such file or directory
find: ‘/home/slad/slasstesting/log/a3srv1_hc1_2023-12-22_22:42:58.log’: No such file or directory
SLASS: watchdog (291564): [Tue Dec 26 05:12:16 PM CET 2023] starting server (port 2302)...
SLASS: watchdog (291564): [Tue Dec 26 05:12:22 PM CET 2023] starting server (port 2302)...
SLASS: watchdog (291564): [Tue Dec 26 05:12:27 PM CET 2023] starting server (port 2302)...
SLASS: watchdog (291564): [Tue Dec 26 05:12:32 PM CET 2023] starting server (port 2302)...
SLASS: watchdog (291564): [Tue Dec 26 05:12:37 PM CET 2023] starting server (port 2302)...
SLASS: watchdog (291564): [Tue Dec 26 05:12:42 PM CET 2023] starting server (port 2302)...
SLASS: watchdog (291564): [Tue Dec 26 05:12:47 PM CET 2023] starting server (port 2302)...
SLASS: watchdog (291564): [Tue Dec 26 05:12:52 PM CET 2023] starting server (port 2302)...
SLASS: watchdog (291564): [Tue Dec 26 05:12:57 PM CET 2023] starting server (port 2302)...
SLASS: watchdog (291564): [Tue Dec 26 05:13:02 PM CET 2023] starting server (port 2302)...
SLASS: watchdog (291564): [Tue Dec 26 05:13:07 PM CET 2023] starting server (port 2302)...
SLASS: watchdog (291564): [Tue Dec 26 05:13:12 PM CET 2023] starting server (port 2302)...
SLASS: watchdog (291564): [Tue Dec 26 05:13:17 PM CET 2023] starting server (port 2302)...
SLASS: watchdog (291564): [Tue Dec 26 05:13:22 PM CET 2023] starting server (port 2302)...
SLASS: watchdog (291564): [Tue Dec 26 05:13:27 PM CET 2023] starting server (port 2302)...
SLASS: watchdog (291564): [Tue Dec 26 05:13:32 PM CET 2023] starting server (port 2302)...
SLASS: watchdog (291564): [Tue Dec 26 05:13:37 PM CET 2023] starting server (port 2302)...
SLASS: watchdog (291564): [Tue Dec 26 05:13:42 PM CET 2023] starting server (port 2302)...
SLASS: watchdog (291564): [Tue Dec 26 05:13:47 PM CET 2023] starting server (port 2302)...
SLASS: watchdog (291564): [Tue Dec 26 05:13:52 PM CET 2023] starting server (port 2302)...
SLASS: watchdog (291564): [Tue Dec 26 05:13:57 PM CET 2023] starting server (port 2302)...
SLASS: watchdog (291564): [Tue Dec 26 05:14:02 PM CET 2023] starting server (port 2302)...
SLASS: watchdog (291564): [Tue Dec 26 05:14:07 PM CET 2023] starting server (port 2302)...
2)...
sudo: unable to read password: Input/output error
sudo: a password is required
watchdog (291564): [Tue Dec 26 05:12:57 PM CET 2023] server died, waiting to restart...
watchdog (291564): [Tue Dec 26 05:13:02 PM CET 2023] starting server (port 2302)...
sudo: unable to read password: Input/output error
sudo: a password is required
watchdog (291564): [Tue Dec 26 05:13:02 PM CET 2023] server died, waiting to restart...
watchdog (291564): [Tue Dec 26 05:13:07 PM CET 2023] starting server (port 2302)...
sudo: unable to read password: Input/output error
sudo: a password is required
watchdog (291564): [Tue Dec 26 05:13:07 PM CET 2023] server died, waiting to restart...
watchdog (291564): [Tue Dec 26 05:13:12 PM CET 2023] starting server (port 2302)...
sudo: unable to read password: Input/output error
sudo: a password is required
watchdog (291564): [Tue Dec 26 05:13:12 PM CET 2023] server died, waiting to restart...
watchdog (291564): [Tue Dec 26 05:13:17 PM CET 2023] starting server (port 2302)...
sudo: a terminal is required to read the password; either use the -S option to read from standard input or configure an askpass helper
sudo: a password is required
watchdog (291564): [Tue Dec 26 05:13:17 PM CET 2023] server died, waiting to restart...
watchdog (291564): [Tue Dec 26 05:13:22 PM CET 2023] starting server (port 2302)...
sudo: a terminal is required to read the password; either use the -S option to read from standard input or configure an askpass helper
sudo: a password is required
watchdog (291564): [Tue Dec 26 05:13:22 PM CET 2023] server died, waiting to restart...
watchdog (291564): [Tue Dec 26 05:13:27 PM CET 2023] starting server (port 2302)...
sudo: a terminal is required to read the password; either use the -S option to read from standard input or configure an askpass helper
sudo: a password is required
watchdog (291564): [Tue Dec 26 05:13:27 PM CET 2023] server died, waiting to restart...
watchdog (291564): [Tue Dec 26 05:13:32 PM CET 2023] starting server (port 2302)...
sudo: a terminal is required to read the password; either use the -S option to read from standard input or configure an askpass helper
sudo: a password is required
watchdog (291564): [Tue Dec 26 05:13:32 PM CET 2023] server died, waiting to restart...
watchdog (291564): [Tue Dec 26 05:13:37 PM CET 2023] starting server (port 2302)...
sudo: a terminal is required to read the password; either use the -S option to read from standard input or configure an askpass helper
sudo: a password is required
watchdog (291564): [Tue Dec 26 05:13:37 PM CET 2023] server died, waiting to restart...
watchdog (291564): [Tue Dec 26 05:13:42 PM CET 2023] starting server (port 2302)...
sudo: a terminal is required to read the password; either use the -S option to read from standard input or configure an askpass helper
sudo: a password is required
watchdog (291564): [Tue Dec 26 05:13:42 PM CET 2023] server died, waiting to restart...
watchdog (291564): [Tue Dec 26 05:13:47 PM CET 2023] starting server (port 2302)...
sudo: a terminal is required to read the password; either use the -S option to read from standard input or configure an askpass helper
sudo: a password is required
watchdog (291564): [Tue Dec 26 05:13:47 PM CET 2023] server died, waiting to restart...
watchdog (291564): [Tue Dec 26 05:13:52 PM CET 2023] starting server (port 2302)...
sudo: a terminal is required to read the password; either use the -S option to read from standard input or configure an askpass helper
sudo: a password is required
watchdog (291564): [Tue Dec 26 05:13:52 PM CET 2023] server died, waiting to restart...
watchdog (291564): [Tue Dec 26 05:13:57 PM CET 2023] starting server (port 2302)...
sudo: a terminal is required to read the password; either use the -S option to read from standard input or configure an askpass helper
sudo: a password is required
watchdog (291564): [Tue Dec 26 05:13:57 PM CET 2023] server died, waiting to restart...
watchdog (291564): [Tue Dec 26 05:14:02 PM CET 2023] starting server (port 2302)...
sudo: a terminal is required to read the password; either use the -S option to read from standard input or configure an askpass helper
sudo: a password is required
watchdog (291564): [Tue Dec 26 05:14:02 PM CET 2023] server died, waiting to restart...
watchdog (291564): [Tue Dec 26 05:14:07 PM CET 2023] starting server (port 2302)...
sudo: a terminal is required to read the password; either use the -S option to read from standard input or configure an askpass helper
sudo: a password is required
watchdog (291564): [Tue Dec 26 05:14:07 PM CET 2023] server died, waiting to restart...
