SLASS: loaded /home/slad/slasstesting/slass-data/function/slass/fn_stopServer.sh
SLASS: loaded /home/slad/slasstesting/slass-data/function/slass/fn_restartServer.sh
SLASS: loaded /home/slad/slasstesting/slass-data/function/slass/fn_startServer.sh
SLASS: loaded /home/slad/slasstesting/slass-data/function/slass/fn_createServer.sh
SLASS: loaded /home/slad/slasstesting/slass-data/function/installer/fn_deleteAndCreateUser.sh
SLASS: loaded /home/slad/slasstesting/slass-data/function/installer/fn_createAlias.sh
SLASS: loaded /home/slad/slasstesting/slass-data/function/common/fn_debugMessage.sh
SLASS: loaded /home/slad/slasstesting/slass-data/function/common/fn_printMessage.sh
SLASS: watchdog (304555): [Tue Dec 26 05:47:30 PM CET 2023] deleting all logfiles in /home/slad/slasstesting/log when older then 3 days.
SLASS: watchdog (304555): [Tue Dec 26 05:47:30 PM CET 2023] starting server (port 2302)...
SLASS: watchdog (304555): [Tue Dec 26 05:47:35 PM CET 2023] starting server (port 2302)...
SLASS: watchdog (304555): [Tue Dec 26 05:47:40 PM CET 2023] starting server (port 2302)...
SLASS: watchdog (304555): [Tue Dec 26 05:47:45 PM CET 2023] starting server (port 2302)...
ec 26 05:47:35 PM CET 2023] starting server (port 2302)...
/home/slad/slasstesting/a3/a3srv1/arma3server: error while loading shared libraries: libsteam_api.so: cannot open shared object file: No such file or directory
watchdog (304555): [Tue Dec 26 05:47:35 PM CET 2023] server died, waiting to restart...
watchdog (304555): [Tue Dec 26 05:47:40 PM CET 2023] starting server (port 2302)...
/home/slad/slasstesting/a3/a3srv1/arma3server: error while loading shared libraries: libsteam_api.so: cannot open shared object file: No such file or directory
watchdog (304555): [Tue Dec 26 05:47:40 PM CET 2023] server died, waiting to restart...
watchdog (304555): [Tue Dec 26 05:47:45 PM CET 2023] starting server (port 2302)...
/home/slad/slasstesting/a3/a3srv1/arma3server: error while loading shared libraries: libsteam_api.so: cannot open shared object file: No such file or directory
watchdog (304555): [Tue Dec 26 05:47:45 PM CET 2023] server died, waiting to restart...
