SLASS: watchdog (694540): [Thu Dec 28 05:55:33 PM CET 2023] deleting all logfiles in /home/slad/slasstesting/log when older then 3 days.
SLASS: watchdog (694540): [Thu Dec 28 05:55:33 PM CET 2023] starting server (port 2332)...
SLASS: watchdog (694540): [Thu Dec 28 05:55:38 PM CET 2023] starting server (port 2332)...
SLASS: watchdog (694540): [Thu Dec 28 05:55:43 PM CET 2023] starting server (port 2332)...
SLASS: watchdog (694540): [Thu Dec 28 05:55:48 PM CET 2023] starting server (port 2332)...
SLASS: watchdog (694540): [Thu Dec 28 05:55:53 PM CET 2023] starting server (port 2332)...
SLASS: watchdog (694540): [Thu Dec 28 05:55:58 PM CET 2023] starting server (port 2332)...
SLASS: watchdog (694540): [Thu Dec 28 05:56:04 PM CET 2023] starting server (port 2332)...
SLASS: watchdog (694540): [Thu Dec 28 05:56:09 PM CET 2023] starting server (port 2332)...
SLASS: watchdog (694540): [Thu Dec 28 05:56:14 PM CET 2023] starting server (port 2332)...
SLASS: watchdog (694540): [Thu Dec 28 05:56:19 PM CET 2023] starting server (port 2332)...
SLASS: watchdog (694540): [Thu Dec 28 05:56:24 PM CET 2023] starting server (port 2332)...
SLASS: watchdog (694540): [Thu Dec 28 05:56:29 PM CET 2023] starting server (port 2332)...
SLASS: watchdog (694540): [Thu Dec 28 05:56:34 PM CET 2023] starting server (port 2332)...
SLASS: watchdog (694540): [Thu Dec 28 05:56:39 PM CET 2023] starting server (port 2332)...
SLASS: watchdog (694540): [Thu Dec 28 05:56:44 PM CET 2023] starting server (port 2332)...
d password: Input/output error
sudo: a password is required
watchdog (694540): [Thu Dec 28 05:55:59 PM CET 2023] server died, waiting to restart...
watchdog (694540): [Thu Dec 28 05:56:04 PM CET 2023] starting server (port 2332)...
sudo: unable to read password: Input/output error
sudo: a password is required
watchdog (694540): [Thu Dec 28 05:56:04 PM CET 2023] server died, waiting to restart...
watchdog (694540): [Thu Dec 28 05:56:09 PM CET 2023] starting server (port 2332)...
sudo: unable to read password: Input/output error
sudo: a password is required
watchdog (694540): [Thu Dec 28 05:56:09 PM CET 2023] server died, waiting to restart...
watchdog (694540): [Thu Dec 28 05:56:14 PM CET 2023] starting server (port 2332)...
sudo: unable to read password: Input/output error
sudo: a password is required
watchdog (694540): [Thu Dec 28 05:56:14 PM CET 2023] server died, waiting to restart...
watchdog (694540): [Thu Dec 28 05:56:19 PM CET 2023] starting server (port 2332)...
sudo: unable to read password: Input/output error
sudo: a password is required
watchdog (694540): [Thu Dec 28 05:56:19 PM CET 2023] server died, waiting to restart...
watchdog (694540): [Thu Dec 28 05:56:24 PM CET 2023] starting server (port 2332)...
sudo: unable to read password: Input/output error
sudo: a password is required
watchdog (694540): [Thu Dec 28 05:56:24 PM CET 2023] server died, waiting to restart...
watchdog (694540): [Thu Dec 28 05:56:29 PM CET 2023] starting server (port 2332)...
sudo: unable to read password: Input/output error
sudo: a password is required
watchdog (694540): [Thu Dec 28 05:56:29 PM CET 2023] server died, waiting to restart...
watchdog (694540): [Thu Dec 28 05:56:34 PM CET 2023] starting server (port 2332)...
sudo: unable to read password: Input/output error
sudo: a password is required
watchdog (694540): [Thu Dec 28 05:56:34 PM CET 2023] server died, waiting to restart...
watchdog (694540): [Thu Dec 28 05:56:39 PM CET 2023] starting server (port 2332)...
sudo: unable to read password: Input/output error
sudo: a password is required
watchdog (694540): [Thu Dec 28 05:56:39 PM CET 2023] server died, waiting to restart...
watchdog (694540): [Thu Dec 28 05:56:44 PM CET 2023] starting server (port 2332)...
sudo: unable to read password: Input/output error
sudo: a password is required
watchdog (694540): [Thu Dec 28 05:56:44 PM CET 2023] server died, waiting to restart...
