/home/slad/slasstesting/a3/a3srv1/startparameters_1.scfg: line 3: Dessau: command not found
/home/slad/slasstesting/a3/a3srv1/startparameters_1.scfg: line 13: _mods/@em: No such file or directory
/home/slad/slasstesting/a3/a3srv1/startparameters_1.scfg: line 13: gm: command not found
/home/slad/slasstesting/a3/a3srv1/startparameters_1.scfg: line 14: _mods/@slmd: No such file or directory
/home/slad/slasstesting/a3/a3srv1/startparameters_1.scfg: line 14: _mods/@slz: No such file or directory
SLASS: loaded /home/slad/slasstesting/slass-data/function/slass/fn_stopServer.sh
SLASS: loaded /home/slad/slasstesting/slass-data/function/slass/fn_restartServer.sh
SLASS: loaded /home/slad/slasstesting/slass-data/function/slass/fn_startServer.sh
SLASS: loaded /home/slad/slasstesting/slass-data/function/slass/fn_createServer.sh
SLASS: loaded /home/slad/slasstesting/slass-data/function/installer/fn_deleteAndCreateUser.sh
SLASS: loaded /home/slad/slasstesting/slass-data/function/installer/fn_createAlias.sh
SLASS: loaded /home/slad/slasstesting/slass-data/function/common/fn_debugMessage.sh
SLASS: loaded /home/slad/slasstesting/slass-data/function/common/fn_printMessage.sh
SLASS: watchdog (293144): [Tue Dec 26 05:15:53 PM CET 2023] deleting all logfiles in /home/slad/slasstesting/log when older then 3 days.
SLASS: watchdog (293144): [Tue Dec 26 05:15:53 PM CET 2023] starting server (port 2302)...
SLASS: watchdog (293144): [Tue Dec 26 05:15:58 PM CET 2023] starting server (port 2302)...
SLASS: watchdog (293144): [Tue Dec 26 05:16:04 PM CET 2023] starting server (port 2302)...
SLASS: watchdog (293144): [Tue Dec 26 05:16:09 PM CET 2023] starting server (port 2302)...
SLASS: watchdog (293144): [Tue Dec 26 05:16:14 PM CET 2023] starting server (port 2302)...
SLASS: watchdog (293144): [Tue Dec 26 05:16:19 PM CET 2023] starting server (port 2302)...
SLASS: watchdog (293144): [Tue Dec 26 05:16:24 PM CET 2023] starting server (port 2302)...
SLASS: watchdog (293144): [Tue Dec 26 05:16:29 PM CET 2023] starting server (port 2302)...
SLASS: watchdog (293144): [Tue Dec 26 05:16:34 PM CET 2023] starting server (port 2302)...
SLASS: watchdog (293144): [Tue Dec 26 05:16:39 PM CET 2023] starting server (port 2302)...
SLASS: watchdog (293144): [Tue Dec 26 05:16:44 PM CET 2023] starting server (port 2302)...
SLASS: watchdog (293144): [Tue Dec 26 05:16:49 PM CET 2023] starting server (port 2302)...
SLASS: watchdog (293144): [Tue Dec 26 05:16:54 PM CET 2023] starting server (port 2302)...
SLASS: watchdog (293144): [Tue Dec 26 05:16:59 PM CET 2023] starting server (port 2302)...
SLASS: watchdog (293144): [Tue Dec 26 05:17:04 PM CET 2023] starting server (port 2302)...
SLASS: watchdog (293144): [Tue Dec 26 05:17:09 PM CET 2023] starting server (port 2302)...
SLASS: watchdog (293144): [Tue Dec 26 05:17:14 PM CET 2023] starting server (port 2302)...
SLASS: watchdog (293144): [Tue Dec 26 05:17:19 PM CET 2023] starting server (port 2302)...
SLASS: watchdog (293144): [Tue Dec 26 05:17:24 PM CET 2023] starting server (port 2302)...
SLASS: watchdog (293144): [Tue Dec 26 05:17:29 PM CET 2023] starting server (port 2302)...
SLASS: watchdog (293144): [Tue Dec 26 05:17:34 PM CET 2023] starting server (port 2302)...
SLASS: watchdog (293144): [Tue Dec 26 05:17:39 PM CET 2023] starting server (port 2302)...
SLASS: watchdog (293144): [Tue Dec 26 05:17:44 PM CET 2023] starting server (port 2302)...
SLASS: watchdog (293144): [Tue Dec 26 05:17:49 PM CET 2023] starting server (port 2302)...
SLASS: watchdog (293144): [Tue Dec 26 05:17:54 PM CET 2023] starting server (port 2302)...
SLASS: watchdog (293144): [Tue Dec 26 05:17:59 PM CET 2023] starting server (port 2302)...
SLASS: watchdog (293144): [Tue Dec 26 05:18:04 PM CET 2023] starting server (port 2302)...
SLASS: watchdog (293144): [Tue Dec 26 05:18:09 PM CET 2023] starting server (port 2302)...
SLASS: watchdog (293144): [Tue Dec 26 05:18:14 PM CET 2023] starting server (port 2302)...
SLASS: watchdog (293144): [Tue Dec 26 05:18:19 PM CET 2023] starting server (port 2302)...
SLASS: watchdog (293144): [Tue Dec 26 05:18:24 PM CET 2023] starting server (port 2302)...
SLASS: watchdog (293144): [Tue Dec 26 05:18:29 PM CET 2023] starting server (port 2302)...
SLASS: watchdog (293144): [Tue Dec 26 05:18:34 PM CET 2023] starting server (port 2302)...
SLASS: watchdog (293144): [Tue Dec 26 05:18:39 PM CET 2023] starting server (port 2302)...
SLASS: watchdog (293144): [Tue Dec 26 05:18:44 PM CET 2023] starting server (port 2302)...
SLASS: watchdog (293144): [Tue Dec 26 05:18:49 PM CET 2023] starting server (port 2302)...
SLASS: watchdog (293144): [Tue Dec 26 05:18:54 PM CET 2023] starting server (port 2302)...
SLASS: watchdog (293144): [Tue Dec 26 05:18:59 PM CET 2023] starting server (port 2302)...
SLASS: watchdog (293144): [Tue Dec 26 05:19:04 PM CET 2023] starting server (port 2302)...
SLASS: watchdog (293144): [Tue Dec 26 05:19:09 PM CET 2023] starting server (port 2302)...
SLASS: watchdog (293144): [Tue Dec 26 05:19:14 PM CET 2023] starting server (port 2302)...
SLASS: watchdog (293144): [Tue Dec 26 05:19:19 PM CET 2023] starting server (port 2302)...
SLASS: watchdog (293144): [Tue Dec 26 05:19:24 PM CET 2023] starting server (port 2302)...
SLASS: watchdog (293144): [Tue Dec 26 05:19:29 PM CET 2023] starting server (port 2302)...
SLASS: watchdog (293144): [Tue Dec 26 05:19:34 PM CET 2023] starting server (port 2302)...
SLASS: watchdog (293144): [Tue Dec 26 05:19:40 PM CET 2023] starting server (port 2302)...
SLASS: watchdog (293144): [Tue Dec 26 05:19:45 PM CET 2023] starting server (port 2302)...
SLASS: watchdog (293144): [Tue Dec 26 05:19:50 PM CET 2023] starting server (port 2302)...
SLASS: watchdog (293144): [Tue Dec 26 05:19:55 PM CET 2023] starting server (port 2302)...
SLASS: watchdog (293144): [Tue Dec 26 05:20:00 PM CET 2023] starting server (port 2302)...
SLASS: watchdog (293144): [Tue Dec 26 05:20:05 PM CET 2023] starting server (port 2302)...
SLASS: watchdog (293144): [Tue Dec 26 05:20:10 PM CET 2023] starting server (port 2302)...
SLASS: watchdog (293144): [Tue Dec 26 05:20:15 PM CET 2023] starting server (port 2302)...
SLASS: watchdog (293144): [Tue Dec 26 05:20:20 PM CET 2023] starting server (port 2302)...
SLASS: watchdog (293144): [Tue Dec 26 05:20:25 PM CET 2023] starting server (port 2302)...
SLASS: watchdog (293144): [Tue Dec 26 05:20:30 PM CET 2023] starting server (port 2302)...
SLASS: watchdog (293144): [Tue Dec 26 05:20:35 PM CET 2023] starting server (port 2302)...
SLASS: watchdog (293144): [Tue Dec 26 05:20:40 PM CET 2023] starting server (port 2302)...
SLASS: watchdog (293144): [Tue Dec 26 05:20:45 PM CET 2023] starting server (port 2302)...
SLASS: watchdog (293144): [Tue Dec 26 05:20:50 PM CET 2023] starting server (port 2302)...
SLASS: watchdog (293144): [Tue Dec 26 05:20:55 PM CET 2023] starting server (port 2302)...
SLASS: watchdog (293144): [Tue Dec 26 05:21:00 PM CET 2023] starting server (port 2302)...
SLASS: watchdog (293144): [Tue Dec 26 05:21:05 PM CET 2023] starting server (port 2302)...
SLASS: watchdog (293144): [Tue Dec 26 05:21:10 PM CET 2023] starting server (port 2302)...
SLASS: watchdog (293144): [Tue Dec 26 05:21:15 PM CET 2023] starting server (port 2302)...
SLASS: watchdog (293144): [Tue Dec 26 05:21:20 PM CET 2023] starting server (port 2302)...
SLASS: watchdog (293144): [Tue Dec 26 05:21:25 PM CET 2023] starting server (port 2302)...
SLASS: watchdog (293144): [Tue Dec 26 05:21:30 PM CET 2023] starting server (port 2302)...
SLASS: watchdog (293144): [Tue Dec 26 05:21:35 PM CET 2023] starting server (port 2302)...
SLASS: watchdog (293144): [Tue Dec 26 05:21:40 PM CET 2023] starting server (port 2302)...
arting server (port 2302)...
/home/slad/slasstesting/a3/a3srv1/arma3server: error while loading shared libraries: libsteam_api.so: cannot open shared object file: No such file or directory
watchdog (293144): [Tue Dec 26 05:17:29 PM CET 2023] server died, waiting to restart...
watchdog (293144): [Tue Dec 26 05:17:34 PM CET 2023] starting server (port 2302)...
/home/slad/slasstesting/a3/a3srv1/arma3server: error while loading shared libraries: libsteam_api.so: cannot open shared object file: No such file or directory
watchdog (293144): [Tue Dec 26 05:17:34 PM CET 2023] server died, waiting to restart...
watchdog (293144): [Tue Dec 26 05:17:39 PM CET 2023] starting server (port 2302)...
/home/slad/slasstesting/a3/a3srv1/arma3server: error while loading shared libraries: libsteam_api.so: cannot open shared object file: No such file or directory
watchdog (293144): [Tue Dec 26 05:17:39 PM CET 2023] server died, waiting to restart...
watchdog (293144): [Tue Dec 26 05:17:44 PM CET 2023] starting server (port 2302)...
/home/slad/slasstesting/a3/a3srv1/arma3server: error while loading shared libraries: libsteam_api.so: cannot open shared object file: No such file or directory
watchdog (293144): [Tue Dec 26 05:17:44 PM CET 2023] server died, waiting to restart...
watchdog (293144): [Tue Dec 26 05:17:49 PM CET 2023] starting server (port 2302)...
/home/slad/slasstesting/a3/a3srv1/arma3server: error while loading shared libraries: libsteam_api.so: cannot open shared object file: No such file or directory
watchdog (293144): [Tue Dec 26 05:17:49 PM CET 2023] server died, waiting to restart...
watchdog (293144): [Tue Dec 26 05:17:54 PM CET 2023] starting server (port 2302)...
/home/slad/slasstesting/a3/a3srv1/arma3server: error while loading shared libraries: libsteam_api.so: cannot open shared object file: No such file or directory
watchdog (293144): [Tue Dec 26 05:17:54 PM CET 2023] server died, waiting to restart...
watchdog (293144): [Tue Dec 26 05:17:59 PM CET 2023] starting server (port 2302)...
/home/slad/slasstesting/a3/a3srv1/arma3server: error while loading shared libraries: libsteam_api.so: cannot open shared object file: No such file or directory
watchdog (293144): [Tue Dec 26 05:17:59 PM CET 2023] server died, waiting to restart...
watchdog (293144): [Tue Dec 26 05:18:04 PM CET 2023] starting server (port 2302)...
/home/slad/slasstesting/a3/a3srv1/arma3server: error while loading shared libraries: libsteam_api.so: cannot open shared object file: No such file or directory
watchdog (293144): [Tue Dec 26 05:18:04 PM CET 2023] server died, waiting to restart...
watchdog (293144): [Tue Dec 26 05:18:09 PM CET 2023] starting server (port 2302)...
/home/slad/slasstesting/a3/a3srv1/arma3server: error while loading shared libraries: libsteam_api.so: cannot open shared object file: No such file or directory
watchdog (293144): [Tue Dec 26 05:18:09 PM CET 2023] server died, waiting to restart...
watchdog (293144): [Tue Dec 26 05:18:14 PM CET 2023] starting server (port 2302)...
/home/slad/slasstesting/a3/a3srv1/arma3server: error while loading shared libraries: libsteam_api.so: cannot open shared object file: No such file or directory
watchdog (293144): [Tue Dec 26 05:18:14 PM CET 2023] server died, waiting to restart...
watchdog (293144): [Tue Dec 26 05:18:19 PM CET 2023] starting server (port 2302)...
/home/slad/slasstesting/a3/a3srv1/arma3server: error while loading shared libraries: libsteam_api.so: cannot open shared object file: No such file or directory
watchdog (293144): [Tue Dec 26 05:18:19 PM CET 2023] server died, waiting to restart...
watchdog (293144): [Tue Dec 26 05:18:24 PM CET 2023] starting server (port 2302)...
/home/slad/slasstesting/a3/a3srv1/arma3server: error while loading shared libraries: libsteam_api.so: cannot open shared object file: No such file or directory
watchdog (293144): [Tue Dec 26 05:18:24 PM CET 2023] server died, waiting to restart...
watchdog (293144): [Tue Dec 26 05:18:29 PM CET 2023] starting server (port 2302)...
/home/slad/slasstesting/a3/a3srv1/arma3server: error while loading shared libraries: libsteam_api.so: cannot open shared object file: No such file or directory
watchdog (293144): [Tue Dec 26 05:18:29 PM CET 2023] server died, waiting to restart...
watchdog (293144): [Tue Dec 26 05:18:34 PM CET 2023] starting server (port 2302)...
/home/slad/slasstesting/a3/a3srv1/arma3server: error while loading shared libraries: libsteam_api.so: cannot open shared object file: No such file or directory
watchdog (293144): [Tue Dec 26 05:18:34 PM CET 2023] server died, waiting to restart...
watchdog (293144): [Tue Dec 26 05:18:39 PM CET 2023] starting server (port 2302)...
/home/slad/slasstesting/a3/a3srv1/arma3server: error while loading shared libraries: libsteam_api.so: cannot open shared object file: No such file or directory
watchdog (293144): [Tue Dec 26 05:18:39 PM CET 2023] server died, waiting to restart...
watchdog (293144): [Tue Dec 26 05:18:44 PM CET 2023] starting server (port 2302)...
/home/slad/slasstesting/a3/a3srv1/arma3server: error while loading shared libraries: libsteam_api.so: cannot open shared object file: No such file or directory
watchdog (293144): [Tue Dec 26 05:18:44 PM CET 2023] server died, waiting to restart...
watchdog (293144): [Tue Dec 26 05:18:49 PM CET 2023] starting server (port 2302)...
/home/slad/slasstesting/a3/a3srv1/arma3server: error while loading shared libraries: libsteam_api.so: cannot open shared object file: No such file or directory
watchdog (293144): [Tue Dec 26 05:18:49 PM CET 2023] server died, waiting to restart...
watchdog (293144): [Tue Dec 26 05:18:54 PM CET 2023] starting server (port 2302)...
/home/slad/slasstesting/a3/a3srv1/arma3server: error while loading shared libraries: libsteam_api.so: cannot open shared object file: No such file or directory
watchdog (293144): [Tue Dec 26 05:18:54 PM CET 2023] server died, waiting to restart...
watchdog (293144): [Tue Dec 26 05:18:59 PM CET 2023] starting server (port 2302)...
/home/slad/slasstesting/a3/a3srv1/arma3server: error while loading shared libraries: libsteam_api.so: cannot open shared object file: No such file or directory
watchdog (293144): [Tue Dec 26 05:18:59 PM CET 2023] server died, waiting to restart...
watchdog (293144): [Tue Dec 26 05:19:04 PM CET 2023] starting server (port 2302)...
/home/slad/slasstesting/a3/a3srv1/arma3server: error while loading shared libraries: libsteam_api.so: cannot open shared object file: No such file or directory
watchdog (293144): [Tue Dec 26 05:19:04 PM CET 2023] server died, waiting to restart...
watchdog (293144): [Tue Dec 26 05:19:09 PM CET 2023] starting server (port 2302)...
/home/slad/slasstesting/a3/a3srv1/arma3server: error while loading shared libraries: libsteam_api.so: cannot open shared object file: No such file or directory
watchdog (293144): [Tue Dec 26 05:19:09 PM CET 2023] server died, waiting to restart...
watchdog (293144): [Tue Dec 26 05:19:14 PM CET 2023] starting server (port 2302)...
/home/slad/slasstesting/a3/a3srv1/arma3server: error while loading shared libraries: libsteam_api.so: cannot open shared object file: No such file or directory
watchdog (293144): [Tue Dec 26 05:19:14 PM CET 2023] server died, waiting to restart...
watchdog (293144): [Tue Dec 26 05:19:19 PM CET 2023] starting server (port 2302)...
/home/slad/slasstesting/a3/a3srv1/arma3server: error while loading shared libraries: libsteam_api.so: cannot open shared object file: No such file or directory
watchdog (293144): [Tue Dec 26 05:19:19 PM CET 2023] server died, waiting to restart...
watchdog (293144): [Tue Dec 26 05:19:24 PM CET 2023] starting server (port 2302)...
/home/slad/slasstesting/a3/a3srv1/arma3server: error while loading shared libraries: libsteam_api.so: cannot open shared object file: No such file or directory
watchdog (293144): [Tue Dec 26 05:19:24 PM CET 2023] server died, waiting to restart...
watchdog (293144): [Tue Dec 26 05:19:29 PM CET 2023] starting server (port 2302)...
/home/slad/slasstesting/a3/a3srv1/arma3server: error while loading shared libraries: libsteam_api.so: cannot open shared object file: No such file or directory
watchdog (293144): [Tue Dec 26 05:19:29 PM CET 2023] server died, waiting to restart...
watchdog (293144): [Tue Dec 26 05:19:34 PM CET 2023] starting server (port 2302)...
/home/slad/slasstesting/a3/a3srv1/arma3server: error while loading shared libraries: libsteam_api.so: cannot open shared object file: No such file or directory
watchdog (293144): [Tue Dec 26 05:19:35 PM CET 2023] server died, waiting to restart...
watchdog (293144): [Tue Dec 26 05:19:40 PM CET 2023] starting server (port 2302)...
/home/slad/slasstesting/a3/a3srv1/arma3server: error while loading shared libraries: libsteam_api.so: cannot open shared object file: No such file or directory
watchdog (293144): [Tue Dec 26 05:19:40 PM CET 2023] server died, waiting to restart...
watchdog (293144): [Tue Dec 26 05:19:45 PM CET 2023] starting server (port 2302)...
/home/slad/slasstesting/a3/a3srv1/arma3server: error while loading shared libraries: libsteam_api.so: cannot open shared object file: No such file or directory
watchdog (293144): [Tue Dec 26 05:19:45 PM CET 2023] server died, waiting to restart...
watchdog (293144): [Tue Dec 26 05:19:50 PM CET 2023] starting server (port 2302)...
/home/slad/slasstesting/a3/a3srv1/arma3server: error while loading shared libraries: libsteam_api.so: cannot open shared object file: No such file or directory
watchdog (293144): [Tue Dec 26 05:19:50 PM CET 2023] server died, waiting to restart...
watchdog (293144): [Tue Dec 26 05:19:55 PM CET 2023] starting server (port 2302)...
/home/slad/slasstesting/a3/a3srv1/arma3server: error while loading shared libraries: libsteam_api.so: cannot open shared object file: No such file or directory
watchdog (293144): [Tue Dec 26 05:19:55 PM CET 2023] server died, waiting to restart...
watchdog (293144): [Tue Dec 26 05:20:00 PM CET 2023] starting server (port 2302)...
/home/slad/slasstesting/a3/a3srv1/arma3server: error while loading shared libraries: libsteam_api.so: cannot open shared object file: No such file or directory
watchdog (293144): [Tue Dec 26 05:20:00 PM CET 2023] server died, waiting to restart...
watchdog (293144): [Tue Dec 26 05:20:05 PM CET 2023] starting server (port 2302)...
/home/slad/slasstesting/a3/a3srv1/arma3server: error while loading shared libraries: libsteam_api.so: cannot open shared object file: No such file or directory
watchdog (293144): [Tue Dec 26 05:20:05 PM CET 2023] server died, waiting to restart...
watchdog (293144): [Tue Dec 26 05:20:10 PM CET 2023] starting server (port 2302)...
/home/slad/slasstesting/a3/a3srv1/arma3server: error while loading shared libraries: libsteam_api.so: cannot open shared object file: No such file or directory
watchdog (293144): [Tue Dec 26 05:20:10 PM CET 2023] server died, waiting to restart...
watchdog (293144): [Tue Dec 26 05:20:15 PM CET 2023] starting server (port 2302)...
/home/slad/slasstesting/a3/a3srv1/arma3server: error while loading shared libraries: libsteam_api.so: cannot open shared object file: No such file or directory
watchdog (293144): [Tue Dec 26 05:20:15 PM CET 2023] server died, waiting to restart...
watchdog (293144): [Tue Dec 26 05:20:20 PM CET 2023] starting server (port 2302)...
/home/slad/slasstesting/a3/a3srv1/arma3server: error while loading shared libraries: libsteam_api.so: cannot open shared object file: No such file or directory
watchdog (293144): [Tue Dec 26 05:20:20 PM CET 2023] server died, waiting to restart...
watchdog (293144): [Tue Dec 26 05:20:25 PM CET 2023] starting server (port 2302)...
/home/slad/slasstesting/a3/a3srv1/arma3server: error while loading shared libraries: libsteam_api.so: cannot open shared object file: No such file or directory
watchdog (293144): [Tue Dec 26 05:20:25 PM CET 2023] server died, waiting to restart...
watchdog (293144): [Tue Dec 26 05:20:30 PM CET 2023] starting server (port 2302)...
/home/slad/slasstesting/a3/a3srv1/arma3server: error while loading shared libraries: libsteam_api.so: cannot open shared object file: No such file or directory
watchdog (293144): [Tue Dec 26 05:20:30 PM CET 2023] server died, waiting to restart...
watchdog (293144): [Tue Dec 26 05:20:35 PM CET 2023] starting server (port 2302)...
/home/slad/slasstesting/a3/a3srv1/arma3server: error while loading shared libraries: libsteam_api.so: cannot open shared object file: No such file or directory
watchdog (293144): [Tue Dec 26 05:20:35 PM CET 2023] server died, waiting to restart...
watchdog (293144): [Tue Dec 26 05:20:40 PM CET 2023] starting server (port 2302)...
/home/slad/slasstesting/a3/a3srv1/arma3server: error while loading shared libraries: libsteam_api.so: cannot open shared object file: No such file or directory
watchdog (293144): [Tue Dec 26 05:20:40 PM CET 2023] server died, waiting to restart...
watchdog (293144): [Tue Dec 26 05:20:45 PM CET 2023] starting server (port 2302)...
/home/slad/slasstesting/a3/a3srv1/arma3server: error while loading shared libraries: libsteam_api.so: cannot open shared object file: No such file or directory
watchdog (293144): [Tue Dec 26 05:20:45 PM CET 2023] server died, waiting to restart...
watchdog (293144): [Tue Dec 26 05:20:50 PM CET 2023] starting server (port 2302)...
/home/slad/slasstesting/a3/a3srv1/arma3server: error while loading shared libraries: libsteam_api.so: cannot open shared object file: No such file or directory
watchdog (293144): [Tue Dec 26 05:20:50 PM CET 2023] server died, waiting to restart...
watchdog (293144): [Tue Dec 26 05:20:55 PM CET 2023] starting server (port 2302)...
/home/slad/slasstesting/a3/a3srv1/arma3server: error while loading shared libraries: libsteam_api.so: cannot open shared object file: No such file or directory
watchdog (293144): [Tue Dec 26 05:20:55 PM CET 2023] server died, waiting to restart...
watchdog (293144): [Tue Dec 26 05:21:00 PM CET 2023] starting server (port 2302)...
/home/slad/slasstesting/a3/a3srv1/arma3server: error while loading shared libraries: libsteam_api.so: cannot open shared object file: No such file or directory
watchdog (293144): [Tue Dec 26 05:21:00 PM CET 2023] server died, waiting to restart...
watchdog (293144): [Tue Dec 26 05:21:05 PM CET 2023] starting server (port 2302)...
/home/slad/slasstesting/a3/a3srv1/arma3server: error while loading shared libraries: libsteam_api.so: cannot open shared object file: No such file or directory
watchdog (293144): [Tue Dec 26 05:21:05 PM CET 2023] server died, waiting to restart...
watchdog (293144): [Tue Dec 26 05:21:10 PM CET 2023] starting server (port 2302)...
/home/slad/slasstesting/a3/a3srv1/arma3server: error while loading shared libraries: libsteam_api.so: cannot open shared object file: No such file or directory
watchdog (293144): [Tue Dec 26 05:21:10 PM CET 2023] server died, waiting to restart...
watchdog (293144): [Tue Dec 26 05:21:15 PM CET 2023] starting server (port 2302)...
/home/slad/slasstesting/a3/a3srv1/arma3server: error while loading shared libraries: libsteam_api.so: cannot open shared object file: No such file or directory
watchdog (293144): [Tue Dec 26 05:21:15 PM CET 2023] server died, waiting to restart...
watchdog (293144): [Tue Dec 26 05:21:20 PM CET 2023] starting server (port 2302)...
/home/slad/slasstesting/a3/a3srv1/arma3server: error while loading shared libraries: libsteam_api.so: cannot open shared object file: No such file or directory
watchdog (293144): [Tue Dec 26 05:21:20 PM CET 2023] server died, waiting to restart...
watchdog (293144): [Tue Dec 26 05:21:25 PM CET 2023] starting server (port 2302)...
/home/slad/slasstesting/a3/a3srv1/arma3server: error while loading shared libraries: libsteam_api.so: cannot open shared object file: No such file or directory
watchdog (293144): [Tue Dec 26 05:21:25 PM CET 2023] server died, waiting to restart...
watchdog (293144): [Tue Dec 26 05:21:30 PM CET 2023] starting server (port 2302)...
/home/slad/slasstesting/a3/a3srv1/arma3server: error while loading shared libraries: libsteam_api.so: cannot open shared object file: No such file or directory
watchdog (293144): [Tue Dec 26 05:21:30 PM CET 2023] server died, waiting to restart...
watchdog (293144): [Tue Dec 26 05:21:35 PM CET 2023] starting server (port 2302)...
/home/slad/slasstesting/a3/a3srv1/arma3server: error while loading shared libraries: libsteam_api.so: cannot open shared object file: No such file or directory
watchdog (293144): [Tue Dec 26 05:21:35 PM CET 2023] server died, waiting to restart...
watchdog (293144): [Tue Dec 26 05:21:40 PM CET 2023] starting server (port 2302)...
/home/slad/slasstesting/a3/a3srv1/arma3server: error while loading shared libraries: libsteam_api.so: cannot open shared object file: No such file or directory
watchdog (293144): [Tue Dec 26 05:21:40 PM CET 2023] server died, waiting to restart...
