SLASS: loaded /home/slad/slasstesting/slass-data/function/slass/fn_stopServer.sh
SLASS: loaded /home/slad/slasstesting/slass-data/function/slass/fn_restartServer.sh
SLASS: loaded /home/slad/slasstesting/slass-data/function/slass/fn_startServer.sh
SLASS: loaded /home/slad/slasstesting/slass-data/function/slass/fn_createServer.sh
SLASS: loaded /home/slad/slasstesting/slass-data/function/installer/fn_deleteAndCreateUser.sh
SLASS: loaded /home/slad/slasstesting/slass-data/function/installer/fn_createAlias.sh
SLASS: loaded /home/slad/slasstesting/slass-data/function/common/fn_debugMessage.sh
SLASS: loaded /home/slad/slasstesting/slass-data/function/common/fn_printMessage.sh
SLASS: loaded /home/slad/slasstesting/slass-data/function/common/fn_rmserverdir.sh
SLASS: watchdog (620372): [Thu Dec 28 12:25:44 PM CET 2023] deleting all logfiles in /home/slad/slasstesting/log when older then 3 days.
SLASS: watchdog (620372): [Thu Dec 28 12:25:44 PM CET 2023] starting server (port 2302)...
SLASS: watchdog (620372): [Thu Dec 28 12:25:50 PM CET 2023] starting server (port 2302)...
SLASS: watchdog (620372): [Thu Dec 28 12:25:55 PM CET 2023] starting server (port 2302)...
SLASS: watchdog (620372): [Thu Dec 28 12:26:00 PM CET 2023] starting server (port 2302)...
SLASS: watchdog (620372): [Thu Dec 28 12:26:05 PM CET 2023] starting server (port 2302)...
SLASS: watchdog (620372): [Thu Dec 28 12:26:10 PM CET 2023] starting server (port 2302)...
SLASS: watchdog (620372): [Thu Dec 28 12:26:15 PM CET 2023] starting server (port 2302)...
SLASS: watchdog (620372): [Thu Dec 28 12:26:21 PM CET 2023] starting server (port 2302)...
SLASS: watchdog (620372): [Thu Dec 28 12:26:26 PM CET 2023] starting server (port 2302)...
SLASS: watchdog (620372): [Thu Dec 28 12:26:31 PM CET 2023] starting server (port 2302)...
SLASS: watchdog (620372): [Thu Dec 28 12:26:36 PM CET 2023] starting server (port 2302)...
SLASS: watchdog (620372): [Thu Dec 28 12:26:41 PM CET 2023] starting server (port 2302)...
SLASS: watchdog (620372): [Thu Dec 28 12:26:46 PM CET 2023] starting server (port 2302)...
SLASS: watchdog (620372): [Thu Dec 28 12:26:51 PM CET 2023] starting server (port 2302)...
SLASS: watchdog (620372): [Thu Dec 28 12:26:56 PM CET 2023] starting server (port 2302)...
SLASS: watchdog (620372): [Thu Dec 28 12:27:01 PM CET 2023] starting server (port 2302)...
SLASS: watchdog (620372): [Thu Dec 28 12:27:06 PM CET 2023] starting server (port 2302)...
SLASS: watchdog (620372): [Thu Dec 28 12:27:11 PM CET 2023] starting server (port 2302)...
SLASS: watchdog (620372): [Thu Dec 28 12:27:16 PM CET 2023] starting server (port 2302)...
SLASS: watchdog (620372): [Thu Dec 28 12:27:21 PM CET 2023] starting server (port 2302)...
SLASS: watchdog (620372): [Thu Dec 28 12:27:26 PM CET 2023] starting server (port 2302)...
SLASS: watchdog (620372): [Thu Dec 28 12:27:31 PM CET 2023] starting server (port 2302)...
SLASS: watchdog (620372): [Thu Dec 28 12:27:36 PM CET 2023] starting server (port 2302)...
SLASS: watchdog (620372): [Thu Dec 28 12:27:41 PM CET 2023] starting server (port 2302)...
SLASS: watchdog (620372): [Thu Dec 28 12:27:46 PM CET 2023] starting server (port 2302)...
SLASS: watchdog (620372): [Thu Dec 28 12:27:51 PM CET 2023] starting server (port 2302)...
SLASS: watchdog (620372): [Thu Dec 28 12:27:56 PM CET 2023] starting server (port 2302)...
SLASS: watchdog (620372): [Thu Dec 28 12:28:01 PM CET 2023] starting server (port 2302)...
SLASS: watchdog (620372): [Thu Dec 28 12:28:06 PM CET 2023] starting server (port 2302)...
SLASS: watchdog (620372): [Thu Dec 28 12:28:11 PM CET 2023] starting server (port 2302)...
SLASS: watchdog (620372): [Thu Dec 28 12:28:16 PM CET 2023] starting server (port 2302)...
SLASS: watchdog (620372): [Thu Dec 28 12:28:21 PM CET 2023] starting server (port 2302)...
SLASS: watchdog (620372): [Thu Dec 28 12:28:26 PM CET 2023] starting server (port 2302)...
SLASS: watchdog (620372): [Thu Dec 28 12:28:31 PM CET 2023] starting server (port 2302)...
SLASS: watchdog (620372): [Thu Dec 28 12:28:36 PM CET 2023] starting server (port 2302)...
SLASS: watchdog (620372): [Thu Dec 28 12:28:41 PM CET 2023] starting server (port 2302)...
SLASS: watchdog (620372): [Thu Dec 28 12:28:46 PM CET 2023] starting server (port 2302)...
SLASS: watchdog (620372): [Thu Dec 28 12:28:51 PM CET 2023] starting server (port 2302)...
SLASS: watchdog (620372): [Thu Dec 28 12:28:56 PM CET 2023] starting server (port 2302)...
SLASS: watchdog (620372): [Thu Dec 28 12:29:01 PM CET 2023] starting server (port 2302)...
SLASS: watchdog (620372): [Thu Dec 28 12:29:06 PM CET 2023] starting server (port 2302)...
SLASS: watchdog (620372): [Thu Dec 28 12:29:11 PM CET 2023] starting server (port 2302)...
SLASS: watchdog (620372): [Thu Dec 28 12:29:17 PM CET 2023] starting server (port 2302)...
SLASS: watchdog (620372): [Thu Dec 28 12:29:22 PM CET 2023] starting server (port 2302)...
SLASS: watchdog (620372): [Thu Dec 28 12:29:27 PM CET 2023] starting server (port 2302)...
SLASS: watchdog (620372): [Thu Dec 28 12:29:32 PM CET 2023] starting server (port 2302)...
SLASS: watchdog (620372): [Thu Dec 28 12:29:37 PM CET 2023] starting server (port 2302)...
SLASS: watchdog (620372): [Thu Dec 28 12:29:42 PM CET 2023] starting server (port 2302)...
SLASS: watchdog (620372): [Thu Dec 28 12:29:47 PM CET 2023] starting server (port 2302)...
SLASS: watchdog (620372): [Thu Dec 28 12:29:52 PM CET 2023] starting server (port 2302)...
SLASS: watchdog (620372): [Thu Dec 28 12:29:57 PM CET 2023] starting server (port 2302)...
SLASS: watchdog (620372): [Thu Dec 28 12:30:02 PM CET 2023] starting server (port 2302)...
SLASS: watchdog (620372): [Thu Dec 28 12:30:07 PM CET 2023] starting server (port 2302)...
SLASS: watchdog (620372): [Thu Dec 28 12:30:12 PM CET 2023] starting server (port 2302)...
SLASS: watchdog (620372): [Thu Dec 28 12:30:17 PM CET 2023] starting server (port 2302)...
SLASS: watchdog (620372): [Thu Dec 28 12:30:22 PM CET 2023] starting server (port 2302)...
SLASS: watchdog (620372): [Thu Dec 28 12:30:27 PM CET 2023] starting server (port 2302)...
SLASS: watchdog (620372): [Thu Dec 28 12:30:32 PM CET 2023] starting server (port 2302)...
SLASS: watchdog (620372): [Thu Dec 28 12:30:37 PM CET 2023] starting server (port 2302)...
SLASS: watchdog (620372): [Thu Dec 28 12:30:42 PM CET 2023] starting server (port 2302)...
SLASS: watchdog (620372): [Thu Dec 28 12:30:47 PM CET 2023] starting server (port 2302)...
SLASS: watchdog (620372): [Thu Dec 28 12:30:53 PM CET 2023] starting server (port 2302)...
SLASS: watchdog (620372): [Thu Dec 28 12:30:58 PM CET 2023] starting server (port 2302)...
SLASS: watchdog (620372): [Thu Dec 28 12:31:03 PM CET 2023] starting server (port 2302)...
SLASS: watchdog (620372): [Thu Dec 28 12:31:08 PM CET 2023] starting server (port 2302)...
SLASS: watchdog (620372): [Thu Dec 28 12:31:13 PM CET 2023] starting server (port 2302)...
SLASS: watchdog (620372): [Thu Dec 28 12:31:18 PM CET 2023] starting server (port 2302)...
SLASS: watchdog (620372): [Thu Dec 28 12:31:23 PM CET 2023] starting server (port 2302)...
SLASS: watchdog (620372): [Thu Dec 28 12:31:28 PM CET 2023] starting server (port 2302)...
SLASS: watchdog (620372): [Thu Dec 28 12:31:33 PM CET 2023] starting server (port 2302)...
SLASS: watchdog (620372): [Thu Dec 28 12:31:38 PM CET 2023] starting server (port 2302)...
SLASS: watchdog (620372): [Thu Dec 28 12:31:43 PM CET 2023] starting server (port 2302)...
SLASS: watchdog (620372): [Thu Dec 28 12:31:48 PM CET 2023] starting server (port 2302)...
SLASS: watchdog (620372): [Thu Dec 28 12:31:53 PM CET 2023] starting server (port 2302)...
SLASS: watchdog (620372): [Thu Dec 28 12:31:58 PM CET 2023] starting server (port 2302)...
SLASS: watchdog (620372): [Thu Dec 28 12:32:03 PM CET 2023] starting server (port 2302)...
SLASS: watchdog (620372): [Thu Dec 28 12:32:08 PM CET 2023] starting server (port 2302)...
SLASS: watchdog (620372): [Thu Dec 28 12:32:13 PM CET 2023] starting server (port 2302)...
SLASS: watchdog (620372): [Thu Dec 28 12:32:18 PM CET 2023] starting server (port 2302)...
SLASS: watchdog (620372): [Thu Dec 28 12:32:23 PM CET 2023] starting server (port 2302)...
SLASS: watchdog (620372): [Thu Dec 28 12:32:28 PM CET 2023] starting server (port 2302)...
SLASS: watchdog (620372): [Thu Dec 28 12:32:33 PM CET 2023] starting server (port 2302)...
SLASS: watchdog (620372): [Thu Dec 28 12:32:38 PM CET 2023] starting server (port 2302)...
SLASS: watchdog (620372): [Thu Dec 28 12:32:43 PM CET 2023] starting server (port 2302)...
SLASS: watchdog (620372): [Thu Dec 28 12:32:48 PM CET 2023] starting server (port 2302)...
SLASS: watchdog (620372): [Thu Dec 28 12:32:53 PM CET 2023] starting server (port 2302)...
SLASS: watchdog (620372): [Thu Dec 28 12:32:58 PM CET 2023] starting server (port 2302)...
SLASS: watchdog (620372): [Thu Dec 28 12:33:03 PM CET 2023] starting server (port 2302)...
SLASS: watchdog (620372): [Thu Dec 28 12:33:08 PM CET 2023] starting server (port 2302)...
SLASS: watchdog (620372): [Thu Dec 28 12:33:13 PM CET 2023] starting server (port 2302)...
SLASS: watchdog (620372): [Thu Dec 28 12:33:18 PM CET 2023] starting server (port 2302)...
SLASS: watchdog (620372): [Thu Dec 28 12:33:23 PM CET 2023] starting server (port 2302)...
SLASS: watchdog (620372): [Thu Dec 28 12:33:28 PM CET 2023] starting server (port 2302)...
SLASS: watchdog (620372): [Thu Dec 28 12:33:33 PM CET 2023] starting server (port 2302)...
SLASS: watchdog (620372): [Thu Dec 28 12:33:38 PM CET 2023] starting server (port 2302)...
SLASS: watchdog (620372): [Thu Dec 28 12:33:44 PM CET 2023] starting server (port 2302)...
SLASS: watchdog (620372): [Thu Dec 28 12:33:49 PM CET 2023] starting server (port 2302)...
SLASS: watchdog (620372): [Thu Dec 28 12:33:54 PM CET 2023] starting server (port 2302)...
SLASS: watchdog (620372): [Thu Dec 28 12:33:59 PM CET 2023] starting server (port 2302)...
SLASS: watchdog (620372): [Thu Dec 28 12:34:04 PM CET 2023] starting server (port 2302)...
SLASS: watchdog (620372): [Thu Dec 28 12:34:09 PM CET 2023] starting server (port 2302)...
SLASS: watchdog (620372): [Thu Dec 28 12:34:14 PM CET 2023] starting server (port 2302)...
SLASS: watchdog (620372): [Thu Dec 28 12:34:19 PM CET 2023] starting server (port 2302)...
SLASS: watchdog (620372): [Thu Dec 28 12:34:24 PM CET 2023] starting server (port 2302)...
SLASS: watchdog (620372): [Thu Dec 28 12:34:29 PM CET 2023] starting server (port 2302)...
SLASS: watchdog (620372): [Thu Dec 28 12:34:34 PM CET 2023] starting server (port 2302)...
SLASS: watchdog (620372): [Thu Dec 28 12:34:39 PM CET 2023] starting server (port 2302)...
sting/a3/a3srv1/arma3server: error while loading shared libraries: libsteam_api.so: cannot open shared object file: No such file or directory
watchdog (620372): [Thu Dec 28 12:28:11 PM CET 2023] server died, waiting to restart...
watchdog (620372): [Thu Dec 28 12:28:16 PM CET 2023] starting server (port 2302)...
/home/slad/slasstesting/a3/a3srv1/arma3server: error while loading shared libraries: libsteam_api.so: cannot open shared object file: No such file or directory
watchdog (620372): [Thu Dec 28 12:28:16 PM CET 2023] server died, waiting to restart...
watchdog (620372): [Thu Dec 28 12:28:21 PM CET 2023] starting server (port 2302)...
/home/slad/slasstesting/a3/a3srv1/arma3server: error while loading shared libraries: libsteam_api.so: cannot open shared object file: No such file or directory
watchdog (620372): [Thu Dec 28 12:28:21 PM CET 2023] server died, waiting to restart...
watchdog (620372): [Thu Dec 28 12:28:26 PM CET 2023] starting server (port 2302)...
/home/slad/slasstesting/a3/a3srv1/arma3server: error while loading shared libraries: libsteam_api.so: cannot open shared object file: No such file or directory
watchdog (620372): [Thu Dec 28 12:28:26 PM CET 2023] server died, waiting to restart...
watchdog (620372): [Thu Dec 28 12:28:31 PM CET 2023] starting server (port 2302)...
/home/slad/slasstesting/a3/a3srv1/arma3server: error while loading shared libraries: libsteam_api.so: cannot open shared object file: No such file or directory
watchdog (620372): [Thu Dec 28 12:28:31 PM CET 2023] server died, waiting to restart...
watchdog (620372): [Thu Dec 28 12:28:36 PM CET 2023] starting server (port 2302)...
/home/slad/slasstesting/a3/a3srv1/arma3server: error while loading shared libraries: libsteam_api.so: cannot open shared object file: No such file or directory
watchdog (620372): [Thu Dec 28 12:28:36 PM CET 2023] server died, waiting to restart...
watchdog (620372): [Thu Dec 28 12:28:41 PM CET 2023] starting server (port 2302)...
/home/slad/slasstesting/a3/a3srv1/arma3server: error while loading shared libraries: libsteam_api.so: cannot open shared object file: No such file or directory
watchdog (620372): [Thu Dec 28 12:28:41 PM CET 2023] server died, waiting to restart...
watchdog (620372): [Thu Dec 28 12:28:46 PM CET 2023] starting server (port 2302)...
/home/slad/slasstesting/a3/a3srv1/arma3server: error while loading shared libraries: libsteam_api.so: cannot open shared object file: No such file or directory
watchdog (620372): [Thu Dec 28 12:28:46 PM CET 2023] server died, waiting to restart...
watchdog (620372): [Thu Dec 28 12:28:51 PM CET 2023] starting server (port 2302)...
/home/slad/slasstesting/a3/a3srv1/arma3server: error while loading shared libraries: libsteam_api.so: cannot open shared object file: No such file or directory
watchdog (620372): [Thu Dec 28 12:28:51 PM CET 2023] server died, waiting to restart...
watchdog (620372): [Thu Dec 28 12:28:56 PM CET 2023] starting server (port 2302)...
/home/slad/slasstesting/a3/a3srv1/arma3server: error while loading shared libraries: libsteam_api.so: cannot open shared object file: No such file or directory
watchdog (620372): [Thu Dec 28 12:28:56 PM CET 2023] server died, waiting to restart...
watchdog (620372): [Thu Dec 28 12:29:01 PM CET 2023] starting server (port 2302)...
/home/slad/slasstesting/a3/a3srv1/arma3server: error while loading shared libraries: libsteam_api.so: cannot open shared object file: No such file or directory
watchdog (620372): [Thu Dec 28 12:29:01 PM CET 2023] server died, waiting to restart...
watchdog (620372): [Thu Dec 28 12:29:06 PM CET 2023] starting server (port 2302)...
/home/slad/slasstesting/a3/a3srv1/arma3server: error while loading shared libraries: libsteam_api.so: cannot open shared object file: No such file or directory
watchdog (620372): [Thu Dec 28 12:29:06 PM CET 2023] server died, waiting to restart...
watchdog (620372): [Thu Dec 28 12:29:11 PM CET 2023] starting server (port 2302)...
/home/slad/slasstesting/a3/a3srv1/arma3server: error while loading shared libraries: libsteam_api.so: cannot open shared object file: No such file or directory
watchdog (620372): [Thu Dec 28 12:29:12 PM CET 2023] server died, waiting to restart...
watchdog (620372): [Thu Dec 28 12:29:17 PM CET 2023] starting server (port 2302)...
/home/slad/slasstesting/a3/a3srv1/arma3server: error while loading shared libraries: libsteam_api.so: cannot open shared object file: No such file or directory
watchdog (620372): [Thu Dec 28 12:29:17 PM CET 2023] server died, waiting to restart...
watchdog (620372): [Thu Dec 28 12:29:22 PM CET 2023] starting server (port 2302)...
/home/slad/slasstesting/a3/a3srv1/arma3server: error while loading shared libraries: libsteam_api.so: cannot open shared object file: No such file or directory
watchdog (620372): [Thu Dec 28 12:29:22 PM CET 2023] server died, waiting to restart...
watchdog (620372): [Thu Dec 28 12:29:27 PM CET 2023] starting server (port 2302)...
/home/slad/slasstesting/a3/a3srv1/arma3server: error while loading shared libraries: libsteam_api.so: cannot open shared object file: No such file or directory
watchdog (620372): [Thu Dec 28 12:29:27 PM CET 2023] server died, waiting to restart...
watchdog (620372): [Thu Dec 28 12:29:32 PM CET 2023] starting server (port 2302)...
/home/slad/slasstesting/a3/a3srv1/arma3server: error while loading shared libraries: libsteam_api.so: cannot open shared object file: No such file or directory
watchdog (620372): [Thu Dec 28 12:29:32 PM CET 2023] server died, waiting to restart...
watchdog (620372): [Thu Dec 28 12:29:37 PM CET 2023] starting server (port 2302)...
/home/slad/slasstesting/a3/a3srv1/arma3server: error while loading shared libraries: libsteam_api.so: cannot open shared object file: No such file or directory
watchdog (620372): [Thu Dec 28 12:29:37 PM CET 2023] server died, waiting to restart...
watchdog (620372): [Thu Dec 28 12:29:42 PM CET 2023] starting server (port 2302)...
/home/slad/slasstesting/a3/a3srv1/arma3server: error while loading shared libraries: libsteam_api.so: cannot open shared object file: No such file or directory
watchdog (620372): [Thu Dec 28 12:29:42 PM CET 2023] server died, waiting to restart...
watchdog (620372): [Thu Dec 28 12:29:47 PM CET 2023] starting server (port 2302)...
/home/slad/slasstesting/a3/a3srv1/arma3server: error while loading shared libraries: libsteam_api.so: cannot open shared object file: No such file or directory
watchdog (620372): [Thu Dec 28 12:29:47 PM CET 2023] server died, waiting to restart...
watchdog (620372): [Thu Dec 28 12:29:52 PM CET 2023] starting server (port 2302)...
/home/slad/slasstesting/a3/a3srv1/arma3server: error while loading shared libraries: libsteam_api.so: cannot open shared object file: No such file or directory
watchdog (620372): [Thu Dec 28 12:29:52 PM CET 2023] server died, waiting to restart...
watchdog (620372): [Thu Dec 28 12:29:57 PM CET 2023] starting server (port 2302)...
/home/slad/slasstesting/a3/a3srv1/arma3server: error while loading shared libraries: libsteam_api.so: cannot open shared object file: No such file or directory
watchdog (620372): [Thu Dec 28 12:29:57 PM CET 2023] server died, waiting to restart...
watchdog (620372): [Thu Dec 28 12:30:02 PM CET 2023] starting server (port 2302)...
/home/slad/slasstesting/a3/a3srv1/arma3server: error while loading shared libraries: libsteam_api.so: cannot open shared object file: No such file or directory
watchdog (620372): [Thu Dec 28 12:30:02 PM CET 2023] server died, waiting to restart...
watchdog (620372): [Thu Dec 28 12:30:07 PM CET 2023] starting server (port 2302)...
/home/slad/slasstesting/a3/a3srv1/arma3server: error while loading shared libraries: libsteam_api.so: cannot open shared object file: No such file or directory
watchdog (620372): [Thu Dec 28 12:30:07 PM CET 2023] server died, waiting to restart...
watchdog (620372): [Thu Dec 28 12:30:12 PM CET 2023] starting server (port 2302)...
/home/slad/slasstesting/a3/a3srv1/arma3server: error while loading shared libraries: libsteam_api.so: cannot open shared object file: No such file or directory
watchdog (620372): [Thu Dec 28 12:30:12 PM CET 2023] server died, waiting to restart...
watchdog (620372): [Thu Dec 28 12:30:17 PM CET 2023] starting server (port 2302)...
/home/slad/slasstesting/a3/a3srv1/arma3server: error while loading shared libraries: libsteam_api.so: cannot open shared object file: No such file or directory
watchdog (620372): [Thu Dec 28 12:30:17 PM CET 2023] server died, waiting to restart...
watchdog (620372): [Thu Dec 28 12:30:22 PM CET 2023] starting server (port 2302)...
/home/slad/slasstesting/a3/a3srv1/arma3server: error while loading shared libraries: libsteam_api.so: cannot open shared object file: No such file or directory
watchdog (620372): [Thu Dec 28 12:30:22 PM CET 2023] server died, waiting to restart...
watchdog (620372): [Thu Dec 28 12:30:27 PM CET 2023] starting server (port 2302)...
/home/slad/slasstesting/a3/a3srv1/arma3server: error while loading shared libraries: libsteam_api.so: cannot open shared object file: No such file or directory
watchdog (620372): [Thu Dec 28 12:30:27 PM CET 2023] server died, waiting to restart...
watchdog (620372): [Thu Dec 28 12:30:32 PM CET 2023] starting server (port 2302)...
/home/slad/slasstesting/a3/a3srv1/arma3server: error while loading shared libraries: libsteam_api.so: cannot open shared object file: No such file or directory
watchdog (620372): [Thu Dec 28 12:30:32 PM CET 2023] server died, waiting to restart...
watchdog (620372): [Thu Dec 28 12:30:37 PM CET 2023] starting server (port 2302)...
/home/slad/slasstesting/a3/a3srv1/arma3server: error while loading shared libraries: libsteam_api.so: cannot open shared object file: No such file or directory
watchdog (620372): [Thu Dec 28 12:30:37 PM CET 2023] server died, waiting to restart...
watchdog (620372): [Thu Dec 28 12:30:42 PM CET 2023] starting server (port 2302)...
/home/slad/slasstesting/a3/a3srv1/arma3server: error while loading shared libraries: libsteam_api.so: cannot open shared object file: No such file or directory
watchdog (620372): [Thu Dec 28 12:30:42 PM CET 2023] server died, waiting to restart...
watchdog (620372): [Thu Dec 28 12:30:47 PM CET 2023] starting server (port 2302)...
/home/slad/slasstesting/a3/a3srv1/arma3server: error while loading shared libraries: libsteam_api.so: cannot open shared object file: No such file or directory
watchdog (620372): [Thu Dec 28 12:30:48 PM CET 2023] server died, waiting to restart...
watchdog (620372): [Thu Dec 28 12:30:53 PM CET 2023] starting server (port 2302)...
/home/slad/slasstesting/a3/a3srv1/arma3server: error while loading shared libraries: libsteam_api.so: cannot open shared object file: No such file or directory
watchdog (620372): [Thu Dec 28 12:30:53 PM CET 2023] server died, waiting to restart...
watchdog (620372): [Thu Dec 28 12:30:58 PM CET 2023] starting server (port 2302)...
/home/slad/slasstesting/a3/a3srv1/arma3server: error while loading shared libraries: libsteam_api.so: cannot open shared object file: No such file or directory
watchdog (620372): [Thu Dec 28 12:30:58 PM CET 2023] server died, waiting to restart...
watchdog (620372): [Thu Dec 28 12:31:03 PM CET 2023] starting server (port 2302)...
/home/slad/slasstesting/a3/a3srv1/arma3server: error while loading shared libraries: libsteam_api.so: cannot open shared object file: No such file or directory
watchdog (620372): [Thu Dec 28 12:31:03 PM CET 2023] server died, waiting to restart...
watchdog (620372): [Thu Dec 28 12:31:08 PM CET 2023] starting server (port 2302)...
/home/slad/slasstesting/a3/a3srv1/arma3server: error while loading shared libraries: libsteam_api.so: cannot open shared object file: No such file or directory
watchdog (620372): [Thu Dec 28 12:31:08 PM CET 2023] server died, waiting to restart...
watchdog (620372): [Thu Dec 28 12:31:13 PM CET 2023] starting server (port 2302)...
/home/slad/slasstesting/a3/a3srv1/arma3server: error while loading shared libraries: libsteam_api.so: cannot open shared object file: No such file or directory
watchdog (620372): [Thu Dec 28 12:31:13 PM CET 2023] server died, waiting to restart...
watchdog (620372): [Thu Dec 28 12:31:18 PM CET 2023] starting server (port 2302)...
/home/slad/slasstesting/a3/a3srv1/arma3server: error while loading shared libraries: libsteam_api.so: cannot open shared object file: No such file or directory
watchdog (620372): [Thu Dec 28 12:31:18 PM CET 2023] server died, waiting to restart...
watchdog (620372): [Thu Dec 28 12:31:23 PM CET 2023] starting server (port 2302)...
/home/slad/slasstesting/a3/a3srv1/arma3server: error while loading shared libraries: libsteam_api.so: cannot open shared object file: No such file or directory
watchdog (620372): [Thu Dec 28 12:31:23 PM CET 2023] server died, waiting to restart...
watchdog (620372): [Thu Dec 28 12:31:28 PM CET 2023] starting server (port 2302)...
/home/slad/slasstesting/a3/a3srv1/arma3server: error while loading shared libraries: libsteam_api.so: cannot open shared object file: No such file or directory
watchdog (620372): [Thu Dec 28 12:31:28 PM CET 2023] server died, waiting to restart...
watchdog (620372): [Thu Dec 28 12:31:33 PM CET 2023] starting server (port 2302)...
/home/slad/slasstesting/a3/a3srv1/arma3server: error while loading shared libraries: libsteam_api.so: cannot open shared object file: No such file or directory
watchdog (620372): [Thu Dec 28 12:31:33 PM CET 2023] server died, waiting to restart...
watchdog (620372): [Thu Dec 28 12:31:38 PM CET 2023] starting server (port 2302)...
/home/slad/slasstesting/a3/a3srv1/arma3server: error while loading shared libraries: libsteam_api.so: cannot open shared object file: No such file or directory
watchdog (620372): [Thu Dec 28 12:31:38 PM CET 2023] server died, waiting to restart...
watchdog (620372): [Thu Dec 28 12:31:43 PM CET 2023] starting server (port 2302)...
/home/slad/slasstesting/a3/a3srv1/arma3server: error while loading shared libraries: libsteam_api.so: cannot open shared object file: No such file or directory
watchdog (620372): [Thu Dec 28 12:31:43 PM CET 2023] server died, waiting to restart...
watchdog (620372): [Thu Dec 28 12:31:48 PM CET 2023] starting server (port 2302)...
/home/slad/slasstesting/a3/a3srv1/arma3server: error while loading shared libraries: libsteam_api.so: cannot open shared object file: No such file or directory
watchdog (620372): [Thu Dec 28 12:31:48 PM CET 2023] server died, waiting to restart...
watchdog (620372): [Thu Dec 28 12:31:53 PM CET 2023] starting server (port 2302)...
/home/slad/slasstesting/a3/a3srv1/arma3server: error while loading shared libraries: libsteam_api.so: cannot open shared object file: No such file or directory
watchdog (620372): [Thu Dec 28 12:31:53 PM CET 2023] server died, waiting to restart...
watchdog (620372): [Thu Dec 28 12:31:58 PM CET 2023] starting server (port 2302)...
/home/slad/slasstesting/a3/a3srv1/arma3server: error while loading shared libraries: libsteam_api.so: cannot open shared object file: No such file or directory
watchdog (620372): [Thu Dec 28 12:31:58 PM CET 2023] server died, waiting to restart...
watchdog (620372): [Thu Dec 28 12:32:03 PM CET 2023] starting server (port 2302)...
/home/slad/slasstesting/a3/a3srv1/arma3server: error while loading shared libraries: libsteam_api.so: cannot open shared object file: No such file or directory
watchdog (620372): [Thu Dec 28 12:32:03 PM CET 2023] server died, waiting to restart...
watchdog (620372): [Thu Dec 28 12:32:08 PM CET 2023] starting server (port 2302)...
/home/slad/slasstesting/a3/a3srv1/arma3server: error while loading shared libraries: libsteam_api.so: cannot open shared object file: No such file or directory
watchdog (620372): [Thu Dec 28 12:32:08 PM CET 2023] server died, waiting to restart...
watchdog (620372): [Thu Dec 28 12:32:13 PM CET 2023] starting server (port 2302)...
/home/slad/slasstesting/a3/a3srv1/arma3server: error while loading shared libraries: libsteam_api.so: cannot open shared object file: No such file or directory
watchdog (620372): [Thu Dec 28 12:32:13 PM CET 2023] server died, waiting to restart...
watchdog (620372): [Thu Dec 28 12:32:18 PM CET 2023] starting server (port 2302)...
/home/slad/slasstesting/a3/a3srv1/arma3server: error while loading shared libraries: libsteam_api.so: cannot open shared object file: No such file or directory
watchdog (620372): [Thu Dec 28 12:32:18 PM CET 2023] server died, waiting to restart...
watchdog (620372): [Thu Dec 28 12:32:23 PM CET 2023] starting server (port 2302)...
/home/slad/slasstesting/a3/a3srv1/arma3server: error while loading shared libraries: libsteam_api.so: cannot open shared object file: No such file or directory
watchdog (620372): [Thu Dec 28 12:32:23 PM CET 2023] server died, waiting to restart...
watchdog (620372): [Thu Dec 28 12:32:28 PM CET 2023] starting server (port 2302)...
/home/slad/slasstesting/a3/a3srv1/arma3server: error while loading shared libraries: libsteam_api.so: cannot open shared object file: No such file or directory
watchdog (620372): [Thu Dec 28 12:32:28 PM CET 2023] server died, waiting to restart...
watchdog (620372): [Thu Dec 28 12:32:33 PM CET 2023] starting server (port 2302)...
/home/slad/slasstesting/a3/a3srv1/arma3server: error while loading shared libraries: libsteam_api.so: cannot open shared object file: No such file or directory
watchdog (620372): [Thu Dec 28 12:32:33 PM CET 2023] server died, waiting to restart...
watchdog (620372): [Thu Dec 28 12:32:38 PM CET 2023] starting server (port 2302)...
/home/slad/slasstesting/a3/a3srv1/arma3server: error while loading shared libraries: libsteam_api.so: cannot open shared object file: No such file or directory
watchdog (620372): [Thu Dec 28 12:32:38 PM CET 2023] server died, waiting to restart...
watchdog (620372): [Thu Dec 28 12:32:43 PM CET 2023] starting server (port 2302)...
/home/slad/slasstesting/a3/a3srv1/arma3server: error while loading shared libraries: libsteam_api.so: cannot open shared object file: No such file or directory
watchdog (620372): [Thu Dec 28 12:32:43 PM CET 2023] server died, waiting to restart...
watchdog (620372): [Thu Dec 28 12:32:48 PM CET 2023] starting server (port 2302)...
/home/slad/slasstesting/a3/a3srv1/arma3server: error while loading shared libraries: libsteam_api.so: cannot open shared object file: No such file or directory
watchdog (620372): [Thu Dec 28 12:32:48 PM CET 2023] server died, waiting to restart...
watchdog (620372): [Thu Dec 28 12:32:53 PM CET 2023] starting server (port 2302)...
/home/slad/slasstesting/a3/a3srv1/arma3server: error while loading shared libraries: libsteam_api.so: cannot open shared object file: No such file or directory
watchdog (620372): [Thu Dec 28 12:32:53 PM CET 2023] server died, waiting to restart...
watchdog (620372): [Thu Dec 28 12:32:58 PM CET 2023] starting server (port 2302)...
/home/slad/slasstesting/a3/a3srv1/arma3server: error while loading shared libraries: libsteam_api.so: cannot open shared object file: No such file or directory
watchdog (620372): [Thu Dec 28 12:32:58 PM CET 2023] server died, waiting to restart...
watchdog (620372): [Thu Dec 28 12:33:03 PM CET 2023] starting server (port 2302)...
/home/slad/slasstesting/a3/a3srv1/arma3server: error while loading shared libraries: libsteam_api.so: cannot open shared object file: No such file or directory
watchdog (620372): [Thu Dec 28 12:33:03 PM CET 2023] server died, waiting to restart...
watchdog (620372): [Thu Dec 28 12:33:08 PM CET 2023] starting server (port 2302)...
/home/slad/slasstesting/a3/a3srv1/arma3server: error while loading shared libraries: libsteam_api.so: cannot open shared object file: No such file or directory
watchdog (620372): [Thu Dec 28 12:33:08 PM CET 2023] server died, waiting to restart...
watchdog (620372): [Thu Dec 28 12:33:13 PM CET 2023] starting server (port 2302)...
/home/slad/slasstesting/a3/a3srv1/arma3server: error while loading shared libraries: libsteam_api.so: cannot open shared object file: No such file or directory
watchdog (620372): [Thu Dec 28 12:33:13 PM CET 2023] server died, waiting to restart...
watchdog (620372): [Thu Dec 28 12:33:18 PM CET 2023] starting server (port 2302)...
/home/slad/slasstesting/a3/a3srv1/arma3server: error while loading shared libraries: libsteam_api.so: cannot open shared object file: No such file or directory
watchdog (620372): [Thu Dec 28 12:33:18 PM CET 2023] server died, waiting to restart...
watchdog (620372): [Thu Dec 28 12:33:23 PM CET 2023] starting server (port 2302)...
/home/slad/slasstesting/a3/a3srv1/arma3server: error while loading shared libraries: libsteam_api.so: cannot open shared object file: No such file or directory
watchdog (620372): [Thu Dec 28 12:33:23 PM CET 2023] server died, waiting to restart...
watchdog (620372): [Thu Dec 28 12:33:28 PM CET 2023] starting server (port 2302)...
/home/slad/slasstesting/a3/a3srv1/arma3server: error while loading shared libraries: libsteam_api.so: cannot open shared object file: No such file or directory
watchdog (620372): [Thu Dec 28 12:33:28 PM CET 2023] server died, waiting to restart...
watchdog (620372): [Thu Dec 28 12:33:33 PM CET 2023] starting server (port 2302)...
/home/slad/slasstesting/a3/a3srv1/arma3server: error while loading shared libraries: libsteam_api.so: cannot open shared object file: No such file or directory
watchdog (620372): [Thu Dec 28 12:33:33 PM CET 2023] server died, waiting to restart...
watchdog (620372): [Thu Dec 28 12:33:38 PM CET 2023] starting server (port 2302)...
/home/slad/slasstesting/a3/a3srv1/arma3server: error while loading shared libraries: libsteam_api.so: cannot open shared object file: No such file or directory
watchdog (620372): [Thu Dec 28 12:33:39 PM CET 2023] server died, waiting to restart...
watchdog (620372): [Thu Dec 28 12:33:44 PM CET 2023] starting server (port 2302)...
/home/slad/slasstesting/a3/a3srv1/arma3server: error while loading shared libraries: libsteam_api.so: cannot open shared object file: No such file or directory
watchdog (620372): [Thu Dec 28 12:33:44 PM CET 2023] server died, waiting to restart...
watchdog (620372): [Thu Dec 28 12:33:49 PM CET 2023] starting server (port 2302)...
/home/slad/slasstesting/a3/a3srv1/arma3server: error while loading shared libraries: libsteam_api.so: cannot open shared object file: No such file or directory
watchdog (620372): [Thu Dec 28 12:33:49 PM CET 2023] server died, waiting to restart...
watchdog (620372): [Thu Dec 28 12:33:54 PM CET 2023] starting server (port 2302)...
/home/slad/slasstesting/a3/a3srv1/arma3server: error while loading shared libraries: libsteam_api.so: cannot open shared object file: No such file or directory
watchdog (620372): [Thu Dec 28 12:33:54 PM CET 2023] server died, waiting to restart...
watchdog (620372): [Thu Dec 28 12:33:59 PM CET 2023] starting server (port 2302)...
/home/slad/slasstesting/a3/a3srv1/arma3server: error while loading shared libraries: libsteam_api.so: cannot open shared object file: No such file or directory
watchdog (620372): [Thu Dec 28 12:33:59 PM CET 2023] server died, waiting to restart...
watchdog (620372): [Thu Dec 28 12:34:04 PM CET 2023] starting server (port 2302)...
/home/slad/slasstesting/a3/a3srv1/arma3server: error while loading shared libraries: libsteam_api.so: cannot open shared object file: No such file or directory
watchdog (620372): [Thu Dec 28 12:34:04 PM CET 2023] server died, waiting to restart...
watchdog (620372): [Thu Dec 28 12:34:09 PM CET 2023] starting server (port 2302)...
/home/slad/slasstesting/a3/a3srv1/arma3server: error while loading shared libraries: libsteam_api.so: cannot open shared object file: No such file or directory
watchdog (620372): [Thu Dec 28 12:34:09 PM CET 2023] server died, waiting to restart...
watchdog (620372): [Thu Dec 28 12:34:14 PM CET 2023] starting server (port 2302)...
/home/slad/slasstesting/a3/a3srv1/arma3server: error while loading shared libraries: libsteam_api.so: cannot open shared object file: No such file or directory
watchdog (620372): [Thu Dec 28 12:34:14 PM CET 2023] server died, waiting to restart...
watchdog (620372): [Thu Dec 28 12:34:19 PM CET 2023] starting server (port 2302)...
/home/slad/slasstesting/a3/a3srv1/arma3server: error while loading shared libraries: libsteam_api.so: cannot open shared object file: No such file or directory
watchdog (620372): [Thu Dec 28 12:34:19 PM CET 2023] server died, waiting to restart...
watchdog (620372): [Thu Dec 28 12:34:24 PM CET 2023] starting server (port 2302)...
/home/slad/slasstesting/a3/a3srv1/arma3server: error while loading shared libraries: libsteam_api.so: cannot open shared object file: No such file or directory
watchdog (620372): [Thu Dec 28 12:34:24 PM CET 2023] server died, waiting to restart...
watchdog (620372): [Thu Dec 28 12:34:29 PM CET 2023] starting server (port 2302)...
/home/slad/slasstesting/a3/a3srv1/arma3server: error while loading shared libraries: libsteam_api.so: cannot open shared object file: No such file or directory
watchdog (620372): [Thu Dec 28 12:34:29 PM CET 2023] server died, waiting to restart...
watchdog (620372): [Thu Dec 28 12:34:34 PM CET 2023] starting server (port 2302)...
/home/slad/slasstesting/a3/a3srv1/arma3server: error while loading shared libraries: libsteam_api.so: cannot open shared object file: No such file or directory
watchdog (620372): [Thu Dec 28 12:34:34 PM CET 2023] server died, waiting to restart...
watchdog (620372): [Thu Dec 28 12:34:39 PM CET 2023] starting server (port 2302)...
/home/slad/slasstesting/a3/a3srv1/arma3server: error while loading shared libraries: libsteam_api.so: cannot open shared object file: No such file or directory
watchdog (620372): [Thu Dec 28 12:34:39 PM CET 2023] server died, waiting to restart...
