SLASS: loaded /home/slad/slasstesting/slass-data/function/slass/fn_stopServer.sh
SLASS: loaded /home/slad/slasstesting/slass-data/function/slass/fn_restartServer.sh
SLASS: loaded /home/slad/slasstesting/slass-data/function/slass/fn_startServer.sh
SLASS: loaded /home/slad/slasstesting/slass-data/function/slass/fn_createServer.sh
SLASS: loaded /home/slad/slasstesting/slass-data/function/installer/fn_deleteAndCreateUser.sh
SLASS: loaded /home/slad/slasstesting/slass-data/function/installer/fn_createAlias.sh
SLASS: loaded /home/slad/slasstesting/slass-data/function/common/fn_debugMessage.sh
SLASS: loaded /home/slad/slasstesting/slass-data/function/common/fn_printMessage.sh
SLASS: loaded /home/slad/slasstesting/slass-data/function/common/fn_rmserverdir.sh
SLASS: watchdog (623875): [Thu Dec 28 12:36:55 PM CET 2023] deleting all logfiles in /home/slad/slasstesting/log when older then 3 days.
SLASS: watchdog (623875): [Thu Dec 28 12:36:55 PM CET 2023] starting server (port 2302)...
SLASS: watchdog (623875): [Thu Dec 28 12:37:00 PM CET 2023] starting server (port 2302)...
SLASS: watchdog (623875): [Thu Dec 28 12:37:05 PM CET 2023] starting server (port 2302)...
SLASS: watchdog (623875): [Thu Dec 28 12:37:10 PM CET 2023] starting server (port 2302)...
SLASS: watchdog (623875): [Thu Dec 28 12:37:15 PM CET 2023] starting server (port 2302)...
SLASS: watchdog (623875): [Thu Dec 28 12:37:20 PM CET 2023] starting server (port 2302)...
SLASS: watchdog (623875): [Thu Dec 28 12:37:25 PM CET 2023] starting server (port 2302)...
SLASS: watchdog (623875): [Thu Dec 28 12:37:30 PM CET 2023] starting server (port 2302)...
SLASS: watchdog (623875): [Thu Dec 28 12:37:35 PM CET 2023] starting server (port 2302)...
SLASS: watchdog (623875): [Thu Dec 28 12:37:40 PM CET 2023] starting server (port 2302)...
SLASS: watchdog (623875): [Thu Dec 28 12:37:45 PM CET 2023] starting server (port 2302)...
SLASS: watchdog (623875): [Thu Dec 28 12:37:50 PM CET 2023] starting server (port 2302)...
SLASS: watchdog (623875): [Thu Dec 28 12:37:55 PM CET 2023] starting server (port 2302)...
SLASS: watchdog (623875): [Thu Dec 28 12:38:00 PM CET 2023] starting server (port 2302)...
SLASS: watchdog (623875): [Thu Dec 28 12:38:05 PM CET 2023] starting server (port 2302)...
SLASS: watchdog (623875): [Thu Dec 28 12:38:10 PM CET 2023] starting server (port 2302)...
SLASS: watchdog (623875): [Thu Dec 28 12:38:15 PM CET 2023] starting server (port 2302)...
SLASS: watchdog (623875): [Thu Dec 28 12:38:20 PM CET 2023] starting server (port 2302)...
SLASS: watchdog (623875): [Thu Dec 28 12:38:25 PM CET 2023] starting server (port 2302)...
SLASS: watchdog (623875): [Thu Dec 28 12:38:30 PM CET 2023] starting server (port 2302)...
SLASS: watchdog (623875): [Thu Dec 28 12:38:35 PM CET 2023] starting server (port 2302)...
SLASS: watchdog (623875): [Thu Dec 28 12:38:40 PM CET 2023] starting server (port 2302)...
SLASS: watchdog (623875): [Thu Dec 28 12:38:45 PM CET 2023] starting server (port 2302)...
SLASS: watchdog (623875): [Thu Dec 28 12:38:50 PM CET 2023] starting server (port 2302)...
SLASS: watchdog (623875): [Thu Dec 28 12:38:55 PM CET 2023] starting server (port 2302)...
SLASS: watchdog (623875): [Thu Dec 28 12:39:00 PM CET 2023] starting server (port 2302)...
SLASS: watchdog (623875): [Thu Dec 28 12:39:05 PM CET 2023] starting server (port 2302)...
SLASS: watchdog (623875): [Thu Dec 28 12:39:10 PM CET 2023] starting server (port 2302)...
SLASS: watchdog (623875): [Thu Dec 28 12:39:15 PM CET 2023] starting server (port 2302)...
SLASS: watchdog (623875): [Thu Dec 28 12:39:20 PM CET 2023] starting server (port 2302)...
SLASS: watchdog (623875): [Thu Dec 28 12:39:25 PM CET 2023] starting server (port 2302)...
SLASS: watchdog (623875): [Thu Dec 28 12:39:30 PM CET 2023] starting server (port 2302)...
SLASS: watchdog (623875): [Thu Dec 28 12:39:35 PM CET 2023] starting server (port 2302)...
SLASS: watchdog (623875): [Thu Dec 28 12:39:40 PM CET 2023] starting server (port 2302)...
