SLASS: loaded /home/slad/slasstesting/slass-data/function/slass/fn_stopServer.sh
SLASS: loaded /home/slad/slasstesting/slass-data/function/slass/fn_restartServer.sh
SLASS: loaded /home/slad/slasstesting/slass-data/function/slass/fn_startServer.sh
SLASS: loaded /home/slad/slasstesting/slass-data/function/slass/fn_createServer.sh
SLASS: loaded /home/slad/slasstesting/slass-data/function/installer/fn_deleteAndCreateUser.sh
SLASS: loaded /home/slad/slasstesting/slass-data/function/installer/fn_createAlias.sh
SLASS: loaded /home/slad/slasstesting/slass-data/function/common/fn_debugMessage.sh
SLASS: loaded /home/slad/slasstesting/slass-data/function/common/fn_printMessage.sh
SLASS: watchdog (3920449): [Sat Dec 23 12:54:36 PM CET 2023] deleting all logfiles in /home/slad/slasstesting/log when older then 3 days.
SLASS: watchdog (3920449): [Sat Dec 23 12:54:36 PM CET 2023] starting server (port 2302)...
SLASS: watchdog (3920449): [Sat Dec 23 12:54:42 PM CET 2023] starting server (port 2302)...
SLASS: watchdog (3920449): [Sat Dec 23 12:54:47 PM CET 2023] starting server (port 2302)...
SLASS: watchdog (3920449): [Sat Dec 23 12:54:52 PM CET 2023] starting server (port 2302)...
SLASS: watchdog (3920449): [Sat Dec 23 12:54:57 PM CET 2023] starting server (port 2302)...
SLASS: watchdog (3920449): [Sat Dec 23 12:55:02 PM CET 2023] starting server (port 2302)...
SLASS: watchdog (3920449): [Sat Dec 23 12:55:07 PM CET 2023] starting server (port 2302)...
SLASS: watchdog (3920449): [Sat Dec 23 12:55:12 PM CET 2023] starting server (port 2302)...
SLASS: watchdog (3920449): [Sat Dec 23 12:55:17 PM CET 2023] starting server (port 2302)...
SLASS: watchdog (3920449): [Sat Dec 23 12:55:22 PM CET 2023] starting server (port 2302)...
SLASS: watchdog (3920449): [Sat Dec 23 12:55:27 PM CET 2023] starting server (port 2302)...
SLASS: watchdog (3920449): [Sat Dec 23 12:55:32 PM CET 2023] starting server (port 2302)...
SLASS: watchdog (3920449): [Sat Dec 23 12:55:37 PM CET 2023] starting server (port 2302)...
SLASS: watchdog (3920449): [Sat Dec 23 12:55:42 PM CET 2023] starting server (port 2302)...
SLASS: watchdog (3920449): [Sat Dec 23 12:55:47 PM CET 2023] starting server (port 2302)...
SLASS: watchdog (3920449): [Sat Dec 23 12:55:52 PM CET 2023] starting server (port 2302)...
SLASS: watchdog (3920449): [Sat Dec 23 12:55:57 PM CET 2023] starting server (port 2302)...
SLASS: watchdog (3920449): [Sat Dec 23 12:56:02 PM CET 2023] starting server (port 2302)...
SLASS: watchdog (3920449): [Sat Dec 23 12:56:07 PM CET 2023] starting server (port 2302)...
SLASS: watchdog (3920449): [Sat Dec 23 12:56:12 PM CET 2023] starting server (port 2302)...
SLASS: watchdog (3920449): [Sat Dec 23 12:56:17 PM CET 2023] starting server (port 2302)...
SLASS: watchdog (3920449): [Sat Dec 23 12:56:22 PM CET 2023] starting server (port 2302)...
SLASS: watchdog (3920449): [Sat Dec 23 12:56:27 PM CET 2023] starting server (port 2302)...
SLASS: watchdog (3920449): [Sat Dec 23 12:56:32 PM CET 2023] starting server (port 2302)...
SLASS: watchdog (3920449): [Sat Dec 23 12:56:37 PM CET 2023] starting server (port 2302)...
SLASS: watchdog (3920449): [Sat Dec 23 12:56:42 PM CET 2023] starting server (port 2302)...
SLASS: watchdog (3920449): [Sat Dec 23 12:56:47 PM CET 2023] starting server (port 2302)...
SLASS: watchdog (3920449): [Sat Dec 23 12:56:52 PM CET 2023] starting server (port 2302)...
SLASS: watchdog (3920449): [Sat Dec 23 12:56:57 PM CET 2023] starting server (port 2302)...
SLASS: watchdog (3920449): [Sat Dec 23 12:57:02 PM CET 2023] starting server (port 2302)...
SLASS: watchdog (3920449): [Sat Dec 23 12:57:07 PM CET 2023] starting server (port 2302)...
SLASS: watchdog (3920449): [Sat Dec 23 12:57:12 PM CET 2023] starting server (port 2302)...
SLASS: watchdog (3920449): [Sat Dec 23 12:57:17 PM CET 2023] starting server (port 2302)...
SLASS: watchdog (3920449): [Sat Dec 23 12:57:22 PM CET 2023] starting server (port 2302)...
SLASS: watchdog (3920449): [Sat Dec 23 12:57:27 PM CET 2023] starting server (port 2302)...
SLASS: watchdog (3920449): [Sat Dec 23 12:57:32 PM CET 2023] starting server (port 2302)...
SLASS: watchdog (3920449): [Sat Dec 23 12:57:37 PM CET 2023] starting server (port 2302)...
SLASS: watchdog (3920449): [Sat Dec 23 12:57:42 PM CET 2023] starting server (port 2302)...
SLASS: watchdog (3920449): [Sat Dec 23 12:57:47 PM CET 2023] starting server (port 2302)...
SLASS: watchdog (3920449): [Sat Dec 23 12:57:52 PM CET 2023] starting server (port 2302)...
SLASS: watchdog (3920449): [Sat Dec 23 12:57:57 PM CET 2023] starting server (port 2302)...
SLASS: watchdog (3920449): [Sat Dec 23 12:58:02 PM CET 2023] starting server (port 2302)...
SLASS: watchdog (3920449): [Sat Dec 23 12:58:07 PM CET 2023] starting server (port 2302)...
SLASS: watchdog (3920449): [Sat Dec 23 12:58:12 PM CET 2023] starting server (port 2302)...
SLASS: watchdog (3920449): [Sat Dec 23 12:58:17 PM CET 2023] starting server (port 2302)...
SLASS: watchdog (3920449): [Sat Dec 23 12:58:23 PM CET 2023] starting server (port 2302)...
SLASS: watchdog (3920449): [Sat Dec 23 12:58:28 PM CET 2023] starting server (port 2302)...
SLASS: watchdog (3920449): [Sat Dec 23 12:58:33 PM CET 2023] starting server (port 2302)...
SLASS: watchdog (3920449): [Sat Dec 23 12:58:38 PM CET 2023] starting server (port 2302)...
SLASS: watchdog (3920449): [Sat Dec 23 12:58:43 PM CET 2023] starting server (port 2302)...
SLASS: watchdog (3920449): [Sat Dec 23 12:58:48 PM CET 2023] starting server (port 2302)...
SLASS: watchdog (3920449): [Sat Dec 23 12:58:53 PM CET 2023] starting server (port 2302)...
SLASS: watchdog (3920449): [Sat Dec 23 12:58:58 PM CET 2023] starting server (port 2302)...
SLASS: watchdog (3920449): [Sat Dec 23 12:59:03 PM CET 2023] starting server (port 2302)...
SLASS: watchdog (3920449): [Sat Dec 23 12:59:08 PM CET 2023] starting server (port 2302)...
SLASS: watchdog (3920449): [Sat Dec 23 12:59:13 PM CET 2023] starting server (port 2302)...
SLASS: watchdog (3920449): [Sat Dec 23 12:59:18 PM CET 2023] starting server (port 2302)...
SLASS: watchdog (3920449): [Sat Dec 23 12:59:23 PM CET 2023] starting server (port 2302)...
SLASS: watchdog (3920449): [Sat Dec 23 12:59:28 PM CET 2023] starting server (port 2302)...
SLASS: watchdog (3920449): [Sat Dec 23 12:59:33 PM CET 2023] starting server (port 2302)...
SLASS: watchdog (3920449): [Sat Dec 23 12:59:38 PM CET 2023] starting server (port 2302)...
SLASS: watchdog (3920449): [Sat Dec 23 12:59:43 PM CET 2023] starting server (port 2302)...
SLASS: watchdog (3920449): [Sat Dec 23 12:59:48 PM CET 2023] starting server (port 2302)...
SLASS: watchdog (3920449): [Sat Dec 23 12:59:53 PM CET 2023] starting server (port 2302)...
SLASS: watchdog (3920449): [Sat Dec 23 12:59:58 PM CET 2023] starting server (port 2302)...
SLASS: watchdog (3920449): [Sat Dec 23 01:00:03 PM CET 2023] starting server (port 2302)...
SLASS: watchdog (3920449): [Sat Dec 23 01:00:08 PM CET 2023] starting server (port 2302)...
SLASS: watchdog (3920449): [Sat Dec 23 01:00:13 PM CET 2023] starting server (port 2302)...
SLASS: watchdog (3920449): [Sat Dec 23 01:00:18 PM CET 2023] starting server (port 2302)...
SLASS: watchdog (3920449): [Sat Dec 23 01:00:23 PM CET 2023] starting server (port 2302)...
SLASS: watchdog (3920449): [Sat Dec 23 01:00:28 PM CET 2023] starting server (port 2302)...
SLASS: watchdog (3920449): [Sat Dec 23 01:00:33 PM CET 2023] starting server (port 2302)...
SLASS: watchdog (3920449): [Sat Dec 23 01:00:38 PM CET 2023] starting server (port 2302)...
SLASS: watchdog (3920449): [Sat Dec 23 01:00:43 PM CET 2023] starting server (port 2302)...
SLASS: watchdog (3920449): [Sat Dec 23 01:00:48 PM CET 2023] starting server (port 2302)...
SLASS: watchdog (3920449): [Sat Dec 23 01:00:53 PM CET 2023] starting server (port 2302)...
SLASS: watchdog (3920449): [Sat Dec 23 01:00:58 PM CET 2023] starting server (port 2302)...
SLASS: watchdog (3920449): [Sat Dec 23 01:01:03 PM CET 2023] starting server (port 2302)...
SLASS: watchdog (3920449): [Sat Dec 23 01:01:08 PM CET 2023] starting server (port 2302)...
SLASS: watchdog (3920449): [Sat Dec 23 01:01:13 PM CET 2023] starting server (port 2302)...
SLASS: watchdog (3920449): [Sat Dec 23 01:01:18 PM CET 2023] starting server (port 2302)...
SLASS: watchdog (3920449): [Sat Dec 23 01:01:23 PM CET 2023] starting server (port 2302)...
SLASS: watchdog (3920449): [Sat Dec 23 01:01:28 PM CET 2023] starting server (port 2302)...
SLASS: watchdog (3920449): [Sat Dec 23 01:01:33 PM CET 2023] starting server (port 2302)...
SLASS: watchdog (3920449): [Sat Dec 23 01:01:38 PM CET 2023] starting server (port 2302)...
SLASS: watchdog (3920449): [Sat Dec 23 01:01:43 PM CET 2023] starting server (port 2302)...
SLASS: watchdog (3920449): [Sat Dec 23 01:01:48 PM CET 2023] starting server (port 2302)...
SLASS: watchdog (3920449): [Sat Dec 23 01:01:53 PM CET 2023] starting server (port 2302)...
SLASS: watchdog (3920449): [Sat Dec 23 01:01:58 PM CET 2023] starting server (port 2302)...
SLASS: watchdog (3920449): [Sat Dec 23 01:02:03 PM CET 2023] starting server (port 2302)...
SLASS: watchdog (3920449): [Sat Dec 23 01:02:08 PM CET 2023] starting server (port 2302)...
SLASS: watchdog (3920449): [Sat Dec 23 01:02:13 PM CET 2023] starting server (port 2302)...
SLASS: watchdog (3920449): [Sat Dec 23 01:02:18 PM CET 2023] starting server (port 2302)...
SLASS: watchdog (3920449): [Sat Dec 23 01:02:23 PM CET 2023] starting server (port 2302)...
SLASS: watchdog (3920449): [Sat Dec 23 01:02:29 PM CET 2023] starting server (port 2302)...
SLASS: watchdog (3920449): [Sat Dec 23 01:02:34 PM CET 2023] starting server (port 2302)...
SLASS: watchdog (3920449): [Sat Dec 23 01:02:39 PM CET 2023] starting server (port 2302)...
SLASS: watchdog (3920449): [Sat Dec 23 01:02:44 PM CET 2023] starting server (port 2302)...
SLASS: watchdog (3920449): [Sat Dec 23 01:02:49 PM CET 2023] starting server (port 2302)...
SLASS: watchdog (3920449): [Sat Dec 23 01:02:54 PM CET 2023] starting server (port 2302)...
SLASS: watchdog (3920449): [Sat Dec 23 01:02:59 PM CET 2023] starting server (port 2302)...
SLASS: watchdog (3920449): [Sat Dec 23 01:03:04 PM CET 2023] starting server (port 2302)...
SLASS: watchdog (3920449): [Sat Dec 23 01:03:09 PM CET 2023] starting server (port 2302)...
SLASS: watchdog (3920449): [Sat Dec 23 01:03:14 PM CET 2023] starting server (port 2302)...
SLASS: watchdog (3920449): [Sat Dec 23 01:03:19 PM CET 2023] starting server (port 2302)...
SLASS: watchdog (3920449): [Sat Dec 23 01:03:24 PM CET 2023] starting server (port 2302)...
SLASS: watchdog (3920449): [Sat Dec 23 01:03:29 PM CET 2023] starting server (port 2302)...
SLASS: watchdog (3920449): [Sat Dec 23 01:03:34 PM CET 2023] starting server (port 2302)...
SLASS: watchdog (3920449): [Sat Dec 23 01:03:39 PM CET 2023] starting server (port 2302)...
SLASS: watchdog (3920449): [Sat Dec 23 01:03:44 PM CET 2023] starting server (port 2302)...
SLASS: watchdog (3920449): [Sat Dec 23 01:03:49 PM CET 2023] starting server (port 2302)...
SLASS: watchdog (3920449): [Sat Dec 23 01:03:54 PM CET 2023] starting server (port 2302)...
SLASS: watchdog (3920449): [Sat Dec 23 01:03:59 PM CET 2023] starting server (port 2302)...
SLASS: watchdog (3920449): [Sat Dec 23 01:04:04 PM CET 2023] starting server (port 2302)...
SLASS: watchdog (3920449): [Sat Dec 23 01:04:09 PM CET 2023] starting server (port 2302)...
SLASS: watchdog (3920449): [Sat Dec 23 01:04:14 PM CET 2023] starting server (port 2302)...
SLASS: watchdog (3920449): [Sat Dec 23 01:04:19 PM CET 2023] starting server (port 2302)...
SLASS: watchdog (3920449): [Sat Dec 23 01:04:24 PM CET 2023] starting server (port 2302)...
SLASS: watchdog (3920449): [Sat Dec 23 01:04:29 PM CET 2023] starting server (port 2302)...
SLASS: watchdog (3920449): [Sat Dec 23 01:04:34 PM CET 2023] starting server (port 2302)...
SLASS: watchdog (3920449): [Sat Dec 23 01:04:39 PM CET 2023] starting server (port 2302)...
SLASS: watchdog (3920449): [Sat Dec 23 01:04:44 PM CET 2023] starting server (port 2302)...
SLASS: watchdog (3920449): [Sat Dec 23 01:04:49 PM CET 2023] starting server (port 2302)...
SLASS: watchdog (3920449): [Sat Dec 23 01:04:54 PM CET 2023] starting server (port 2302)...
SLASS: watchdog (3920449): [Sat Dec 23 01:04:59 PM CET 2023] starting server (port 2302)...
SLASS: watchdog (3920449): [Sat Dec 23 01:05:04 PM CET 2023] starting server (port 2302)...
SLASS: watchdog (3920449): [Sat Dec 23 01:05:09 PM CET 2023] starting server (port 2302)...
SLASS: watchdog (3920449): [Sat Dec 23 01:05:14 PM CET 2023] starting server (port 2302)...
SLASS: watchdog (3920449): [Sat Dec 23 01:05:19 PM CET 2023] starting server (port 2302)...
SLASS: watchdog (3920449): [Sat Dec 23 01:05:24 PM CET 2023] starting server (port 2302)...
SLASS: watchdog (3920449): [Sat Dec 23 01:05:29 PM CET 2023] starting server (port 2302)...
SLASS: watchdog (3920449): [Sat Dec 23 01:05:34 PM CET 2023] starting server (port 2302)...
SLASS: watchdog (3920449): [Sat Dec 23 01:05:39 PM CET 2023] starting server (port 2302)...
SLASS: watchdog (3920449): [Sat Dec 23 01:05:44 PM CET 2023] starting server (port 2302)...
SLASS: watchdog (3920449): [Sat Dec 23 01:05:49 PM CET 2023] starting server (port 2302)...
SLASS: watchdog (3920449): [Sat Dec 23 01:05:54 PM CET 2023] starting server (port 2302)...
SLASS: watchdog (3920449): [Sat Dec 23 01:05:59 PM CET 2023] starting server (port 2302)...
SLASS: watchdog (3920449): [Sat Dec 23 01:06:04 PM CET 2023] starting server (port 2302)...
SLASS: watchdog (3920449): [Sat Dec 23 01:06:10 PM CET 2023] starting server (port 2302)...
SLASS: watchdog (3920449): [Sat Dec 23 01:06:15 PM CET 2023] starting server (port 2302)...
SLASS: watchdog (3920449): [Sat Dec 23 01:06:20 PM CET 2023] starting server (port 2302)...
SLASS: watchdog (3920449): [Sat Dec 23 01:06:25 PM CET 2023] starting server (port 2302)...
SLASS: watchdog (3920449): [Sat Dec 23 01:06:30 PM CET 2023] starting server (port 2302)...
SLASS: watchdog (3920449): [Sat Dec 23 01:06:35 PM CET 2023] starting server (port 2302)...
SLASS: watchdog (3920449): [Sat Dec 23 01:06:40 PM CET 2023] starting server (port 2302)...
SLASS: watchdog (3920449): [Sat Dec 23 01:06:45 PM CET 2023] starting server (port 2302)...
SLASS: watchdog (3920449): [Sat Dec 23 01:06:50 PM CET 2023] starting server (port 2302)...
SLASS: watchdog (3920449): [Sat Dec 23 01:06:55 PM CET 2023] starting server (port 2302)...
SLASS: watchdog (3920449): [Sat Dec 23 01:07:00 PM CET 2023] starting server (port 2302)...
SLASS: watchdog (3920449): [Sat Dec 23 01:07:05 PM CET 2023] starting server (port 2302)...
SLASS: watchdog (3920449): [Sat Dec 23 01:07:10 PM CET 2023] starting server (port 2302)...
SLASS: watchdog (3920449): [Sat Dec 23 01:07:15 PM CET 2023] starting server (port 2302)...
SLASS: watchdog (3920449): [Sat Dec 23 01:07:20 PM CET 2023] starting server (port 2302)...
SLASS: watchdog (3920449): [Sat Dec 23 01:07:25 PM CET 2023] starting server (port 2302)...
SLASS: watchdog (3920449): [Sat Dec 23 01:07:30 PM CET 2023] starting server (port 2302)...
SLASS: watchdog (3920449): [Sat Dec 23 01:07:35 PM CET 2023] starting server (port 2302)...
SLASS: watchdog (3920449): [Sat Dec 23 01:07:40 PM CET 2023] starting server (port 2302)...
SLASS: watchdog (3920449): [Sat Dec 23 01:07:45 PM CET 2023] starting server (port 2302)...
SLASS: watchdog (3920449): [Sat Dec 23 01:07:50 PM CET 2023] starting server (port 2302)...
SLASS: watchdog (3920449): [Sat Dec 23 01:07:55 PM CET 2023] starting server (port 2302)...
SLASS: watchdog (3920449): [Sat Dec 23 01:08:00 PM CET 2023] starting server (port 2302)...
SLASS: watchdog (3920449): [Sat Dec 23 01:08:05 PM CET 2023] starting server (port 2302)...
SLASS: watchdog (3920449): [Sat Dec 23 01:08:10 PM CET 2023] starting server (port 2302)...
SLASS: watchdog (3920449): [Sat Dec 23 01:08:15 PM CET 2023] starting server (port 2302)...
SLASS: watchdog (3920449): [Sat Dec 23 01:08:20 PM CET 2023] starting server (port 2302)...
SLASS: watchdog (3920449): [Sat Dec 23 01:08:25 PM CET 2023] starting server (port 2302)...
SLASS: watchdog (3920449): [Sat Dec 23 01:08:30 PM CET 2023] starting server (port 2302)...
SLASS: watchdog (3920449): [Sat Dec 23 01:08:35 PM CET 2023] starting server (port 2302)...
SLASS: watchdog (3920449): [Sat Dec 23 01:08:40 PM CET 2023] starting server (port 2302)...
SLASS: watchdog (3920449): [Sat Dec 23 01:08:45 PM CET 2023] starting server (port 2302)...
SLASS: watchdog (3920449): [Sat Dec 23 01:08:50 PM CET 2023] starting server (port 2302)...
SLASS: watchdog (3920449): [Sat Dec 23 01:08:56 PM CET 2023] starting server (port 2302)...
SLASS: watchdog (3920449): [Sat Dec 23 01:09:01 PM CET 2023] starting server (port 2302)...
SLASS: watchdog (3920449): [Sat Dec 23 01:09:06 PM CET 2023] starting server (port 2302)...
SLASS: watchdog (3920449): [Sat Dec 23 01:09:11 PM CET 2023] starting server (port 2302)...
SLASS: watchdog (3920449): [Sat Dec 23 01:09:16 PM CET 2023] starting server (port 2302)...
SLASS: watchdog (3920449): [Sat Dec 23 01:09:21 PM CET 2023] starting server (port 2302)...
SLASS: watchdog (3920449): [Sat Dec 23 01:09:26 PM CET 2023] starting server (port 2302)...
SLASS: watchdog (3920449): [Sat Dec 23 01:09:31 PM CET 2023] starting server (port 2302)...
SLASS: watchdog (3920449): [Sat Dec 23 01:09:36 PM CET 2023] starting server (port 2302)...
SLASS: watchdog (3920449): [Sat Dec 23 01:09:41 PM CET 2023] starting server (port 2302)...
SLASS: watchdog (3920449): [Sat Dec 23 01:09:46 PM CET 2023] starting server (port 2302)...
SLASS: watchdog (3920449): [Sat Dec 23 01:09:51 PM CET 2023] starting server (port 2302)...
SLASS: watchdog (3920449): [Sat Dec 23 01:09:56 PM CET 2023] starting server (port 2302)...
SLASS: watchdog (3920449): [Sat Dec 23 01:10:01 PM CET 2023] starting server (port 2302)...
SLASS: watchdog (3920449): [Sat Dec 23 01:10:06 PM CET 2023] starting server (port 2302)...
:53 PM CET 2023] starting server (port 2302)...
sudo: a terminal is required to read the password; either use the -S option to read from standard input or configure an askpass helper
sudo: a password is required
watchdog (3920449): [Sat Dec 23 12:58:53 PM CET 2023] server died, waiting to restart...
watchdog (3920449): [Sat Dec 23 12:58:58 PM CET 2023] starting server (port 2302)...
sudo: a terminal is required to read the password; either use the -S option to read from standard input or configure an askpass helper
sudo: a password is required
watchdog (3920449): [Sat Dec 23 12:58:58 PM CET 2023] server died, waiting to restart...
watchdog (3920449): [Sat Dec 23 12:59:03 PM CET 2023] starting server (port 2302)...
sudo: a terminal is required to read the password; either use the -S option to read from standard input or configure an askpass helper
sudo: a password is required
watchdog (3920449): [Sat Dec 23 12:59:03 PM CET 2023] server died, waiting to restart...
watchdog (3920449): [Sat Dec 23 12:59:08 PM CET 2023] starting server (port 2302)...
sudo: a terminal is required to read the password; either use the -S option to read from standard input or configure an askpass helper
sudo: a password is required
watchdog (3920449): [Sat Dec 23 12:59:08 PM CET 2023] server died, waiting to restart...
watchdog (3920449): [Sat Dec 23 12:59:13 PM CET 2023] starting server (port 2302)...
sudo: a terminal is required to read the password; either use the -S option to read from standard input or configure an askpass helper
sudo: a password is required
watchdog (3920449): [Sat Dec 23 12:59:13 PM CET 2023] server died, waiting to restart...
watchdog (3920449): [Sat Dec 23 12:59:18 PM CET 2023] starting server (port 2302)...
sudo: a terminal is required to read the password; either use the -S option to read from standard input or configure an askpass helper
sudo: a password is required
watchdog (3920449): [Sat Dec 23 12:59:18 PM CET 2023] server died, waiting to restart...
watchdog (3920449): [Sat Dec 23 12:59:23 PM CET 2023] starting server (port 2302)...
sudo: a terminal is required to read the password; either use the -S option to read from standard input or configure an askpass helper
sudo: a password is required
watchdog (3920449): [Sat Dec 23 12:59:23 PM CET 2023] server died, waiting to restart...
watchdog (3920449): [Sat Dec 23 12:59:28 PM CET 2023] starting server (port 2302)...
sudo: a terminal is required to read the password; either use the -S option to read from standard input or configure an askpass helper
sudo: a password is required
watchdog (3920449): [Sat Dec 23 12:59:28 PM CET 2023] server died, waiting to restart...
watchdog (3920449): [Sat Dec 23 12:59:33 PM CET 2023] starting server (port 2302)...
sudo: a terminal is required to read the password; either use the -S option to read from standard input or configure an askpass helper
sudo: a password is required
watchdog (3920449): [Sat Dec 23 12:59:33 PM CET 2023] server died, waiting to restart...
watchdog (3920449): [Sat Dec 23 12:59:38 PM CET 2023] starting server (port 2302)...
sudo: a terminal is required to read the password; either use the -S option to read from standard input or configure an askpass helper
sudo: a password is required
watchdog (3920449): [Sat Dec 23 12:59:38 PM CET 2023] server died, waiting to restart...
watchdog (3920449): [Sat Dec 23 12:59:43 PM CET 2023] starting server (port 2302)...
sudo: a terminal is required to read the password; either use the -S option to read from standard input or configure an askpass helper
sudo: a password is required
watchdog (3920449): [Sat Dec 23 12:59:43 PM CET 2023] server died, waiting to restart...
watchdog (3920449): [Sat Dec 23 12:59:48 PM CET 2023] starting server (port 2302)...
sudo: a terminal is required to read the password; either use the -S option to read from standard input or configure an askpass helper
sudo: a password is required
watchdog (3920449): [Sat Dec 23 12:59:48 PM CET 2023] server died, waiting to restart...
watchdog (3920449): [Sat Dec 23 12:59:53 PM CET 2023] starting server (port 2302)...
sudo: a terminal is required to read the password; either use the -S option to read from standard input or configure an askpass helper
sudo: a password is required
watchdog (3920449): [Sat Dec 23 12:59:53 PM CET 2023] server died, waiting to restart...
watchdog (3920449): [Sat Dec 23 12:59:58 PM CET 2023] starting server (port 2302)...
sudo: a terminal is required to read the password; either use the -S option to read from standard input or configure an askpass helper
sudo: a password is required
watchdog (3920449): [Sat Dec 23 12:59:58 PM CET 2023] server died, waiting to restart...
watchdog (3920449): [Sat Dec 23 01:00:03 PM CET 2023] starting server (port 2302)...
sudo: a terminal is required to read the password; either use the -S option to read from standard input or configure an askpass helper
sudo: a password is required
watchdog (3920449): [Sat Dec 23 01:00:03 PM CET 2023] server died, waiting to restart...
watchdog (3920449): [Sat Dec 23 01:00:08 PM CET 2023] starting server (port 2302)...
sudo: a terminal is required to read the password; either use the -S option to read from standard input or configure an askpass helper
sudo: a password is required
watchdog (3920449): [Sat Dec 23 01:00:08 PM CET 2023] server died, waiting to restart...
watchdog (3920449): [Sat Dec 23 01:00:13 PM CET 2023] starting server (port 2302)...
sudo: a terminal is required to read the password; either use the -S option to read from standard input or configure an askpass helper
sudo: a password is required
watchdog (3920449): [Sat Dec 23 01:00:13 PM CET 2023] server died, waiting to restart...
watchdog (3920449): [Sat Dec 23 01:00:18 PM CET 2023] starting server (port 2302)...
sudo: a terminal is required to read the password; either use the -S option to read from standard input or configure an askpass helper
sudo: a password is required
watchdog (3920449): [Sat Dec 23 01:00:18 PM CET 2023] server died, waiting to restart...
watchdog (3920449): [Sat Dec 23 01:00:23 PM CET 2023] starting server (port 2302)...
sudo: a terminal is required to read the password; either use the -S option to read from standard input or configure an askpass helper
sudo: a password is required
watchdog (3920449): [Sat Dec 23 01:00:23 PM CET 2023] server died, waiting to restart...
watchdog (3920449): [Sat Dec 23 01:00:28 PM CET 2023] starting server (port 2302)...
sudo: a terminal is required to read the password; either use the -S option to read from standard input or configure an askpass helper
sudo: a password is required
watchdog (3920449): [Sat Dec 23 01:00:28 PM CET 2023] server died, waiting to restart...
watchdog (3920449): [Sat Dec 23 01:00:33 PM CET 2023] starting server (port 2302)...
sudo: a terminal is required to read the password; either use the -S option to read from standard input or configure an askpass helper
sudo: a password is required
watchdog (3920449): [Sat Dec 23 01:00:33 PM CET 2023] server died, waiting to restart...
watchdog (3920449): [Sat Dec 23 01:00:38 PM CET 2023] starting server (port 2302)...
sudo: a terminal is required to read the password; either use the -S option to read from standard input or configure an askpass helper
sudo: a password is required
watchdog (3920449): [Sat Dec 23 01:00:38 PM CET 2023] server died, waiting to restart...
watchdog (3920449): [Sat Dec 23 01:00:43 PM CET 2023] starting server (port 2302)...
sudo: a terminal is required to read the password; either use the -S option to read from standard input or configure an askpass helper
sudo: a password is required
watchdog (3920449): [Sat Dec 23 01:00:43 PM CET 2023] server died, waiting to restart...
watchdog (3920449): [Sat Dec 23 01:00:48 PM CET 2023] starting server (port 2302)...
sudo: a terminal is required to read the password; either use the -S option to read from standard input or configure an askpass helper
sudo: a password is required
watchdog (3920449): [Sat Dec 23 01:00:48 PM CET 2023] server died, waiting to restart...
watchdog (3920449): [Sat Dec 23 01:00:53 PM CET 2023] starting server (port 2302)...
sudo: a terminal is required to read the password; either use the -S option to read from standard input or configure an askpass helper
sudo: a password is required
watchdog (3920449): [Sat Dec 23 01:00:53 PM CET 2023] server died, waiting to restart...
watchdog (3920449): [Sat Dec 23 01:00:58 PM CET 2023] starting server (port 2302)...
sudo: a terminal is required to read the password; either use the -S option to read from standard input or configure an askpass helper
sudo: a password is required
watchdog (3920449): [Sat Dec 23 01:00:58 PM CET 2023] server died, waiting to restart...
watchdog (3920449): [Sat Dec 23 01:01:03 PM CET 2023] starting server (port 2302)...
sudo: a terminal is required to read the password; either use the -S option to read from standard input or configure an askpass helper
sudo: a password is required
watchdog (3920449): [Sat Dec 23 01:01:03 PM CET 2023] server died, waiting to restart...
watchdog (3920449): [Sat Dec 23 01:01:08 PM CET 2023] starting server (port 2302)...
sudo: a terminal is required to read the password; either use the -S option to read from standard input or configure an askpass helper
sudo: a password is required
watchdog (3920449): [Sat Dec 23 01:01:08 PM CET 2023] server died, waiting to restart...
watchdog (3920449): [Sat Dec 23 01:01:13 PM CET 2023] starting server (port 2302)...
sudo: a terminal is required to read the password; either use the -S option to read from standard input or configure an askpass helper
sudo: a password is required
watchdog (3920449): [Sat Dec 23 01:01:13 PM CET 2023] server died, waiting to restart...
watchdog (3920449): [Sat Dec 23 01:01:18 PM CET 2023] starting server (port 2302)...
sudo: a terminal is required to read the password; either use the -S option to read from standard input or configure an askpass helper
sudo: a password is required
watchdog (3920449): [Sat Dec 23 01:01:18 PM CET 2023] server died, waiting to restart...
watchdog (3920449): [Sat Dec 23 01:01:23 PM CET 2023] starting server (port 2302)...
sudo: a terminal is required to read the password; either use the -S option to read from standard input or configure an askpass helper
sudo: a password is required
watchdog (3920449): [Sat Dec 23 01:01:23 PM CET 2023] server died, waiting to restart...
watchdog (3920449): [Sat Dec 23 01:01:28 PM CET 2023] starting server (port 2302)...
sudo: a terminal is required to read the password; either use the -S option to read from standard input or configure an askpass helper
sudo: a password is required
watchdog (3920449): [Sat Dec 23 01:01:28 PM CET 2023] server died, waiting to restart...
watchdog (3920449): [Sat Dec 23 01:01:33 PM CET 2023] starting server (port 2302)...
sudo: a terminal is required to read the password; either use the -S option to read from standard input or configure an askpass helper
sudo: a password is required
watchdog (3920449): [Sat Dec 23 01:01:33 PM CET 2023] server died, waiting to restart...
watchdog (3920449): [Sat Dec 23 01:01:38 PM CET 2023] starting server (port 2302)...
sudo: a terminal is required to read the password; either use the -S option to read from standard input or configure an askpass helper
sudo: a password is required
watchdog (3920449): [Sat Dec 23 01:01:38 PM CET 2023] server died, waiting to restart...
watchdog (3920449): [Sat Dec 23 01:01:43 PM CET 2023] starting server (port 2302)...
sudo: a terminal is required to read the password; either use the -S option to read from standard input or configure an askpass helper
sudo: a password is required
watchdog (3920449): [Sat Dec 23 01:01:43 PM CET 2023] server died, waiting to restart...
watchdog (3920449): [Sat Dec 23 01:01:48 PM CET 2023] starting server (port 2302)...
sudo: a terminal is required to read the password; either use the -S option to read from standard input or configure an askpass helper
sudo: a password is required
watchdog (3920449): [Sat Dec 23 01:01:48 PM CET 2023] server died, waiting to restart...
watchdog (3920449): [Sat Dec 23 01:01:53 PM CET 2023] starting server (port 2302)...
sudo: a terminal is required to read the password; either use the -S option to read from standard input or configure an askpass helper
sudo: a password is required
watchdog (3920449): [Sat Dec 23 01:01:53 PM CET 2023] server died, waiting to restart...
watchdog (3920449): [Sat Dec 23 01:01:58 PM CET 2023] starting server (port 2302)...
sudo: a terminal is required to read the password; either use the -S option to read from standard input or configure an askpass helper
sudo: a password is required
watchdog (3920449): [Sat Dec 23 01:01:58 PM CET 2023] server died, waiting to restart...
watchdog (3920449): [Sat Dec 23 01:02:03 PM CET 2023] starting server (port 2302)...
sudo: a terminal is required to read the password; either use the -S option to read from standard input or configure an askpass helper
sudo: a password is required
watchdog (3920449): [Sat Dec 23 01:02:03 PM CET 2023] server died, waiting to restart...
watchdog (3920449): [Sat Dec 23 01:02:08 PM CET 2023] starting server (port 2302)...
sudo: a terminal is required to read the password; either use the -S option to read from standard input or configure an askpass helper
sudo: a password is required
watchdog (3920449): [Sat Dec 23 01:02:08 PM CET 2023] server died, waiting to restart...
watchdog (3920449): [Sat Dec 23 01:02:13 PM CET 2023] starting server (port 2302)...
sudo: a terminal is required to read the password; either use the -S option to read from standard input or configure an askpass helper
sudo: a password is required
watchdog (3920449): [Sat Dec 23 01:02:13 PM CET 2023] server died, waiting to restart...
watchdog (3920449): [Sat Dec 23 01:02:18 PM CET 2023] starting server (port 2302)...
sudo: a terminal is required to read the password; either use the -S option to read from standard input or configure an askpass helper
sudo: a password is required
watchdog (3920449): [Sat Dec 23 01:02:18 PM CET 2023] server died, waiting to restart...
watchdog (3920449): [Sat Dec 23 01:02:23 PM CET 2023] starting server (port 2302)...
sudo: a terminal is required to read the password; either use the -S option to read from standard input or configure an askpass helper
sudo: a password is required
watchdog (3920449): [Sat Dec 23 01:02:24 PM CET 2023] server died, waiting to restart...
watchdog (3920449): [Sat Dec 23 01:02:29 PM CET 2023] starting server (port 2302)...
sudo: a terminal is required to read the password; either use the -S option to read from standard input or configure an askpass helper
sudo: a password is required
watchdog (3920449): [Sat Dec 23 01:02:29 PM CET 2023] server died, waiting to restart...
watchdog (3920449): [Sat Dec 23 01:02:34 PM CET 2023] starting server (port 2302)...
sudo: a terminal is required to read the password; either use the -S option to read from standard input or configure an askpass helper
sudo: a password is required
watchdog (3920449): [Sat Dec 23 01:02:34 PM CET 2023] server died, waiting to restart...
watchdog (3920449): [Sat Dec 23 01:02:39 PM CET 2023] starting server (port 2302)...
sudo: a terminal is required to read the password; either use the -S option to read from standard input or configure an askpass helper
sudo: a password is required
watchdog (3920449): [Sat Dec 23 01:02:39 PM CET 2023] server died, waiting to restart...
watchdog (3920449): [Sat Dec 23 01:02:44 PM CET 2023] starting server (port 2302)...
sudo: a terminal is required to read the password; either use the -S option to read from standard input or configure an askpass helper
sudo: a password is required
watchdog (3920449): [Sat Dec 23 01:02:44 PM CET 2023] server died, waiting to restart...
watchdog (3920449): [Sat Dec 23 01:02:49 PM CET 2023] starting server (port 2302)...
sudo: a terminal is required to read the password; either use the -S option to read from standard input or configure an askpass helper
sudo: a password is required
watchdog (3920449): [Sat Dec 23 01:02:49 PM CET 2023] server died, waiting to restart...
watchdog (3920449): [Sat Dec 23 01:02:54 PM CET 2023] starting server (port 2302)...
sudo: a terminal is required to read the password; either use the -S option to read from standard input or configure an askpass helper
sudo: a password is required
watchdog (3920449): [Sat Dec 23 01:02:54 PM CET 2023] server died, waiting to restart...
watchdog (3920449): [Sat Dec 23 01:02:59 PM CET 2023] starting server (port 2302)...
sudo: a terminal is required to read the password; either use the -S option to read from standard input or configure an askpass helper
sudo: a password is required
watchdog (3920449): [Sat Dec 23 01:02:59 PM CET 2023] server died, waiting to restart...
watchdog (3920449): [Sat Dec 23 01:03:04 PM CET 2023] starting server (port 2302)...
sudo: a terminal is required to read the password; either use the -S option to read from standard input or configure an askpass helper
sudo: a password is required
watchdog (3920449): [Sat Dec 23 01:03:04 PM CET 2023] server died, waiting to restart...
watchdog (3920449): [Sat Dec 23 01:03:09 PM CET 2023] starting server (port 2302)...
sudo: a terminal is required to read the password; either use the -S option to read from standard input or configure an askpass helper
sudo: a password is required
watchdog (3920449): [Sat Dec 23 01:03:09 PM CET 2023] server died, waiting to restart...
watchdog (3920449): [Sat Dec 23 01:03:14 PM CET 2023] starting server (port 2302)...
sudo: a terminal is required to read the password; either use the -S option to read from standard input or configure an askpass helper
sudo: a password is required
watchdog (3920449): [Sat Dec 23 01:03:14 PM CET 2023] server died, waiting to restart...
watchdog (3920449): [Sat Dec 23 01:03:19 PM CET 2023] starting server (port 2302)...
sudo: a terminal is required to read the password; either use the -S option to read from standard input or configure an askpass helper
sudo: a password is required
watchdog (3920449): [Sat Dec 23 01:03:19 PM CET 2023] server died, waiting to restart...
watchdog (3920449): [Sat Dec 23 01:03:24 PM CET 2023] starting server (port 2302)...
sudo: a terminal is required to read the password; either use the -S option to read from standard input or configure an askpass helper
sudo: a password is required
watchdog (3920449): [Sat Dec 23 01:03:24 PM CET 2023] server died, waiting to restart...
watchdog (3920449): [Sat Dec 23 01:03:29 PM CET 2023] starting server (port 2302)...
sudo: a terminal is required to read the password; either use the -S option to read from standard input or configure an askpass helper
sudo: a password is required
watchdog (3920449): [Sat Dec 23 01:03:29 PM CET 2023] server died, waiting to restart...
watchdog (3920449): [Sat Dec 23 01:03:34 PM CET 2023] starting server (port 2302)...
sudo: a terminal is required to read the password; either use the -S option to read from standard input or configure an askpass helper
sudo: a password is required
watchdog (3920449): [Sat Dec 23 01:03:34 PM CET 2023] server died, waiting to restart...
watchdog (3920449): [Sat Dec 23 01:03:39 PM CET 2023] starting server (port 2302)...
sudo: a terminal is required to read the password; either use the -S option to read from standard input or configure an askpass helper
sudo: a password is required
watchdog (3920449): [Sat Dec 23 01:03:39 PM CET 2023] server died, waiting to restart...
watchdog (3920449): [Sat Dec 23 01:03:44 PM CET 2023] starting server (port 2302)...
sudo: a terminal is required to read the password; either use the -S option to read from standard input or configure an askpass helper
sudo: a password is required
watchdog (3920449): [Sat Dec 23 01:03:44 PM CET 2023] server died, waiting to restart...
watchdog (3920449): [Sat Dec 23 01:03:49 PM CET 2023] starting server (port 2302)...
sudo: a terminal is required to read the password; either use the -S option to read from standard input or configure an askpass helper
sudo: a password is required
watchdog (3920449): [Sat Dec 23 01:03:49 PM CET 2023] server died, waiting to restart...
watchdog (3920449): [Sat Dec 23 01:03:54 PM CET 2023] starting server (port 2302)...
sudo: a terminal is required to read the password; either use the -S option to read from standard input or configure an askpass helper
sudo: a password is required
watchdog (3920449): [Sat Dec 23 01:03:54 PM CET 2023] server died, waiting to restart...
watchdog (3920449): [Sat Dec 23 01:03:59 PM CET 2023] starting server (port 2302)...
sudo: a terminal is required to read the password; either use the -S option to read from standard input or configure an askpass helper
sudo: a password is required
watchdog (3920449): [Sat Dec 23 01:03:59 PM CET 2023] server died, waiting to restart...
watchdog (3920449): [Sat Dec 23 01:04:04 PM CET 2023] starting server (port 2302)...
sudo: a terminal is required to read the password; either use the -S option to read from standard input or configure an askpass helper
sudo: a password is required
watchdog (3920449): [Sat Dec 23 01:04:04 PM CET 2023] server died, waiting to restart...
watchdog (3920449): [Sat Dec 23 01:04:09 PM CET 2023] starting server (port 2302)...
sudo: a terminal is required to read the password; either use the -S option to read from standard input or configure an askpass helper
sudo: a password is required
watchdog (3920449): [Sat Dec 23 01:04:09 PM CET 2023] server died, waiting to restart...
watchdog (3920449): [Sat Dec 23 01:04:14 PM CET 2023] starting server (port 2302)...
sudo: a terminal is required to read the password; either use the -S option to read from standard input or configure an askpass helper
sudo: a password is required
watchdog (3920449): [Sat Dec 23 01:04:14 PM CET 2023] server died, waiting to restart...
watchdog (3920449): [Sat Dec 23 01:04:19 PM CET 2023] starting server (port 2302)...
sudo: a terminal is required to read the password; either use the -S option to read from standard input or configure an askpass helper
sudo: a password is required
watchdog (3920449): [Sat Dec 23 01:04:19 PM CET 2023] server died, waiting to restart...
watchdog (3920449): [Sat Dec 23 01:04:24 PM CET 2023] starting server (port 2302)...
sudo: a terminal is required to read the password; either use the -S option to read from standard input or configure an askpass helper
sudo: a password is required
watchdog (3920449): [Sat Dec 23 01:04:24 PM CET 2023] server died, waiting to restart...
watchdog (3920449): [Sat Dec 23 01:04:29 PM CET 2023] starting server (port 2302)...
sudo: a terminal is required to read the password; either use the -S option to read from standard input or configure an askpass helper
sudo: a password is required
watchdog (3920449): [Sat Dec 23 01:04:29 PM CET 2023] server died, waiting to restart...
watchdog (3920449): [Sat Dec 23 01:04:34 PM CET 2023] starting server (port 2302)...
sudo: a terminal is required to read the password; either use the -S option to read from standard input or configure an askpass helper
sudo: a password is required
watchdog (3920449): [Sat Dec 23 01:04:34 PM CET 2023] server died, waiting to restart...
watchdog (3920449): [Sat Dec 23 01:04:39 PM CET 2023] starting server (port 2302)...
sudo: a terminal is required to read the password; either use the -S option to read from standard input or configure an askpass helper
sudo: a password is required
watchdog (3920449): [Sat Dec 23 01:04:39 PM CET 2023] server died, waiting to restart...
watchdog (3920449): [Sat Dec 23 01:04:44 PM CET 2023] starting server (port 2302)...
sudo: a terminal is required to read the password; either use the -S option to read from standard input or configure an askpass helper
sudo: a password is required
watchdog (3920449): [Sat Dec 23 01:04:44 PM CET 2023] server died, waiting to restart...
watchdog (3920449): [Sat Dec 23 01:04:49 PM CET 2023] starting server (port 2302)...
sudo: a terminal is required to read the password; either use the -S option to read from standard input or configure an askpass helper
sudo: a password is required
watchdog (3920449): [Sat Dec 23 01:04:49 PM CET 2023] server died, waiting to restart...
watchdog (3920449): [Sat Dec 23 01:04:54 PM CET 2023] starting server (port 2302)...
sudo: a terminal is required to read the password; either use the -S option to read from standard input or configure an askpass helper
sudo: a password is required
watchdog (3920449): [Sat Dec 23 01:04:54 PM CET 2023] server died, waiting to restart...
watchdog (3920449): [Sat Dec 23 01:04:59 PM CET 2023] starting server (port 2302)...
sudo: a terminal is required to read the password; either use the -S option to read from standard input or configure an askpass helper
sudo: a password is required
watchdog (3920449): [Sat Dec 23 01:04:59 PM CET 2023] server died, waiting to restart...
watchdog (3920449): [Sat Dec 23 01:05:04 PM CET 2023] starting server (port 2302)...
sudo: a terminal is required to read the password; either use the -S option to read from standard input or configure an askpass helper
sudo: a password is required
watchdog (3920449): [Sat Dec 23 01:05:04 PM CET 2023] server died, waiting to restart...
watchdog (3920449): [Sat Dec 23 01:05:09 PM CET 2023] starting server (port 2302)...
sudo: a terminal is required to read the password; either use the -S option to read from standard input or configure an askpass helper
sudo: a password is required
watchdog (3920449): [Sat Dec 23 01:05:09 PM CET 2023] server died, waiting to restart...
watchdog (3920449): [Sat Dec 23 01:05:14 PM CET 2023] starting server (port 2302)...
sudo: a terminal is required to read the password; either use the -S option to read from standard input or configure an askpass helper
sudo: a password is required
watchdog (3920449): [Sat Dec 23 01:05:14 PM CET 2023] server died, waiting to restart...
watchdog (3920449): [Sat Dec 23 01:05:19 PM CET 2023] starting server (port 2302)...
sudo: a terminal is required to read the password; either use the -S option to read from standard input or configure an askpass helper
sudo: a password is required
watchdog (3920449): [Sat Dec 23 01:05:19 PM CET 2023] server died, waiting to restart...
watchdog (3920449): [Sat Dec 23 01:05:24 PM CET 2023] starting server (port 2302)...
sudo: a terminal is required to read the password; either use the -S option to read from standard input or configure an askpass helper
sudo: a password is required
watchdog (3920449): [Sat Dec 23 01:05:24 PM CET 2023] server died, waiting to restart...
watchdog (3920449): [Sat Dec 23 01:05:29 PM CET 2023] starting server (port 2302)...
sudo: a terminal is required to read the password; either use the -S option to read from standard input or configure an askpass helper
sudo: a password is required
watchdog (3920449): [Sat Dec 23 01:05:29 PM CET 2023] server died, waiting to restart...
watchdog (3920449): [Sat Dec 23 01:05:34 PM CET 2023] starting server (port 2302)...
sudo: a terminal is required to read the password; either use the -S option to read from standard input or configure an askpass helper
sudo: a password is required
watchdog (3920449): [Sat Dec 23 01:05:34 PM CET 2023] server died, waiting to restart...
watchdog (3920449): [Sat Dec 23 01:05:39 PM CET 2023] starting server (port 2302)...
sudo: a terminal is required to read the password; either use the -S option to read from standard input or configure an askpass helper
sudo: a password is required
watchdog (3920449): [Sat Dec 23 01:05:39 PM CET 2023] server died, waiting to restart...
watchdog (3920449): [Sat Dec 23 01:05:44 PM CET 2023] starting server (port 2302)...
sudo: a terminal is required to read the password; either use the -S option to read from standard input or configure an askpass helper
sudo: a password is required
watchdog (3920449): [Sat Dec 23 01:05:44 PM CET 2023] server died, waiting to restart...
watchdog (3920449): [Sat Dec 23 01:05:49 PM CET 2023] starting server (port 2302)...
sudo: a terminal is required to read the password; either use the -S option to read from standard input or configure an askpass helper
sudo: a password is required
watchdog (3920449): [Sat Dec 23 01:05:49 PM CET 2023] server died, waiting to restart...
watchdog (3920449): [Sat Dec 23 01:05:54 PM CET 2023] starting server (port 2302)...
sudo: a terminal is required to read the password; either use the -S option to read from standard input or configure an askpass helper
sudo: a password is required
watchdog (3920449): [Sat Dec 23 01:05:54 PM CET 2023] server died, waiting to restart...
watchdog (3920449): [Sat Dec 23 01:05:59 PM CET 2023] starting server (port 2302)...
sudo: a terminal is required to read the password; either use the -S option to read from standard input or configure an askpass helper
sudo: a password is required
watchdog (3920449): [Sat Dec 23 01:05:59 PM CET 2023] server died, waiting to restart...
watchdog (3920449): [Sat Dec 23 01:06:04 PM CET 2023] starting server (port 2302)...
sudo: a terminal is required to read the password; either use the -S option to read from standard input or configure an askpass helper
sudo: a password is required
watchdog (3920449): [Sat Dec 23 01:06:05 PM CET 2023] server died, waiting to restart...
watchdog (3920449): [Sat Dec 23 01:06:10 PM CET 2023] starting server (port 2302)...
sudo: a terminal is required to read the password; either use the -S option to read from standard input or configure an askpass helper
sudo: a password is required
watchdog (3920449): [Sat Dec 23 01:06:10 PM CET 2023] server died, waiting to restart...
watchdog (3920449): [Sat Dec 23 01:06:15 PM CET 2023] starting server (port 2302)...
sudo: a terminal is required to read the password; either use the -S option to read from standard input or configure an askpass helper
sudo: a password is required
watchdog (3920449): [Sat Dec 23 01:06:15 PM CET 2023] server died, waiting to restart...
watchdog (3920449): [Sat Dec 23 01:06:20 PM CET 2023] starting server (port 2302)...
sudo: a terminal is required to read the password; either use the -S option to read from standard input or configure an askpass helper
sudo: a password is required
watchdog (3920449): [Sat Dec 23 01:06:20 PM CET 2023] server died, waiting to restart...
watchdog (3920449): [Sat Dec 23 01:06:25 PM CET 2023] starting server (port 2302)...
sudo: a terminal is required to read the password; either use the -S option to read from standard input or configure an askpass helper
sudo: a password is required
watchdog (3920449): [Sat Dec 23 01:06:25 PM CET 2023] server died, waiting to restart...
watchdog (3920449): [Sat Dec 23 01:06:30 PM CET 2023] starting server (port 2302)...
sudo: a terminal is required to read the password; either use the -S option to read from standard input or configure an askpass helper
sudo: a password is required
watchdog (3920449): [Sat Dec 23 01:06:30 PM CET 2023] server died, waiting to restart...
watchdog (3920449): [Sat Dec 23 01:06:35 PM CET 2023] starting server (port 2302)...
sudo: a terminal is required to read the password; either use the -S option to read from standard input or configure an askpass helper
sudo: a password is required
watchdog (3920449): [Sat Dec 23 01:06:35 PM CET 2023] server died, waiting to restart...
watchdog (3920449): [Sat Dec 23 01:06:40 PM CET 2023] starting server (port 2302)...
sudo: a terminal is required to read the password; either use the -S option to read from standard input or configure an askpass helper
sudo: a password is required
watchdog (3920449): [Sat Dec 23 01:06:40 PM CET 2023] server died, waiting to restart...
watchdog (3920449): [Sat Dec 23 01:06:45 PM CET 2023] starting server (port 2302)...
sudo: a terminal is required to read the password; either use the -S option to read from standard input or configure an askpass helper
sudo: a password is required
watchdog (3920449): [Sat Dec 23 01:06:45 PM CET 2023] server died, waiting to restart...
watchdog (3920449): [Sat Dec 23 01:06:50 PM CET 2023] starting server (port 2302)...
sudo: a terminal is required to read the password; either use the -S option to read from standard input or configure an askpass helper
sudo: a password is required
watchdog (3920449): [Sat Dec 23 01:06:50 PM CET 2023] server died, waiting to restart...
watchdog (3920449): [Sat Dec 23 01:06:55 PM CET 2023] starting server (port 2302)...
sudo: a terminal is required to read the password; either use the -S option to read from standard input or configure an askpass helper
sudo: a password is required
watchdog (3920449): [Sat Dec 23 01:06:55 PM CET 2023] server died, waiting to restart...
watchdog (3920449): [Sat Dec 23 01:07:00 PM CET 2023] starting server (port 2302)...
sudo: a terminal is required to read the password; either use the -S option to read from standard input or configure an askpass helper
sudo: a password is required
watchdog (3920449): [Sat Dec 23 01:07:00 PM CET 2023] server died, waiting to restart...
watchdog (3920449): [Sat Dec 23 01:07:05 PM CET 2023] starting server (port 2302)...
sudo: a terminal is required to read the password; either use the -S option to read from standard input or configure an askpass helper
sudo: a password is required
watchdog (3920449): [Sat Dec 23 01:07:05 PM CET 2023] server died, waiting to restart...
watchdog (3920449): [Sat Dec 23 01:07:10 PM CET 2023] starting server (port 2302)...
sudo: a terminal is required to read the password; either use the -S option to read from standard input or configure an askpass helper
sudo: a password is required
watchdog (3920449): [Sat Dec 23 01:07:10 PM CET 2023] server died, waiting to restart...
watchdog (3920449): [Sat Dec 23 01:07:15 PM CET 2023] starting server (port 2302)...
sudo: a terminal is required to read the password; either use the -S option to read from standard input or configure an askpass helper
sudo: a password is required
watchdog (3920449): [Sat Dec 23 01:07:15 PM CET 2023] server died, waiting to restart...
watchdog (3920449): [Sat Dec 23 01:07:20 PM CET 2023] starting server (port 2302)...
sudo: a terminal is required to read the password; either use the -S option to read from standard input or configure an askpass helper
sudo: a password is required
watchdog (3920449): [Sat Dec 23 01:07:20 PM CET 2023] server died, waiting to restart...
watchdog (3920449): [Sat Dec 23 01:07:25 PM CET 2023] starting server (port 2302)...
sudo: a terminal is required to read the password; either use the -S option to read from standard input or configure an askpass helper
sudo: a password is required
watchdog (3920449): [Sat Dec 23 01:07:25 PM CET 2023] server died, waiting to restart...
watchdog (3920449): [Sat Dec 23 01:07:30 PM CET 2023] starting server (port 2302)...
sudo: a terminal is required to read the password; either use the -S option to read from standard input or configure an askpass helper
sudo: a password is required
watchdog (3920449): [Sat Dec 23 01:07:30 PM CET 2023] server died, waiting to restart...
watchdog (3920449): [Sat Dec 23 01:07:35 PM CET 2023] starting server (port 2302)...
sudo: a terminal is required to read the password; either use the -S option to read from standard input or configure an askpass helper
sudo: a password is required
watchdog (3920449): [Sat Dec 23 01:07:35 PM CET 2023] server died, waiting to restart...
watchdog (3920449): [Sat Dec 23 01:07:40 PM CET 2023] starting server (port 2302)...
sudo: a terminal is required to read the password; either use the -S option to read from standard input or configure an askpass helper
sudo: a password is required
watchdog (3920449): [Sat Dec 23 01:07:40 PM CET 2023] server died, waiting to restart...
watchdog (3920449): [Sat Dec 23 01:07:45 PM CET 2023] starting server (port 2302)...
sudo: a terminal is required to read the password; either use the -S option to read from standard input or configure an askpass helper
sudo: a password is required
watchdog (3920449): [Sat Dec 23 01:07:45 PM CET 2023] server died, waiting to restart...
watchdog (3920449): [Sat Dec 23 01:07:50 PM CET 2023] starting server (port 2302)...
sudo: a terminal is required to read the password; either use the -S option to read from standard input or configure an askpass helper
sudo: a password is required
watchdog (3920449): [Sat Dec 23 01:07:50 PM CET 2023] server died, waiting to restart...
watchdog (3920449): [Sat Dec 23 01:07:55 PM CET 2023] starting server (port 2302)...
sudo: a terminal is required to read the password; either use the -S option to read from standard input or configure an askpass helper
sudo: a password is required
watchdog (3920449): [Sat Dec 23 01:07:55 PM CET 2023] server died, waiting to restart...
watchdog (3920449): [Sat Dec 23 01:08:00 PM CET 2023] starting server (port 2302)...
sudo: a terminal is required to read the password; either use the -S option to read from standard input or configure an askpass helper
sudo: a password is required
watchdog (3920449): [Sat Dec 23 01:08:00 PM CET 2023] server died, waiting to restart...
watchdog (3920449): [Sat Dec 23 01:08:05 PM CET 2023] starting server (port 2302)...
sudo: a terminal is required to read the password; either use the -S option to read from standard input or configure an askpass helper
sudo: a password is required
watchdog (3920449): [Sat Dec 23 01:08:05 PM CET 2023] server died, waiting to restart...
watchdog (3920449): [Sat Dec 23 01:08:10 PM CET 2023] starting server (port 2302)...
sudo: a terminal is required to read the password; either use the -S option to read from standard input or configure an askpass helper
sudo: a password is required
watchdog (3920449): [Sat Dec 23 01:08:10 PM CET 2023] server died, waiting to restart...
watchdog (3920449): [Sat Dec 23 01:08:15 PM CET 2023] starting server (port 2302)...
sudo: a terminal is required to read the password; either use the -S option to read from standard input or configure an askpass helper
sudo: a password is required
watchdog (3920449): [Sat Dec 23 01:08:15 PM CET 2023] server died, waiting to restart...
watchdog (3920449): [Sat Dec 23 01:08:20 PM CET 2023] starting server (port 2302)...
sudo: a terminal is required to read the password; either use the -S option to read from standard input or configure an askpass helper
sudo: a password is required
watchdog (3920449): [Sat Dec 23 01:08:20 PM CET 2023] server died, waiting to restart...
watchdog (3920449): [Sat Dec 23 01:08:25 PM CET 2023] starting server (port 2302)...
sudo: a terminal is required to read the password; either use the -S option to read from standard input or configure an askpass helper
sudo: a password is required
watchdog (3920449): [Sat Dec 23 01:08:25 PM CET 2023] server died, waiting to restart...
watchdog (3920449): [Sat Dec 23 01:08:30 PM CET 2023] starting server (port 2302)...
sudo: a terminal is required to read the password; either use the -S option to read from standard input or configure an askpass helper
sudo: a password is required
watchdog (3920449): [Sat Dec 23 01:08:30 PM CET 2023] server died, waiting to restart...
watchdog (3920449): [Sat Dec 23 01:08:35 PM CET 2023] starting server (port 2302)...
sudo: a terminal is required to read the password; either use the -S option to read from standard input or configure an askpass helper
sudo: a password is required
watchdog (3920449): [Sat Dec 23 01:08:35 PM CET 2023] server died, waiting to restart...
watchdog (3920449): [Sat Dec 23 01:08:40 PM CET 2023] starting server (port 2302)...
sudo: a terminal is required to read the password; either use the -S option to read from standard input or configure an askpass helper
sudo: a password is required
watchdog (3920449): [Sat Dec 23 01:08:40 PM CET 2023] server died, waiting to restart...
watchdog (3920449): [Sat Dec 23 01:08:45 PM CET 2023] starting server (port 2302)...
sudo: a terminal is required to read the password; either use the -S option to read from standard input or configure an askpass helper
sudo: a password is required
watchdog (3920449): [Sat Dec 23 01:08:45 PM CET 2023] server died, waiting to restart...
watchdog (3920449): [Sat Dec 23 01:08:50 PM CET 2023] starting server (port 2302)...
sudo: a terminal is required to read the password; either use the -S option to read from standard input or configure an askpass helper
sudo: a password is required
watchdog (3920449): [Sat Dec 23 01:08:51 PM CET 2023] server died, waiting to restart...
watchdog (3920449): [Sat Dec 23 01:08:56 PM CET 2023] starting server (port 2302)...
sudo: a terminal is required to read the password; either use the -S option to read from standard input or configure an askpass helper
sudo: a password is required
watchdog (3920449): [Sat Dec 23 01:08:56 PM CET 2023] server died, waiting to restart...
watchdog (3920449): [Sat Dec 23 01:09:01 PM CET 2023] starting server (port 2302)...
sudo: a terminal is required to read the password; either use the -S option to read from standard input or configure an askpass helper
sudo: a password is required
watchdog (3920449): [Sat Dec 23 01:09:01 PM CET 2023] server died, waiting to restart...
watchdog (3920449): [Sat Dec 23 01:09:06 PM CET 2023] starting server (port 2302)...
sudo: a terminal is required to read the password; either use the -S option to read from standard input or configure an askpass helper
sudo: a password is required
watchdog (3920449): [Sat Dec 23 01:09:06 PM CET 2023] server died, waiting to restart...
watchdog (3920449): [Sat Dec 23 01:09:11 PM CET 2023] starting server (port 2302)...
sudo: a terminal is required to read the password; either use the -S option to read from standard input or configure an askpass helper
sudo: a password is required
watchdog (3920449): [Sat Dec 23 01:09:11 PM CET 2023] server died, waiting to restart...
watchdog (3920449): [Sat Dec 23 01:09:16 PM CET 2023] starting server (port 2302)...
sudo: a terminal is required to read the password; either use the -S option to read from standard input or configure an askpass helper
sudo: a password is required
watchdog (3920449): [Sat Dec 23 01:09:16 PM CET 2023] server died, waiting to restart...
watchdog (3920449): [Sat Dec 23 01:09:21 PM CET 2023] starting server (port 2302)...
sudo: a terminal is required to read the password; either use the -S option to read from standard input or configure an askpass helper
sudo: a password is required
watchdog (3920449): [Sat Dec 23 01:09:21 PM CET 2023] server died, waiting to restart...
watchdog (3920449): [Sat Dec 23 01:09:26 PM CET 2023] starting server (port 2302)...
sudo: a terminal is required to read the password; either use the -S option to read from standard input or configure an askpass helper
sudo: a password is required
watchdog (3920449): [Sat Dec 23 01:09:26 PM CET 2023] server died, waiting to restart...
watchdog (3920449): [Sat Dec 23 01:09:31 PM CET 2023] starting server (port 2302)...
sudo: a terminal is required to read the password; either use the -S option to read from standard input or configure an askpass helper
sudo: a password is required
watchdog (3920449): [Sat Dec 23 01:09:31 PM CET 2023] server died, waiting to restart...
watchdog (3920449): [Sat Dec 23 01:09:36 PM CET 2023] starting server (port 2302)...
sudo: a terminal is required to read the password; either use the -S option to read from standard input or configure an askpass helper
sudo: a password is required
watchdog (3920449): [Sat Dec 23 01:09:36 PM CET 2023] server died, waiting to restart...
watchdog (3920449): [Sat Dec 23 01:09:41 PM CET 2023] starting server (port 2302)...
sudo: a terminal is required to read the password; either use the -S option to read from standard input or configure an askpass helper
sudo: a password is required
watchdog (3920449): [Sat Dec 23 01:09:41 PM CET 2023] server died, waiting to restart...
watchdog (3920449): [Sat Dec 23 01:09:46 PM CET 2023] starting server (port 2302)...
sudo: a terminal is required to read the password; either use the -S option to read from standard input or configure an askpass helper
sudo: a password is required
watchdog (3920449): [Sat Dec 23 01:09:46 PM CET 2023] server died, waiting to restart...
watchdog (3920449): [Sat Dec 23 01:09:51 PM CET 2023] starting server (port 2302)...
sudo: a terminal is required to read the password; either use the -S option to read from standard input or configure an askpass helper
sudo: a password is required
watchdog (3920449): [Sat Dec 23 01:09:51 PM CET 2023] server died, waiting to restart...
watchdog (3920449): [Sat Dec 23 01:09:56 PM CET 2023] starting server (port 2302)...
sudo: a terminal is required to read the password; either use the -S option to read from standard input or configure an askpass helper
sudo: a password is required
watchdog (3920449): [Sat Dec 23 01:09:56 PM CET 2023] server died, waiting to restart...
watchdog (3920449): [Sat Dec 23 01:10:01 PM CET 2023] starting server (port 2302)...
sudo: a terminal is required to read the password; either use the -S option to read from standard input or configure an askpass helper
sudo: a password is required
watchdog (3920449): [Sat Dec 23 01:10:01 PM CET 2023] server died, waiting to restart...
watchdog (3920449): [Sat Dec 23 01:10:06 PM CET 2023] starting server (port 2302)...
sudo: a terminal is required to read the password; either use the -S option to read from standard input or configure an askpass helper
sudo: a password is required
watchdog (3920449): [Sat Dec 23 01:10:06 PM CET 2023] server died, waiting to restart...
