SLASS: watchdog (695475): [Thu Dec 28 05:57:12 PM CET 2023] deleting all logfiles in /home/slad/slasstesting/log when older then 3 days.
SLASS: watchdog (695475): [Thu Dec 28 05:57:12 PM CET 2023] starting server (port 2332)...
SLASS: watchdog (695475): [Thu Dec 28 05:57:41 PM CET 2023] starting server (port 2332)...
SLASS: watchdog (695475): [Thu Dec 28 05:57:46 PM CET 2023] starting server (port 2332)...
SLASS: watchdog (695475): [Thu Dec 28 05:57:51 PM CET 2023] starting server (port 2332)...
SLASS: watchdog (695475): [Thu Dec 28 05:57:56 PM CET 2023] starting server (port 2332)...
SLASS: watchdog (695475): [Thu Dec 28 05:58:01 PM CET 2023] starting server (port 2332)...
46 PM CET 2023] starting server (port 2332)...
sudo: unable to read password: Input/output error
sudo: a password is required
watchdog (695475): [Thu Dec 28 05:57:46 PM CET 2023] server died, waiting to restart...
watchdog (695475): [Thu Dec 28 05:57:51 PM CET 2023] starting server (port 2332)...
sudo: unable to read password: Input/output error
sudo: a password is required
watchdog (695475): [Thu Dec 28 05:57:51 PM CET 2023] server died, waiting to restart...
watchdog (695475): [Thu Dec 28 05:57:56 PM CET 2023] starting server (port 2332)...
sudo: unable to read password: Input/output error
sudo: a password is required
watchdog (695475): [Thu Dec 28 05:57:56 PM CET 2023] server died, waiting to restart...
watchdog (695475): [Thu Dec 28 05:58:01 PM CET 2023] starting server (port 2332)...
sudo: unable to read password: Input/output error
sudo: a password is required
watchdog (695475): [Thu Dec 28 05:58:01 PM CET 2023] server died, waiting to restart...
