/home/slad/slasstesting/a3/a3srv1/startparameters_1.scfg: line 3: Dessau: command not found
/home/slad/slasstesting/a3/a3srv1/startparameters_1.scfg: line 13: _mods/@em: No such file or directory
/home/slad/slasstesting/a3/a3srv1/startparameters_1.scfg: line 13: gm: command not found
/home/slad/slasstesting/a3/a3srv1/startparameters_1.scfg: line 14: _mods/@slmd: No such file or directory
/home/slad/slasstesting/a3/a3srv1/startparameters_1.scfg: line 14: _mods/@slz: No such file or directory
SLASS: loaded /home/slad/slasstesting/slass-data/function/slass/fn_stopServer.sh
SLASS: loaded /home/slad/slasstesting/slass-data/function/slass/fn_restartServer.sh
SLASS: loaded /home/slad/slasstesting/slass-data/function/slass/fn_startServer.sh
SLASS: loaded /home/slad/slasstesting/slass-data/function/slass/fn_createServer.sh
SLASS: loaded /home/slad/slasstesting/slass-data/function/installer/fn_deleteAndCreateUser.sh
SLASS: loaded /home/slad/slasstesting/slass-data/function/installer/fn_createAlias.sh
SLASS: loaded /home/slad/slasstesting/slass-data/function/common/fn_debugMessage.sh
SLASS: loaded /home/slad/slasstesting/slass-data/function/common/fn_printMessage.sh
SLASS: watchdog (294840): [Tue Dec 26 05:20:28 PM CET 2023] deleting all logfiles in /home/slad/slasstesting/log when older then 3 days.
SLASS: watchdog (294840): [Tue Dec 26 05:20:28 PM CET 2023] starting server (port 2302)...
SLASS: watchdog (294840): [Tue Dec 26 05:20:33 PM CET 2023] starting server (port 2302)...
SLASS: watchdog (294840): [Tue Dec 26 05:20:38 PM CET 2023] starting server (port 2302)...
SLASS: watchdog (294840): [Tue Dec 26 05:20:43 PM CET 2023] starting server (port 2302)...
SLASS: watchdog (294840): [Tue Dec 26 05:20:48 PM CET 2023] starting server (port 2302)...
SLASS: watchdog (294840): [Tue Dec 26 05:20:53 PM CET 2023] starting server (port 2302)...
SLASS: watchdog (294840): [Tue Dec 26 05:20:58 PM CET 2023] starting server (port 2302)...
SLASS: watchdog (294840): [Tue Dec 26 05:21:03 PM CET 2023] starting server (port 2302)...
SLASS: watchdog (294840): [Tue Dec 26 05:21:08 PM CET 2023] starting server (port 2302)...
SLASS: watchdog (294840): [Tue Dec 26 05:21:13 PM CET 2023] starting server (port 2302)...
SLASS: watchdog (294840): [Tue Dec 26 05:21:18 PM CET 2023] starting server (port 2302)...
SLASS: watchdog (294840): [Tue Dec 26 05:21:23 PM CET 2023] starting server (port 2302)...
SLASS: watchdog (294840): [Tue Dec 26 05:21:28 PM CET 2023] starting server (port 2302)...
SLASS: watchdog (294840): [Tue Dec 26 05:21:33 PM CET 2023] starting server (port 2302)...
SLASS: watchdog (294840): [Tue Dec 26 05:21:38 PM CET 2023] starting server (port 2302)...
SLASS: watchdog (294840): [Tue Dec 26 05:21:43 PM CET 2023] starting server (port 2302)...
a3server: error while loading shared libraries: libsteam_api.so: cannot open shared object file: No such file or directory
watchdog (294840): [Tue Dec 26 05:20:48 PM CET 2023] server died, waiting to restart...
watchdog (294840): [Tue Dec 26 05:20:53 PM CET 2023] starting server (port 2302)...
/home/slad/slasstesting/a3/a3srv1/arma3server: error while loading shared libraries: libsteam_api.so: cannot open shared object file: No such file or directory
watchdog (294840): [Tue Dec 26 05:20:53 PM CET 2023] server died, waiting to restart...
watchdog (294840): [Tue Dec 26 05:20:58 PM CET 2023] starting server (port 2302)...
/home/slad/slasstesting/a3/a3srv1/arma3server: error while loading shared libraries: libsteam_api.so: cannot open shared object file: No such file or directory
watchdog (294840): [Tue Dec 26 05:20:58 PM CET 2023] server died, waiting to restart...
watchdog (294840): [Tue Dec 26 05:21:03 PM CET 2023] starting server (port 2302)...
/home/slad/slasstesting/a3/a3srv1/arma3server: error while loading shared libraries: libsteam_api.so: cannot open shared object file: No such file or directory
watchdog (294840): [Tue Dec 26 05:21:03 PM CET 2023] server died, waiting to restart...
watchdog (294840): [Tue Dec 26 05:21:08 PM CET 2023] starting server (port 2302)...
/home/slad/slasstesting/a3/a3srv1/arma3server: error while loading shared libraries: libsteam_api.so: cannot open shared object file: No such file or directory
watchdog (294840): [Tue Dec 26 05:21:08 PM CET 2023] server died, waiting to restart...
watchdog (294840): [Tue Dec 26 05:21:13 PM CET 2023] starting server (port 2302)...
/home/slad/slasstesting/a3/a3srv1/arma3server: error while loading shared libraries: libsteam_api.so: cannot open shared object file: No such file or directory
watchdog (294840): [Tue Dec 26 05:21:13 PM CET 2023] server died, waiting to restart...
watchdog (294840): [Tue Dec 26 05:21:18 PM CET 2023] starting server (port 2302)...
/home/slad/slasstesting/a3/a3srv1/arma3server: error while loading shared libraries: libsteam_api.so: cannot open shared object file: No such file or directory
watchdog (294840): [Tue Dec 26 05:21:18 PM CET 2023] server died, waiting to restart...
watchdog (294840): [Tue Dec 26 05:21:23 PM CET 2023] starting server (port 2302)...
/home/slad/slasstesting/a3/a3srv1/arma3server: error while loading shared libraries: libsteam_api.so: cannot open shared object file: No such file or directory
watchdog (294840): [Tue Dec 26 05:21:23 PM CET 2023] server died, waiting to restart...
watchdog (294840): [Tue Dec 26 05:21:28 PM CET 2023] starting server (port 2302)...
/home/slad/slasstesting/a3/a3srv1/arma3server: error while loading shared libraries: libsteam_api.so: cannot open shared object file: No such file or directory
watchdog (294840): [Tue Dec 26 05:21:28 PM CET 2023] server died, waiting to restart...
watchdog (294840): [Tue Dec 26 05:21:33 PM CET 2023] starting server (port 2302)...
/home/slad/slasstesting/a3/a3srv1/arma3server: error while loading shared libraries: libsteam_api.so: cannot open shared object file: No such file or directory
watchdog (294840): [Tue Dec 26 05:21:33 PM CET 2023] server died, waiting to restart...
watchdog (294840): [Tue Dec 26 05:21:38 PM CET 2023] starting server (port 2302)...
/home/slad/slasstesting/a3/a3srv1/arma3server: error while loading shared libraries: libsteam_api.so: cannot open shared object file: No such file or directory
watchdog (294840): [Tue Dec 26 05:21:38 PM CET 2023] server died, waiting to restart...
watchdog (294840): [Tue Dec 26 05:21:43 PM CET 2023] starting server (port 2302)...
/home/slad/slasstesting/a3/a3srv1/arma3server: error while loading shared libraries: libsteam_api.so: cannot open shared object file: No such file or directory
watchdog (294840): [Tue Dec 26 05:21:43 PM CET 2023] server died, waiting to restart...
