SLASS: loaded /home/slad/slasstesting/slass-data/function/slass/fn_stopServer.sh
SLASS: loaded /home/slad/slasstesting/slass-data/function/slass/fn_restartServer.sh
SLASS: loaded /home/slad/slasstesting/slass-data/function/slass/fn_startServer.sh
SLASS: loaded /home/slad/slasstesting/slass-data/function/slass/fn_createServer.sh
SLASS: loaded /home/slad/slasstesting/slass-data/function/installer/fn_deleteAndCreateUser.sh
SLASS: loaded /home/slad/slasstesting/slass-data/function/installer/fn_createAlias.sh
SLASS: loaded /home/slad/slasstesting/slass-data/function/common/fn_debugMessage.sh
SLASS: loaded /home/slad/slasstesting/slass-data/function/common/fn_printMessage.sh
SLASS: loaded /home/slad/slasstesting/slass-data/function/common/fn_rmserverdir.sh
SLASS: watchdog (631233): [Thu Dec 28 12:56:30 PM CET 2023] deleting all logfiles in /home/slad/slasstesting/log when older then 3 days.
SLASS: watchdog (631233): [Thu Dec 28 12:56:30 PM CET 2023] starting server (port 2304)...
SLASS: watchdog (631233): [Thu Dec 28 12:56:35 PM CET 2023] starting server (port 2304)...
SLASS: watchdog (631233): [Thu Dec 28 12:56:40 PM CET 2023] starting server (port 2304)...
SLASS: watchdog (631233): [Thu Dec 28 12:56:45 PM CET 2023] starting server (port 2304)...
SLASS: watchdog (631233): [Thu Dec 28 12:56:50 PM CET 2023] starting server (port 2304)...
SLASS: watchdog (631233): [Thu Dec 28 12:56:55 PM CET 2023] starting server (port 2304)...
SLASS: watchdog (631233): [Thu Dec 28 12:57:00 PM CET 2023] starting server (port 2304)...
erver died, waiting to restart...
watchdog (631233): [Thu Dec 28 12:56:40 PM CET 2023] starting server (port 2304)...
/home/slad/slasstesting/a3/a3srv1/arma3server: error while loading shared libraries: libsteam_api.so: cannot open shared object file: No such file or directory
watchdog (631233): [Thu Dec 28 12:56:40 PM CET 2023] server died, waiting to restart...
watchdog (631233): [Thu Dec 28 12:56:45 PM CET 2023] starting server (port 2304)...
/home/slad/slasstesting/a3/a3srv1/arma3server: error while loading shared libraries: libsteam_api.so: cannot open shared object file: No such file or directory
watchdog (631233): [Thu Dec 28 12:56:45 PM CET 2023] server died, waiting to restart...
watchdog (631233): [Thu Dec 28 12:56:50 PM CET 2023] starting server (port 2304)...
/home/slad/slasstesting/a3/a3srv1/arma3server: error while loading shared libraries: libsteam_api.so: cannot open shared object file: No such file or directory
watchdog (631233): [Thu Dec 28 12:56:50 PM CET 2023] server died, waiting to restart...
watchdog (631233): [Thu Dec 28 12:56:55 PM CET 2023] starting server (port 2304)...
/home/slad/slasstesting/a3/a3srv1/arma3server: error while loading shared libraries: libsteam_api.so: cannot open shared object file: No such file or directory
watchdog (631233): [Thu Dec 28 12:56:55 PM CET 2023] server died, waiting to restart...
watchdog (631233): [Thu Dec 28 12:57:00 PM CET 2023] starting server (port 2304)...
/home/slad/slasstesting/a3/a3srv1/arma3server: error while loading shared libraries: libsteam_api.so: cannot open shared object file: No such file or directory
watchdog (631233): [Thu Dec 28 12:57:00 PM CET 2023] server died, waiting to restart...
