SLASS: watchdog (705277): [Thu Dec 28 06:25:31 PM CET 2023] deleting all logfiles in /home/slad/slasstesting/log when older then 3 days.
SLASS: watchdog (705277): [Thu Dec 28 06:25:31 PM CET 2023] starting server (port 2332)...
SLASS: watchdog (705277): [Thu Dec 28 06:25:36 PM CET 2023] starting server (port 2332)...
SLASS: watchdog (705277): [Thu Dec 28 06:25:41 PM CET 2023] starting server (port 2332)...
SLASS: watchdog (705277): [Thu Dec 28 06:25:46 PM CET 2023] starting server (port 2332)...
SLASS: watchdog (705277): [Thu Dec 28 06:25:51 PM CET 2023] starting server (port 2332)...
SLASS: watchdog (705277): [Thu Dec 28 06:25:57 PM CET 2023] starting server (port 2332)...
SLASS: watchdog (705277): [Thu Dec 28 06:26:02 PM CET 2023] starting server (port 2332)...
SLASS: watchdog (705277): [Thu Dec 28 06:26:07 PM CET 2023] starting server (port 2332)...
SLASS: watchdog (705277): [Thu Dec 28 06:26:12 PM CET 2023] starting server (port 2332)...
SLASS: watchdog (705277): [Thu Dec 28 06:26:17 PM CET 2023] starting server (port 2332)...
SLASS: watchdog (705277): [Thu Dec 28 06:26:22 PM CET 2023] starting server (port 2332)...
SLASS: watchdog (705277): [Thu Dec 28 06:26:27 PM CET 2023] starting server (port 2332)...
SLASS: watchdog (705277): [Thu Dec 28 06:26:32 PM CET 2023] starting server (port 2332)...
SLASS: watchdog (705277): [Thu Dec 28 06:26:37 PM CET 2023] starting server (port 2332)...
SLASS: watchdog (705277): [Thu Dec 28 06:26:42 PM CET 2023] starting server (port 2332)...
SLASS: watchdog (705277): [Thu Dec 28 06:26:47 PM CET 2023] starting server (port 2332)...
SLASS: watchdog (705277): [Thu Dec 28 06:26:52 PM CET 2023] starting server (port 2332)...
SLASS: watchdog (705277): [Thu Dec 28 06:26:57 PM CET 2023] starting server (port 2332)...
SLASS: watchdog (705277): [Thu Dec 28 06:27:02 PM CET 2023] starting server (port 2332)...
SLASS: watchdog (705277): [Thu Dec 28 06:27:07 PM CET 2023] starting server (port 2332)...
SLASS: watchdog (705277): [Thu Dec 28 06:27:12 PM CET 2023] starting server (port 2332)...
SLASS: watchdog (705277): [Thu Dec 28 06:27:17 PM CET 2023] starting server (port 2332)...
SLASS: watchdog (705277): [Thu Dec 28 06:27:22 PM CET 2023] starting server (port 2332)...
SLASS: watchdog (705277): [Thu Dec 28 06:27:27 PM CET 2023] starting server (port 2332)...
SLASS: watchdog (705277): [Thu Dec 28 06:27:32 PM CET 2023] starting server (port 2332)...
SLASS: watchdog (705277): [Thu Dec 28 06:27:37 PM CET 2023] starting server (port 2332)...
SLASS: watchdog (705277): [Thu Dec 28 06:27:42 PM CET 2023] starting server (port 2332)...
SLASS: watchdog (705277): [Thu Dec 28 06:27:47 PM CET 2023] starting server (port 2332)...
SLASS: watchdog (705277): [Thu Dec 28 06:27:52 PM CET 2023] starting server (port 2332)...
SLASS: watchdog (705277): [Thu Dec 28 06:27:57 PM CET 2023] starting server (port 2332)...
SLASS: watchdog (705277): [Thu Dec 28 06:28:02 PM CET 2023] starting server (port 2332)...
SLASS: watchdog (705277): [Thu Dec 28 06:28:07 PM CET 2023] starting server (port 2332)...
SLASS: watchdog (705277): [Thu Dec 28 06:28:12 PM CET 2023] starting server (port 2332)...
SLASS: watchdog (705277): [Thu Dec 28 06:28:17 PM CET 2023] starting server (port 2332)...
SLASS: watchdog (705277): [Thu Dec 28 06:28:22 PM CET 2023] starting server (port 2332)...
SLASS: watchdog (705277): [Thu Dec 28 06:28:27 PM CET 2023] starting server (port 2332)...
SLASS: watchdog (705277): [Thu Dec 28 06:28:32 PM CET 2023] starting server (port 2332)...
SLASS: watchdog (705277): [Thu Dec 28 06:28:37 PM CET 2023] starting server (port 2332)...
SLASS: watchdog (705277): [Thu Dec 28 06:28:42 PM CET 2023] starting server (port 2332)...
SLASS: watchdog (705277): [Thu Dec 28 06:28:47 PM CET 2023] starting server (port 2332)...
SLASS: watchdog (705277): [Thu Dec 28 06:28:52 PM CET 2023] starting server (port 2332)...
SLASS: watchdog (705277): [Thu Dec 28 06:28:57 PM CET 2023] starting server (port 2332)...
SLASS: watchdog (705277): [Thu Dec 28 06:29:02 PM CET 2023] starting server (port 2332)...
SLASS: watchdog (705277): [Thu Dec 28 06:29:07 PM CET 2023] starting server (port 2332)...
SLASS: watchdog (705277): [Thu Dec 28 06:29:12 PM CET 2023] starting server (port 2332)...
SLASS: watchdog (705277): [Thu Dec 28 06:29:17 PM CET 2023] starting server (port 2332)...
SLASS: watchdog (705277): [Thu Dec 28 06:29:22 PM CET 2023] starting server (port 2332)...
SLASS: watchdog (705277): [Thu Dec 28 06:29:27 PM CET 2023] starting server (port 2332)...
SLASS: watchdog (705277): [Thu Dec 28 06:29:33 PM CET 2023] starting server (port 2332)...
SLASS: watchdog (705277): [Thu Dec 28 06:29:38 PM CET 2023] starting server (port 2332)...
SLASS: watchdog (705277): [Thu Dec 28 06:29:43 PM CET 2023] starting server (port 2332)...
SLASS: watchdog (705277): [Thu Dec 28 06:29:48 PM CET 2023] starting server (port 2332)...
SLASS: watchdog (705277): [Thu Dec 28 06:29:53 PM CET 2023] starting server (port 2332)...
SLASS: watchdog (705277): [Thu Dec 28 06:29:58 PM CET 2023] starting server (port 2332)...
SLASS: watchdog (705277): [Thu Dec 28 06:30:03 PM CET 2023] starting server (port 2332)...
SLASS: watchdog (705277): [Thu Dec 28 06:30:08 PM CET 2023] starting server (port 2332)...
SLASS: watchdog (705277): [Thu Dec 28 06:30:13 PM CET 2023] starting server (port 2332)...
SLASS: watchdog (705277): [Thu Dec 28 06:30:18 PM CET 2023] starting server (port 2332)...
SLASS: watchdog (705277): [Thu Dec 28 06:30:23 PM CET 2023] starting server (port 2332)...
SLASS: watchdog (705277): [Thu Dec 28 06:30:28 PM CET 2023] starting server (port 2332)...
SLASS: watchdog (705277): [Thu Dec 28 06:30:33 PM CET 2023] starting server (port 2332)...
SLASS: watchdog (705277): [Thu Dec 28 06:30:38 PM CET 2023] starting server (port 2332)...
SLASS: watchdog (705277): [Thu Dec 28 06:30:43 PM CET 2023] starting server (port 2332)...
SLASS: watchdog (705277): [Thu Dec 28 06:30:48 PM CET 2023] starting server (port 2332)...
SLASS: watchdog (705277): [Thu Dec 28 06:30:53 PM CET 2023] starting server (port 2332)...
SLASS: watchdog (705277): [Thu Dec 28 06:30:58 PM CET 2023] starting server (port 2332)...
SLASS: watchdog (705277): [Thu Dec 28 06:31:03 PM CET 2023] starting server (port 2332)...
SLASS: watchdog (705277): [Thu Dec 28 06:31:08 PM CET 2023] starting server (port 2332)...
SLASS: watchdog (705277): [Thu Dec 28 06:31:13 PM CET 2023] starting server (port 2332)...
SLASS: watchdog (705277): [Thu Dec 28 06:31:18 PM CET 2023] starting server (port 2332)...
SLASS: watchdog (705277): [Thu Dec 28 06:31:23 PM CET 2023] starting server (port 2332)...
SLASS: watchdog (705277): [Thu Dec 28 06:31:28 PM CET 2023] starting server (port 2332)...
SLASS: watchdog (705277): [Thu Dec 28 06:31:33 PM CET 2023] starting server (port 2332)...
SLASS: watchdog (705277): [Thu Dec 28 06:31:38 PM CET 2023] starting server (port 2332)...
SLASS: watchdog (705277): [Thu Dec 28 06:31:43 PM CET 2023] starting server (port 2332)...
SLASS: watchdog (705277): [Thu Dec 28 06:31:48 PM CET 2023] starting server (port 2332)...
SLASS: watchdog (705277): [Thu Dec 28 06:31:53 PM CET 2023] starting server (port 2332)...
SLASS: watchdog (705277): [Thu Dec 28 06:31:58 PM CET 2023] starting server (port 2332)...
SLASS: watchdog (705277): [Thu Dec 28 06:32:03 PM CET 2023] starting server (port 2332)...
SLASS: watchdog (705277): [Thu Dec 28 06:32:08 PM CET 2023] starting server (port 2332)...
SLASS: watchdog (705277): [Thu Dec 28 06:32:13 PM CET 2023] starting server (port 2332)...
SLASS: watchdog (705277): [Thu Dec 28 06:32:18 PM CET 2023] starting server (port 2332)...
SLASS: watchdog (705277): [Thu Dec 28 06:32:23 PM CET 2023] starting server (port 2332)...
SLASS: watchdog (705277): [Thu Dec 28 06:32:28 PM CET 2023] starting server (port 2332)...
SLASS: watchdog (705277): [Thu Dec 28 06:32:33 PM CET 2023] starting server (port 2332)...
SLASS: watchdog (705277): [Thu Dec 28 06:32:38 PM CET 2023] starting server (port 2332)...
SLASS: watchdog (705277): [Thu Dec 28 06:32:43 PM CET 2023] starting server (port 2332)...
SLASS: watchdog (705277): [Thu Dec 28 06:32:48 PM CET 2023] starting server (port 2332)...
SLASS: watchdog (705277): [Thu Dec 28 06:32:53 PM CET 2023] starting server (port 2332)...
SLASS: watchdog (705277): [Thu Dec 28 06:32:58 PM CET 2023] starting server (port 2332)...
SLASS: watchdog (705277): [Thu Dec 28 06:33:04 PM CET 2023] starting server (port 2332)...
SLASS: watchdog (705277): [Thu Dec 28 06:33:09 PM CET 2023] starting server (port 2332)...
SLASS: watchdog (705277): [Thu Dec 28 06:33:14 PM CET 2023] starting server (port 2332)...
SLASS: watchdog (705277): [Thu Dec 28 06:33:19 PM CET 2023] starting server (port 2332)...
SLASS: watchdog (705277): [Thu Dec 28 06:33:24 PM CET 2023] starting server (port 2332)...
SLASS: watchdog (705277): [Thu Dec 28 06:33:29 PM CET 2023] starting server (port 2332)...
SLASS: watchdog (705277): [Thu Dec 28 06:33:34 PM CET 2023] starting server (port 2332)...
SLASS: watchdog (705277): [Thu Dec 28 06:33:39 PM CET 2023] starting server (port 2332)...
SLASS: watchdog (705277): [Thu Dec 28 06:33:44 PM CET 2023] starting server (port 2332)...
SLASS: watchdog (705277): [Thu Dec 28 06:33:49 PM CET 2023] starting server (port 2332)...
SLASS: watchdog (705277): [Thu Dec 28 06:33:54 PM CET 2023] starting server (port 2332)...
SLASS: watchdog (705277): [Thu Dec 28 06:33:59 PM CET 2023] starting server (port 2332)...
SLASS: watchdog (705277): [Thu Dec 28 06:34:04 PM CET 2023] starting server (port 2332)...
SLASS: watchdog (705277): [Thu Dec 28 06:34:09 PM CET 2023] starting server (port 2332)...
SLASS: watchdog (705277): [Thu Dec 28 06:34:14 PM CET 2023] starting server (port 2332)...
SLASS: watchdog (705277): [Thu Dec 28 06:34:19 PM CET 2023] starting server (port 2332)...
SLASS: watchdog (705277): [Thu Dec 28 06:34:24 PM CET 2023] starting server (port 2332)...
SLASS: watchdog (705277): [Thu Dec 28 06:34:29 PM CET 2023] starting server (port 2332)...
SLASS: watchdog (705277): [Thu Dec 28 06:34:34 PM CET 2023] starting server (port 2332)...
SLASS: watchdog (705277): [Thu Dec 28 06:34:39 PM CET 2023] starting server (port 2332)...
SLASS: watchdog (705277): [Thu Dec 28 06:34:44 PM CET 2023] starting server (port 2332)...
SLASS: watchdog (705277): [Thu Dec 28 06:34:49 PM CET 2023] starting server (port 2332)...
SLASS: watchdog (705277): [Thu Dec 28 06:34:54 PM CET 2023] starting server (port 2332)...
SLASS: watchdog (705277): [Thu Dec 28 06:34:59 PM CET 2023] starting server (port 2332)...
SLASS: watchdog (705277): [Thu Dec 28 06:35:04 PM CET 2023] starting server (port 2332)...
SLASS: watchdog (705277): [Thu Dec 28 06:35:09 PM CET 2023] starting server (port 2332)...
SLASS: watchdog (705277): [Thu Dec 28 06:35:14 PM CET 2023] starting server (port 2332)...
SLASS: watchdog (705277): [Thu Dec 28 06:35:19 PM CET 2023] starting server (port 2332)...
SLASS: watchdog (705277): [Thu Dec 28 06:35:24 PM CET 2023] starting server (port 2332)...
SLASS: watchdog (705277): [Thu Dec 28 06:35:29 PM CET 2023] starting server (port 2332)...
SLASS: watchdog (705277): [Thu Dec 28 06:35:34 PM CET 2023] starting server (port 2332)...
SLASS: watchdog (705277): [Thu Dec 28 06:35:39 PM CET 2023] starting server (port 2332)...
SLASS: watchdog (705277): [Thu Dec 28 06:35:44 PM CET 2023] starting server (port 2332)...
SLASS: watchdog (705277): [Thu Dec 28 06:35:49 PM CET 2023] starting server (port 2332)...
SLASS: watchdog (705277): [Thu Dec 28 06:35:54 PM CET 2023] starting server (port 2332)...
SLASS: watchdog (705277): [Thu Dec 28 06:35:59 PM CET 2023] starting server (port 2332)...
SLASS: watchdog (705277): [Thu Dec 28 06:36:04 PM CET 2023] starting server (port 2332)...
SLASS: watchdog (705277): [Thu Dec 28 06:36:09 PM CET 2023] starting server (port 2332)...
SLASS: watchdog (705277): [Thu Dec 28 06:36:14 PM CET 2023] starting server (port 2332)...
SLASS: watchdog (705277): [Thu Dec 28 06:36:19 PM CET 2023] starting server (port 2332)...
SLASS: watchdog (705277): [Thu Dec 28 06:36:24 PM CET 2023] starting server (port 2332)...
SLASS: watchdog (705277): [Thu Dec 28 06:36:29 PM CET 2023] starting server (port 2332)...
SLASS: watchdog (705277): [Thu Dec 28 06:36:35 PM CET 2023] starting server (port 2332)...
SLASS: watchdog (705277): [Thu Dec 28 06:36:40 PM CET 2023] starting server (port 2332)...
SLASS: watchdog (705277): [Thu Dec 28 06:36:45 PM CET 2023] starting server (port 2332)...
SLASS: watchdog (705277): [Thu Dec 28 06:36:50 PM CET 2023] starting server (port 2332)...
SLASS: watchdog (705277): [Thu Dec 28 06:36:55 PM CET 2023] starting server (port 2332)...
SLASS: watchdog (705277): [Thu Dec 28 06:37:00 PM CET 2023] starting server (port 2332)...
SLASS: watchdog (705277): [Thu Dec 28 06:37:05 PM CET 2023] starting server (port 2332)...
SLASS: watchdog (705277): [Thu Dec 28 06:37:10 PM CET 2023] starting server (port 2332)...
SLASS: watchdog (705277): [Thu Dec 28 06:37:15 PM CET 2023] starting server (port 2332)...
SLASS: watchdog (705277): [Thu Dec 28 06:37:20 PM CET 2023] starting server (port 2332)...
SLASS: watchdog (705277): [Thu Dec 28 06:37:25 PM CET 2023] starting server (port 2332)...
SLASS: watchdog (705277): [Thu Dec 28 06:37:30 PM CET 2023] starting server (port 2332)...
SLASS: watchdog (705277): [Thu Dec 28 06:37:35 PM CET 2023] starting server (port 2332)...
SLASS: watchdog (705277): [Thu Dec 28 06:37:40 PM CET 2023] starting server (port 2332)...
SLASS: watchdog (705277): [Thu Dec 28 06:37:45 PM CET 2023] starting server (port 2332)...
SLASS: watchdog (705277): [Thu Dec 28 06:37:50 PM CET 2023] starting server (port 2332)...
SLASS: watchdog (705277): [Thu Dec 28 06:37:55 PM CET 2023] starting server (port 2332)...
SLASS: watchdog (705277): [Thu Dec 28 06:38:00 PM CET 2023] starting server (port 2332)...
SLASS: watchdog (705277): [Thu Dec 28 06:38:05 PM CET 2023] starting server (port 2332)...
SLASS: watchdog (705277): [Thu Dec 28 06:38:10 PM CET 2023] starting server (port 2332)...
SLASS: watchdog (705277): [Thu Dec 28 06:38:15 PM CET 2023] starting server (port 2332)...
SLASS: watchdog (705277): [Thu Dec 28 06:38:20 PM CET 2023] starting server (port 2332)...
SLASS: watchdog (705277): [Thu Dec 28 06:38:25 PM CET 2023] starting server (port 2332)...
SLASS: watchdog (705277): [Thu Dec 28 06:38:30 PM CET 2023] starting server (port 2332)...
SLASS: watchdog (705277): [Thu Dec 28 06:38:35 PM CET 2023] starting server (port 2332)...
SLASS: watchdog (705277): [Thu Dec 28 06:38:40 PM CET 2023] starting server (port 2332)...
SLASS: watchdog (705277): [Thu Dec 28 06:38:45 PM CET 2023] starting server (port 2332)...
SLASS: watchdog (705277): [Thu Dec 28 06:38:50 PM CET 2023] starting server (port 2332)...
SLASS: watchdog (705277): [Thu Dec 28 06:38:55 PM CET 2023] starting server (port 2332)...
SLASS: watchdog (705277): [Thu Dec 28 06:39:00 PM CET 2023] starting server (port 2332)...
SLASS: watchdog (705277): [Thu Dec 28 06:39:05 PM CET 2023] starting server (port 2332)...
SLASS: watchdog (705277): [Thu Dec 28 06:39:10 PM CET 2023] starting server (port 2332)...
SLASS: watchdog (705277): [Thu Dec 28 06:39:15 PM CET 2023] starting server (port 2332)...
SLASS: watchdog (705277): [Thu Dec 28 06:39:20 PM CET 2023] starting server (port 2332)...
SLASS: watchdog (705277): [Thu Dec 28 06:39:25 PM CET 2023] starting server (port 2332)...
SLASS: watchdog (705277): [Thu Dec 28 06:39:30 PM CET 2023] starting server (port 2332)...
SLASS: watchdog (705277): [Thu Dec 28 06:39:35 PM CET 2023] starting server (port 2332)...
SLASS: watchdog (705277): [Thu Dec 28 06:39:40 PM CET 2023] starting server (port 2332)...
SLASS: watchdog (705277): [Thu Dec 28 06:39:46 PM CET 2023] starting server (port 2332)...
SLASS: watchdog (705277): [Thu Dec 28 06:39:51 PM CET 2023] starting server (port 2332)...
SLASS: watchdog (705277): [Thu Dec 28 06:39:56 PM CET 2023] starting server (port 2332)...
SLASS: watchdog (705277): [Thu Dec 28 06:40:01 PM CET 2023] starting server (port 2332)...
SLASS: watchdog (705277): [Thu Dec 28 06:40:06 PM CET 2023] starting server (port 2332)...
SLASS: watchdog (705277): [Thu Dec 28 06:40:11 PM CET 2023] starting server (port 2332)...
SLASS: watchdog (705277): [Thu Dec 28 06:40:16 PM CET 2023] starting server (port 2332)...
SLASS: watchdog (705277): [Thu Dec 28 06:40:21 PM CET 2023] starting server (port 2332)...
SLASS: watchdog (705277): [Thu Dec 28 06:40:26 PM CET 2023] starting server (port 2332)...
SLASS: watchdog (705277): [Thu Dec 28 06:40:31 PM CET 2023] starting server (port 2332)...
SLASS: watchdog (705277): [Thu Dec 28 06:40:36 PM CET 2023] starting server (port 2332)...
SLASS: watchdog (705277): [Thu Dec 28 06:40:41 PM CET 2023] starting server (port 2332)...
SLASS: watchdog (705277): [Thu Dec 28 06:40:46 PM CET 2023] starting server (port 2332)...
SLASS: watchdog (705277): [Thu Dec 28 06:40:51 PM CET 2023] starting server (port 2332)...
SLASS: watchdog (705277): [Thu Dec 28 06:40:56 PM CET 2023] starting server (port 2332)...
SLASS: watchdog (705277): [Thu Dec 28 06:41:01 PM CET 2023] starting server (port 2332)...
SLASS: watchdog (705277): [Thu Dec 28 06:41:06 PM CET 2023] starting server (port 2332)...
SLASS: watchdog (705277): [Thu Dec 28 06:41:11 PM CET 2023] starting server (port 2332)...
SLASS: watchdog (705277): [Thu Dec 28 06:41:16 PM CET 2023] starting server (port 2332)...
SLASS: watchdog (705277): [Thu Dec 28 06:41:21 PM CET 2023] starting server (port 2332)...
SLASS: watchdog (705277): [Thu Dec 28 06:41:26 PM CET 2023] starting server (port 2332)...
SLASS: watchdog (705277): [Thu Dec 28 06:41:31 PM CET 2023] starting server (port 2332)...
SLASS: watchdog (705277): [Thu Dec 28 06:41:36 PM CET 2023] starting server (port 2332)...
SLASS: watchdog (705277): [Thu Dec 28 06:41:41 PM CET 2023] starting server (port 2332)...
SLASS: watchdog (705277): [Thu Dec 28 06:41:46 PM CET 2023] starting server (port 2332)...
SLASS: watchdog (705277): [Thu Dec 28 06:41:51 PM CET 2023] starting server (port 2332)...
SLASS: watchdog (705277): [Thu Dec 28 06:41:56 PM CET 2023] starting server (port 2332)...
SLASS: watchdog (705277): [Thu Dec 28 06:42:01 PM CET 2023] starting server (port 2332)...
SLASS: watchdog (705277): [Thu Dec 28 06:42:06 PM CET 2023] starting server (port 2332)...
SLASS: watchdog (705277): [Thu Dec 28 06:42:11 PM CET 2023] starting server (port 2332)...
SLASS: watchdog (705277): [Thu Dec 28 06:42:16 PM CET 2023] starting server (port 2332)...
SLASS: watchdog (705277): [Thu Dec 28 06:42:21 PM CET 2023] starting server (port 2332)...
SLASS: watchdog (705277): [Thu Dec 28 06:42:26 PM CET 2023] starting server (port 2332)...
SLASS: watchdog (705277): [Thu Dec 28 06:42:31 PM CET 2023] starting server (port 2332)...
SLASS: watchdog (705277): [Thu Dec 28 06:42:36 PM CET 2023] starting server (port 2332)...
SLASS: watchdog (705277): [Thu Dec 28 06:42:41 PM CET 2023] starting server (port 2332)...
SLASS: watchdog (705277): [Thu Dec 28 06:42:46 PM CET 2023] starting server (port 2332)...
SLASS: watchdog (705277): [Thu Dec 28 06:42:51 PM CET 2023] starting server (port 2332)...
SLASS: watchdog (705277): [Thu Dec 28 06:42:56 PM CET 2023] starting server (port 2332)...
SLASS: watchdog (705277): [Thu Dec 28 06:43:01 PM CET 2023] starting server (port 2332)...
SLASS: watchdog (705277): [Thu Dec 28 06:43:07 PM CET 2023] starting server (port 2332)...
SLASS: watchdog (705277): [Thu Dec 28 06:43:12 PM CET 2023] starting server (port 2332)...
SLASS: watchdog (705277): [Thu Dec 28 06:43:17 PM CET 2023] starting server (port 2332)...
SLASS: watchdog (705277): [Thu Dec 28 06:43:22 PM CET 2023] starting server (port 2332)...
SLASS: watchdog (705277): [Thu Dec 28 06:43:27 PM CET 2023] starting server (port 2332)...
SLASS: watchdog (705277): [Thu Dec 28 06:43:32 PM CET 2023] starting server (port 2332)...
SLASS: watchdog (705277): [Thu Dec 28 06:43:37 PM CET 2023] starting server (port 2332)...
SLASS: watchdog (705277): [Thu Dec 28 06:43:42 PM CET 2023] starting server (port 2332)...
SLASS: watchdog (705277): [Thu Dec 28 06:43:47 PM CET 2023] starting server (port 2332)...
SLASS: watchdog (705277): [Thu Dec 28 06:43:52 PM CET 2023] starting server (port 2332)...
SLASS: watchdog (705277): [Thu Dec 28 06:43:57 PM CET 2023] starting server (port 2332)...
SLASS: watchdog (705277): [Thu Dec 28 06:44:02 PM CET 2023] starting server (port 2332)...
SLASS: watchdog (705277): [Thu Dec 28 06:44:07 PM CET 2023] starting server (port 2332)...
SLASS: watchdog (705277): [Thu Dec 28 06:44:12 PM CET 2023] starting server (port 2332)...
SLASS: watchdog (705277): [Thu Dec 28 06:44:17 PM CET 2023] starting server (port 2332)...
SLASS: watchdog (705277): [Thu Dec 28 06:44:22 PM CET 2023] starting server (port 2332)...
SLASS: watchdog (705277): [Thu Dec 28 06:44:27 PM CET 2023] starting server (port 2332)...
SLASS: watchdog (705277): [Thu Dec 28 06:44:32 PM CET 2023] starting server (port 2332)...
SLASS: watchdog (705277): [Thu Dec 28 06:44:37 PM CET 2023] starting server (port 2332)...
SLASS: watchdog (705277): [Thu Dec 28 06:44:42 PM CET 2023] starting server (port 2332)...
SLASS: watchdog (705277): [Thu Dec 28 06:44:47 PM CET 2023] starting server (port 2332)...
SLASS: watchdog (705277): [Thu Dec 28 06:44:52 PM CET 2023] starting server (port 2332)...
SLASS: watchdog (705277): [Thu Dec 28 06:44:57 PM CET 2023] starting server (port 2332)...
SLASS: watchdog (705277): [Thu Dec 28 06:45:02 PM CET 2023] starting server (port 2332)...
SLASS: watchdog (705277): [Thu Dec 28 06:45:07 PM CET 2023] starting server (port 2332)...
SLASS: watchdog (705277): [Thu Dec 28 06:45:12 PM CET 2023] starting server (port 2332)...
SLASS: watchdog (705277): [Thu Dec 28 06:45:17 PM CET 2023] starting server (port 2332)...
SLASS: watchdog (705277): [Thu Dec 28 06:45:22 PM CET 2023] starting server (port 2332)...
SLASS: watchdog (705277): [Thu Dec 28 06:45:27 PM CET 2023] starting server (port 2332)...
SLASS: watchdog (705277): [Thu Dec 28 06:45:32 PM CET 2023] starting server (port 2332)...
SLASS: watchdog (705277): [Thu Dec 28 06:45:37 PM CET 2023] starting server (port 2332)...
SLASS: watchdog (705277): [Thu Dec 28 06:45:42 PM CET 2023] starting server (port 2332)...
SLASS: watchdog (705277): [Thu Dec 28 06:45:47 PM CET 2023] starting server (port 2332)...
SLASS: watchdog (705277): [Thu Dec 28 06:45:52 PM CET 2023] starting server (port 2332)...
SLASS: watchdog (705277): [Thu Dec 28 06:45:57 PM CET 2023] starting server (port 2332)...
SLASS: watchdog (705277): [Thu Dec 28 06:46:02 PM CET 2023] starting server (port 2332)...
SLASS: watchdog (705277): [Thu Dec 28 06:46:07 PM CET 2023] starting server (port 2332)...
SLASS: watchdog (705277): [Thu Dec 28 06:46:12 PM CET 2023] starting server (port 2332)...
SLASS: watchdog (705277): [Thu Dec 28 06:46:17 PM CET 2023] starting server (port 2332)...
SLASS: watchdog (705277): [Thu Dec 28 06:46:22 PM CET 2023] starting server (port 2332)...
SLASS: watchdog (705277): [Thu Dec 28 06:46:27 PM CET 2023] starting server (port 2332)...
SLASS: watchdog (705277): [Thu Dec 28 06:46:32 PM CET 2023] starting server (port 2332)...
SLASS: watchdog (705277): [Thu Dec 28 06:46:38 PM CET 2023] starting server (port 2332)...
SLASS: watchdog (705277): [Thu Dec 28 06:46:43 PM CET 2023] starting server (port 2332)...
SLASS: watchdog (705277): [Thu Dec 28 06:46:48 PM CET 2023] starting server (port 2332)...
SLASS: watchdog (705277): [Thu Dec 28 06:46:53 PM CET 2023] starting server (port 2332)...
SLASS: watchdog (705277): [Thu Dec 28 06:46:58 PM CET 2023] starting server (port 2332)...
SLASS: watchdog (705277): [Thu Dec 28 06:47:03 PM CET 2023] starting server (port 2332)...
SLASS: watchdog (705277): [Thu Dec 28 06:47:08 PM CET 2023] starting server (port 2332)...
SLASS: watchdog (705277): [Thu Dec 28 06:47:13 PM CET 2023] starting server (port 2332)...
SLASS: watchdog (705277): [Thu Dec 28 06:47:18 PM CET 2023] starting server (port 2332)...
SLASS: watchdog (705277): [Thu Dec 28 06:47:23 PM CET 2023] starting server (port 2332)...
SLASS: watchdog (705277): [Thu Dec 28 06:47:28 PM CET 2023] starting server (port 2332)...
SLASS: watchdog (705277): [Thu Dec 28 06:47:33 PM CET 2023] starting server (port 2332)...
SLASS: watchdog (705277): [Thu Dec 28 06:47:38 PM CET 2023] starting server (port 2332)...
SLASS: watchdog (705277): [Thu Dec 28 06:47:43 PM CET 2023] starting server (port 2332)...
SLASS: watchdog (705277): [Thu Dec 28 06:47:48 PM CET 2023] starting server (port 2332)...
SLASS: watchdog (705277): [Thu Dec 28 06:47:53 PM CET 2023] starting server (port 2332)...
SLASS: watchdog (705277): [Thu Dec 28 06:47:58 PM CET 2023] starting server (port 2332)...
SLASS: watchdog (705277): [Thu Dec 28 06:48:03 PM CET 2023] starting server (port 2332)...
SLASS: watchdog (705277): [Thu Dec 28 06:48:08 PM CET 2023] starting server (port 2332)...
SLASS: watchdog (705277): [Thu Dec 28 06:48:13 PM CET 2023] starting server (port 2332)...
SLASS: watchdog (705277): [Thu Dec 28 06:48:18 PM CET 2023] starting server (port 2332)...
SLASS: watchdog (705277): [Thu Dec 28 06:48:23 PM CET 2023] starting server (port 2332)...
SLASS: watchdog (705277): [Thu Dec 28 06:48:28 PM CET 2023] starting server (port 2332)...
SLASS: watchdog (705277): [Thu Dec 28 06:48:33 PM CET 2023] starting server (port 2332)...
SLASS: watchdog (705277): [Thu Dec 28 06:48:38 PM CET 2023] starting server (port 2332)...
SLASS: watchdog (705277): [Thu Dec 28 06:48:43 PM CET 2023] starting server (port 2332)...
SLASS: watchdog (705277): [Thu Dec 28 06:48:48 PM CET 2023] starting server (port 2332)...
SLASS: watchdog (705277): [Thu Dec 28 06:48:53 PM CET 2023] starting server (port 2332)...
ry
watchdog (705277): [Thu Dec 28 06:31:53 PM CET 2023] server died, waiting to restart...
watchdog (705277): [Thu Dec 28 06:31:58 PM CET 2023] starting server (port 2332)...
/home/slad/slasstesting/a3/a3srv1/arma3server: error while loading shared libraries: libsteam_api.so: cannot open shared object file: No such file or directory
watchdog (705277): [Thu Dec 28 06:31:58 PM CET 2023] server died, waiting to restart...
watchdog (705277): [Thu Dec 28 06:32:03 PM CET 2023] starting server (port 2332)...
/home/slad/slasstesting/a3/a3srv1/arma3server: error while loading shared libraries: libsteam_api.so: cannot open shared object file: No such file or directory
watchdog (705277): [Thu Dec 28 06:32:03 PM CET 2023] server died, waiting to restart...
watchdog (705277): [Thu Dec 28 06:32:08 PM CET 2023] starting server (port 2332)...
/home/slad/slasstesting/a3/a3srv1/arma3server: error while loading shared libraries: libsteam_api.so: cannot open shared object file: No such file or directory
watchdog (705277): [Thu Dec 28 06:32:08 PM CET 2023] server died, waiting to restart...
watchdog (705277): [Thu Dec 28 06:32:13 PM CET 2023] starting server (port 2332)...
/home/slad/slasstesting/a3/a3srv1/arma3server: error while loading shared libraries: libsteam_api.so: cannot open shared object file: No such file or directory
watchdog (705277): [Thu Dec 28 06:32:13 PM CET 2023] server died, waiting to restart...
watchdog (705277): [Thu Dec 28 06:32:18 PM CET 2023] starting server (port 2332)...
/home/slad/slasstesting/a3/a3srv1/arma3server: error while loading shared libraries: libsteam_api.so: cannot open shared object file: No such file or directory
watchdog (705277): [Thu Dec 28 06:32:18 PM CET 2023] server died, waiting to restart...
watchdog (705277): [Thu Dec 28 06:32:23 PM CET 2023] starting server (port 2332)...
/home/slad/slasstesting/a3/a3srv1/arma3server: error while loading shared libraries: libsteam_api.so: cannot open shared object file: No such file or directory
watchdog (705277): [Thu Dec 28 06:32:23 PM CET 2023] server died, waiting to restart...
watchdog (705277): [Thu Dec 28 06:32:28 PM CET 2023] starting server (port 2332)...
/home/slad/slasstesting/a3/a3srv1/arma3server: error while loading shared libraries: libsteam_api.so: cannot open shared object file: No such file or directory
watchdog (705277): [Thu Dec 28 06:32:28 PM CET 2023] server died, waiting to restart...
watchdog (705277): [Thu Dec 28 06:32:33 PM CET 2023] starting server (port 2332)...
/home/slad/slasstesting/a3/a3srv1/arma3server: error while loading shared libraries: libsteam_api.so: cannot open shared object file: No such file or directory
watchdog (705277): [Thu Dec 28 06:32:33 PM CET 2023] server died, waiting to restart...
watchdog (705277): [Thu Dec 28 06:32:38 PM CET 2023] starting server (port 2332)...
/home/slad/slasstesting/a3/a3srv1/arma3server: error while loading shared libraries: libsteam_api.so: cannot open shared object file: No such file or directory
watchdog (705277): [Thu Dec 28 06:32:38 PM CET 2023] server died, waiting to restart...
watchdog (705277): [Thu Dec 28 06:32:43 PM CET 2023] starting server (port 2332)...
/home/slad/slasstesting/a3/a3srv1/arma3server: error while loading shared libraries: libsteam_api.so: cannot open shared object file: No such file or directory
watchdog (705277): [Thu Dec 28 06:32:43 PM CET 2023] server died, waiting to restart...
watchdog (705277): [Thu Dec 28 06:32:48 PM CET 2023] starting server (port 2332)...
/home/slad/slasstesting/a3/a3srv1/arma3server: error while loading shared libraries: libsteam_api.so: cannot open shared object file: No such file or directory
watchdog (705277): [Thu Dec 28 06:32:48 PM CET 2023] server died, waiting to restart...
watchdog (705277): [Thu Dec 28 06:32:53 PM CET 2023] starting server (port 2332)...
/home/slad/slasstesting/a3/a3srv1/arma3server: error while loading shared libraries: libsteam_api.so: cannot open shared object file: No such file or directory
watchdog (705277): [Thu Dec 28 06:32:53 PM CET 2023] server died, waiting to restart...
watchdog (705277): [Thu Dec 28 06:32:58 PM CET 2023] starting server (port 2332)...
/home/slad/slasstesting/a3/a3srv1/arma3server: error while loading shared libraries: libsteam_api.so: cannot open shared object file: No such file or directory
watchdog (705277): [Thu Dec 28 06:32:59 PM CET 2023] server died, waiting to restart...
watchdog (705277): [Thu Dec 28 06:33:04 PM CET 2023] starting server (port 2332)...
/home/slad/slasstesting/a3/a3srv1/arma3server: error while loading shared libraries: libsteam_api.so: cannot open shared object file: No such file or directory
watchdog (705277): [Thu Dec 28 06:33:04 PM CET 2023] server died, waiting to restart...
watchdog (705277): [Thu Dec 28 06:33:09 PM CET 2023] starting server (port 2332)...
/home/slad/slasstesting/a3/a3srv1/arma3server: error while loading shared libraries: libsteam_api.so: cannot open shared object file: No such file or directory
watchdog (705277): [Thu Dec 28 06:33:09 PM CET 2023] server died, waiting to restart...
watchdog (705277): [Thu Dec 28 06:33:14 PM CET 2023] starting server (port 2332)...
/home/slad/slasstesting/a3/a3srv1/arma3server: error while loading shared libraries: libsteam_api.so: cannot open shared object file: No such file or directory
watchdog (705277): [Thu Dec 28 06:33:14 PM CET 2023] server died, waiting to restart...
watchdog (705277): [Thu Dec 28 06:33:19 PM CET 2023] starting server (port 2332)...
/home/slad/slasstesting/a3/a3srv1/arma3server: error while loading shared libraries: libsteam_api.so: cannot open shared object file: No such file or directory
watchdog (705277): [Thu Dec 28 06:33:19 PM CET 2023] server died, waiting to restart...
watchdog (705277): [Thu Dec 28 06:33:24 PM CET 2023] starting server (port 2332)...
/home/slad/slasstesting/a3/a3srv1/arma3server: error while loading shared libraries: libsteam_api.so: cannot open shared object file: No such file or directory
watchdog (705277): [Thu Dec 28 06:33:24 PM CET 2023] server died, waiting to restart...
watchdog (705277): [Thu Dec 28 06:33:29 PM CET 2023] starting server (port 2332)...
/home/slad/slasstesting/a3/a3srv1/arma3server: error while loading shared libraries: libsteam_api.so: cannot open shared object file: No such file or directory
watchdog (705277): [Thu Dec 28 06:33:29 PM CET 2023] server died, waiting to restart...
watchdog (705277): [Thu Dec 28 06:33:34 PM CET 2023] starting server (port 2332)...
/home/slad/slasstesting/a3/a3srv1/arma3server: error while loading shared libraries: libsteam_api.so: cannot open shared object file: No such file or directory
watchdog (705277): [Thu Dec 28 06:33:34 PM CET 2023] server died, waiting to restart...
watchdog (705277): [Thu Dec 28 06:33:39 PM CET 2023] starting server (port 2332)...
/home/slad/slasstesting/a3/a3srv1/arma3server: error while loading shared libraries: libsteam_api.so: cannot open shared object file: No such file or directory
watchdog (705277): [Thu Dec 28 06:33:39 PM CET 2023] server died, waiting to restart...
watchdog (705277): [Thu Dec 28 06:33:44 PM CET 2023] starting server (port 2332)...
/home/slad/slasstesting/a3/a3srv1/arma3server: error while loading shared libraries: libsteam_api.so: cannot open shared object file: No such file or directory
watchdog (705277): [Thu Dec 28 06:33:44 PM CET 2023] server died, waiting to restart...
watchdog (705277): [Thu Dec 28 06:33:49 PM CET 2023] starting server (port 2332)...
/home/slad/slasstesting/a3/a3srv1/arma3server: error while loading shared libraries: libsteam_api.so: cannot open shared object file: No such file or directory
watchdog (705277): [Thu Dec 28 06:33:49 PM CET 2023] server died, waiting to restart...
watchdog (705277): [Thu Dec 28 06:33:54 PM CET 2023] starting server (port 2332)...
/home/slad/slasstesting/a3/a3srv1/arma3server: error while loading shared libraries: libsteam_api.so: cannot open shared object file: No such file or directory
watchdog (705277): [Thu Dec 28 06:33:54 PM CET 2023] server died, waiting to restart...
watchdog (705277): [Thu Dec 28 06:33:59 PM CET 2023] starting server (port 2332)...
/home/slad/slasstesting/a3/a3srv1/arma3server: error while loading shared libraries: libsteam_api.so: cannot open shared object file: No such file or directory
watchdog (705277): [Thu Dec 28 06:33:59 PM CET 2023] server died, waiting to restart...
watchdog (705277): [Thu Dec 28 06:34:04 PM CET 2023] starting server (port 2332)...
/home/slad/slasstesting/a3/a3srv1/arma3server: error while loading shared libraries: libsteam_api.so: cannot open shared object file: No such file or directory
watchdog (705277): [Thu Dec 28 06:34:04 PM CET 2023] server died, waiting to restart...
watchdog (705277): [Thu Dec 28 06:34:09 PM CET 2023] starting server (port 2332)...
/home/slad/slasstesting/a3/a3srv1/arma3server: error while loading shared libraries: libsteam_api.so: cannot open shared object file: No such file or directory
watchdog (705277): [Thu Dec 28 06:34:09 PM CET 2023] server died, waiting to restart...
watchdog (705277): [Thu Dec 28 06:34:14 PM CET 2023] starting server (port 2332)...
/home/slad/slasstesting/a3/a3srv1/arma3server: error while loading shared libraries: libsteam_api.so: cannot open shared object file: No such file or directory
watchdog (705277): [Thu Dec 28 06:34:14 PM CET 2023] server died, waiting to restart...
watchdog (705277): [Thu Dec 28 06:34:19 PM CET 2023] starting server (port 2332)...
/home/slad/slasstesting/a3/a3srv1/arma3server: error while loading shared libraries: libsteam_api.so: cannot open shared object file: No such file or directory
watchdog (705277): [Thu Dec 28 06:34:19 PM CET 2023] server died, waiting to restart...
watchdog (705277): [Thu Dec 28 06:34:24 PM CET 2023] starting server (port 2332)...
/home/slad/slasstesting/a3/a3srv1/arma3server: error while loading shared libraries: libsteam_api.so: cannot open shared object file: No such file or directory
watchdog (705277): [Thu Dec 28 06:34:24 PM CET 2023] server died, waiting to restart...
watchdog (705277): [Thu Dec 28 06:34:29 PM CET 2023] starting server (port 2332)...
/home/slad/slasstesting/a3/a3srv1/arma3server: error while loading shared libraries: libsteam_api.so: cannot open shared object file: No such file or directory
watchdog (705277): [Thu Dec 28 06:34:29 PM CET 2023] server died, waiting to restart...
watchdog (705277): [Thu Dec 28 06:34:34 PM CET 2023] starting server (port 2332)...
/home/slad/slasstesting/a3/a3srv1/arma3server: error while loading shared libraries: libsteam_api.so: cannot open shared object file: No such file or directory
watchdog (705277): [Thu Dec 28 06:34:34 PM CET 2023] server died, waiting to restart...
watchdog (705277): [Thu Dec 28 06:34:39 PM CET 2023] starting server (port 2332)...
/home/slad/slasstesting/a3/a3srv1/arma3server: error while loading shared libraries: libsteam_api.so: cannot open shared object file: No such file or directory
watchdog (705277): [Thu Dec 28 06:34:39 PM CET 2023] server died, waiting to restart...
watchdog (705277): [Thu Dec 28 06:34:44 PM CET 2023] starting server (port 2332)...
/home/slad/slasstesting/a3/a3srv1/arma3server: error while loading shared libraries: libsteam_api.so: cannot open shared object file: No such file or directory
watchdog (705277): [Thu Dec 28 06:34:44 PM CET 2023] server died, waiting to restart...
watchdog (705277): [Thu Dec 28 06:34:49 PM CET 2023] starting server (port 2332)...
/home/slad/slasstesting/a3/a3srv1/arma3server: error while loading shared libraries: libsteam_api.so: cannot open shared object file: No such file or directory
watchdog (705277): [Thu Dec 28 06:34:49 PM CET 2023] server died, waiting to restart...
watchdog (705277): [Thu Dec 28 06:34:54 PM CET 2023] starting server (port 2332)...
/home/slad/slasstesting/a3/a3srv1/arma3server: error while loading shared libraries: libsteam_api.so: cannot open shared object file: No such file or directory
watchdog (705277): [Thu Dec 28 06:34:54 PM CET 2023] server died, waiting to restart...
watchdog (705277): [Thu Dec 28 06:34:59 PM CET 2023] starting server (port 2332)...
/home/slad/slasstesting/a3/a3srv1/arma3server: error while loading shared libraries: libsteam_api.so: cannot open shared object file: No such file or directory
watchdog (705277): [Thu Dec 28 06:34:59 PM CET 2023] server died, waiting to restart...
watchdog (705277): [Thu Dec 28 06:35:04 PM CET 2023] starting server (port 2332)...
/home/slad/slasstesting/a3/a3srv1/arma3server: error while loading shared libraries: libsteam_api.so: cannot open shared object file: No such file or directory
watchdog (705277): [Thu Dec 28 06:35:04 PM CET 2023] server died, waiting to restart...
watchdog (705277): [Thu Dec 28 06:35:09 PM CET 2023] starting server (port 2332)...
/home/slad/slasstesting/a3/a3srv1/arma3server: error while loading shared libraries: libsteam_api.so: cannot open shared object file: No such file or directory
watchdog (705277): [Thu Dec 28 06:35:09 PM CET 2023] server died, waiting to restart...
watchdog (705277): [Thu Dec 28 06:35:14 PM CET 2023] starting server (port 2332)...
/home/slad/slasstesting/a3/a3srv1/arma3server: error while loading shared libraries: libsteam_api.so: cannot open shared object file: No such file or directory
watchdog (705277): [Thu Dec 28 06:35:14 PM CET 2023] server died, waiting to restart...
watchdog (705277): [Thu Dec 28 06:35:19 PM CET 2023] starting server (port 2332)...
/home/slad/slasstesting/a3/a3srv1/arma3server: error while loading shared libraries: libsteam_api.so: cannot open shared object file: No such file or directory
watchdog (705277): [Thu Dec 28 06:35:19 PM CET 2023] server died, waiting to restart...
watchdog (705277): [Thu Dec 28 06:35:24 PM CET 2023] starting server (port 2332)...
/home/slad/slasstesting/a3/a3srv1/arma3server: error while loading shared libraries: libsteam_api.so: cannot open shared object file: No such file or directory
watchdog (705277): [Thu Dec 28 06:35:24 PM CET 2023] server died, waiting to restart...
watchdog (705277): [Thu Dec 28 06:35:29 PM CET 2023] starting server (port 2332)...
/home/slad/slasstesting/a3/a3srv1/arma3server: error while loading shared libraries: libsteam_api.so: cannot open shared object file: No such file or directory
watchdog (705277): [Thu Dec 28 06:35:29 PM CET 2023] server died, waiting to restart...
watchdog (705277): [Thu Dec 28 06:35:34 PM CET 2023] starting server (port 2332)...
/home/slad/slasstesting/a3/a3srv1/arma3server: error while loading shared libraries: libsteam_api.so: cannot open shared object file: No such file or directory
watchdog (705277): [Thu Dec 28 06:35:34 PM CET 2023] server died, waiting to restart...
watchdog (705277): [Thu Dec 28 06:35:39 PM CET 2023] starting server (port 2332)...
/home/slad/slasstesting/a3/a3srv1/arma3server: error while loading shared libraries: libsteam_api.so: cannot open shared object file: No such file or directory
watchdog (705277): [Thu Dec 28 06:35:39 PM CET 2023] server died, waiting to restart...
watchdog (705277): [Thu Dec 28 06:35:44 PM CET 2023] starting server (port 2332)...
/home/slad/slasstesting/a3/a3srv1/arma3server: error while loading shared libraries: libsteam_api.so: cannot open shared object file: No such file or directory
watchdog (705277): [Thu Dec 28 06:35:44 PM CET 2023] server died, waiting to restart...
watchdog (705277): [Thu Dec 28 06:35:49 PM CET 2023] starting server (port 2332)...
/home/slad/slasstesting/a3/a3srv1/arma3server: error while loading shared libraries: libsteam_api.so: cannot open shared object file: No such file or directory
watchdog (705277): [Thu Dec 28 06:35:49 PM CET 2023] server died, waiting to restart...
watchdog (705277): [Thu Dec 28 06:35:54 PM CET 2023] starting server (port 2332)...
/home/slad/slasstesting/a3/a3srv1/arma3server: error while loading shared libraries: libsteam_api.so: cannot open shared object file: No such file or directory
watchdog (705277): [Thu Dec 28 06:35:54 PM CET 2023] server died, waiting to restart...
watchdog (705277): [Thu Dec 28 06:35:59 PM CET 2023] starting server (port 2332)...
/home/slad/slasstesting/a3/a3srv1/arma3server: error while loading shared libraries: libsteam_api.so: cannot open shared object file: No such file or directory
watchdog (705277): [Thu Dec 28 06:35:59 PM CET 2023] server died, waiting to restart...
watchdog (705277): [Thu Dec 28 06:36:04 PM CET 2023] starting server (port 2332)...
/home/slad/slasstesting/a3/a3srv1/arma3server: error while loading shared libraries: libsteam_api.so: cannot open shared object file: No such file or directory
watchdog (705277): [Thu Dec 28 06:36:04 PM CET 2023] server died, waiting to restart...
watchdog (705277): [Thu Dec 28 06:36:09 PM CET 2023] starting server (port 2332)...
/home/slad/slasstesting/a3/a3srv1/arma3server: error while loading shared libraries: libsteam_api.so: cannot open shared object file: No such file or directory
watchdog (705277): [Thu Dec 28 06:36:09 PM CET 2023] server died, waiting to restart...
watchdog (705277): [Thu Dec 28 06:36:14 PM CET 2023] starting server (port 2332)...
/home/slad/slasstesting/a3/a3srv1/arma3server: error while loading shared libraries: libsteam_api.so: cannot open shared object file: No such file or directory
watchdog (705277): [Thu Dec 28 06:36:14 PM CET 2023] server died, waiting to restart...
watchdog (705277): [Thu Dec 28 06:36:19 PM CET 2023] starting server (port 2332)...
/home/slad/slasstesting/a3/a3srv1/arma3server: error while loading shared libraries: libsteam_api.so: cannot open shared object file: No such file or directory
watchdog (705277): [Thu Dec 28 06:36:19 PM CET 2023] server died, waiting to restart...
watchdog (705277): [Thu Dec 28 06:36:24 PM CET 2023] starting server (port 2332)...
/home/slad/slasstesting/a3/a3srv1/arma3server: error while loading shared libraries: libsteam_api.so: cannot open shared object file: No such file or directory
watchdog (705277): [Thu Dec 28 06:36:24 PM CET 2023] server died, waiting to restart...
watchdog (705277): [Thu Dec 28 06:36:29 PM CET 2023] starting server (port 2332)...
/home/slad/slasstesting/a3/a3srv1/arma3server: error while loading shared libraries: libsteam_api.so: cannot open shared object file: No such file or directory
watchdog (705277): [Thu Dec 28 06:36:30 PM CET 2023] server died, waiting to restart...
watchdog (705277): [Thu Dec 28 06:36:35 PM CET 2023] starting server (port 2332)...
/home/slad/slasstesting/a3/a3srv1/arma3server: error while loading shared libraries: libsteam_api.so: cannot open shared object file: No such file or directory
watchdog (705277): [Thu Dec 28 06:36:35 PM CET 2023] server died, waiting to restart...
watchdog (705277): [Thu Dec 28 06:36:40 PM CET 2023] starting server (port 2332)...
/home/slad/slasstesting/a3/a3srv1/arma3server: error while loading shared libraries: libsteam_api.so: cannot open shared object file: No such file or directory
watchdog (705277): [Thu Dec 28 06:36:40 PM CET 2023] server died, waiting to restart...
watchdog (705277): [Thu Dec 28 06:36:45 PM CET 2023] starting server (port 2332)...
/home/slad/slasstesting/a3/a3srv1/arma3server: error while loading shared libraries: libsteam_api.so: cannot open shared object file: No such file or directory
watchdog (705277): [Thu Dec 28 06:36:45 PM CET 2023] server died, waiting to restart...
watchdog (705277): [Thu Dec 28 06:36:50 PM CET 2023] starting server (port 2332)...
/home/slad/slasstesting/a3/a3srv1/arma3server: error while loading shared libraries: libsteam_api.so: cannot open shared object file: No such file or directory
watchdog (705277): [Thu Dec 28 06:36:50 PM CET 2023] server died, waiting to restart...
watchdog (705277): [Thu Dec 28 06:36:55 PM CET 2023] starting server (port 2332)...
/home/slad/slasstesting/a3/a3srv1/arma3server: error while loading shared libraries: libsteam_api.so: cannot open shared object file: No such file or directory
watchdog (705277): [Thu Dec 28 06:36:55 PM CET 2023] server died, waiting to restart...
watchdog (705277): [Thu Dec 28 06:37:00 PM CET 2023] starting server (port 2332)...
/home/slad/slasstesting/a3/a3srv1/arma3server: error while loading shared libraries: libsteam_api.so: cannot open shared object file: No such file or directory
watchdog (705277): [Thu Dec 28 06:37:00 PM CET 2023] server died, waiting to restart...
watchdog (705277): [Thu Dec 28 06:37:05 PM CET 2023] starting server (port 2332)...
/home/slad/slasstesting/a3/a3srv1/arma3server: error while loading shared libraries: libsteam_api.so: cannot open shared object file: No such file or directory
watchdog (705277): [Thu Dec 28 06:37:05 PM CET 2023] server died, waiting to restart...
watchdog (705277): [Thu Dec 28 06:37:10 PM CET 2023] starting server (port 2332)...
/home/slad/slasstesting/a3/a3srv1/arma3server: error while loading shared libraries: libsteam_api.so: cannot open shared object file: No such file or directory
watchdog (705277): [Thu Dec 28 06:37:10 PM CET 2023] server died, waiting to restart...
watchdog (705277): [Thu Dec 28 06:37:15 PM CET 2023] starting server (port 2332)...
/home/slad/slasstesting/a3/a3srv1/arma3server: error while loading shared libraries: libsteam_api.so: cannot open shared object file: No such file or directory
watchdog (705277): [Thu Dec 28 06:37:15 PM CET 2023] server died, waiting to restart...
watchdog (705277): [Thu Dec 28 06:37:20 PM CET 2023] starting server (port 2332)...
/home/slad/slasstesting/a3/a3srv1/arma3server: error while loading shared libraries: libsteam_api.so: cannot open shared object file: No such file or directory
watchdog (705277): [Thu Dec 28 06:37:20 PM CET 2023] server died, waiting to restart...
watchdog (705277): [Thu Dec 28 06:37:25 PM CET 2023] starting server (port 2332)...
/home/slad/slasstesting/a3/a3srv1/arma3server: error while loading shared libraries: libsteam_api.so: cannot open shared object file: No such file or directory
watchdog (705277): [Thu Dec 28 06:37:25 PM CET 2023] server died, waiting to restart...
watchdog (705277): [Thu Dec 28 06:37:30 PM CET 2023] starting server (port 2332)...
/home/slad/slasstesting/a3/a3srv1/arma3server: error while loading shared libraries: libsteam_api.so: cannot open shared object file: No such file or directory
watchdog (705277): [Thu Dec 28 06:37:30 PM CET 2023] server died, waiting to restart...
watchdog (705277): [Thu Dec 28 06:37:35 PM CET 2023] starting server (port 2332)...
/home/slad/slasstesting/a3/a3srv1/arma3server: error while loading shared libraries: libsteam_api.so: cannot open shared object file: No such file or directory
watchdog (705277): [Thu Dec 28 06:37:35 PM CET 2023] server died, waiting to restart...
watchdog (705277): [Thu Dec 28 06:37:40 PM CET 2023] starting server (port 2332)...
/home/slad/slasstesting/a3/a3srv1/arma3server: error while loading shared libraries: libsteam_api.so: cannot open shared object file: No such file or directory
watchdog (705277): [Thu Dec 28 06:37:40 PM CET 2023] server died, waiting to restart...
watchdog (705277): [Thu Dec 28 06:37:45 PM CET 2023] starting server (port 2332)...
/home/slad/slasstesting/a3/a3srv1/arma3server: error while loading shared libraries: libsteam_api.so: cannot open shared object file: No such file or directory
watchdog (705277): [Thu Dec 28 06:37:45 PM CET 2023] server died, waiting to restart...
watchdog (705277): [Thu Dec 28 06:37:50 PM CET 2023] starting server (port 2332)...
/home/slad/slasstesting/a3/a3srv1/arma3server: error while loading shared libraries: libsteam_api.so: cannot open shared object file: No such file or directory
watchdog (705277): [Thu Dec 28 06:37:50 PM CET 2023] server died, waiting to restart...
watchdog (705277): [Thu Dec 28 06:37:55 PM CET 2023] starting server (port 2332)...
/home/slad/slasstesting/a3/a3srv1/arma3server: error while loading shared libraries: libsteam_api.so: cannot open shared object file: No such file or directory
watchdog (705277): [Thu Dec 28 06:37:55 PM CET 2023] server died, waiting to restart...
watchdog (705277): [Thu Dec 28 06:38:00 PM CET 2023] starting server (port 2332)...
/home/slad/slasstesting/a3/a3srv1/arma3server: error while loading shared libraries: libsteam_api.so: cannot open shared object file: No such file or directory
watchdog (705277): [Thu Dec 28 06:38:00 PM CET 2023] server died, waiting to restart...
watchdog (705277): [Thu Dec 28 06:38:05 PM CET 2023] starting server (port 2332)...
/home/slad/slasstesting/a3/a3srv1/arma3server: error while loading shared libraries: libsteam_api.so: cannot open shared object file: No such file or directory
watchdog (705277): [Thu Dec 28 06:38:05 PM CET 2023] server died, waiting to restart...
watchdog (705277): [Thu Dec 28 06:38:10 PM CET 2023] starting server (port 2332)...
/home/slad/slasstesting/a3/a3srv1/arma3server: error while loading shared libraries: libsteam_api.so: cannot open shared object file: No such file or directory
watchdog (705277): [Thu Dec 28 06:38:10 PM CET 2023] server died, waiting to restart...
watchdog (705277): [Thu Dec 28 06:38:15 PM CET 2023] starting server (port 2332)...
/home/slad/slasstesting/a3/a3srv1/arma3server: error while loading shared libraries: libsteam_api.so: cannot open shared object file: No such file or directory
watchdog (705277): [Thu Dec 28 06:38:15 PM CET 2023] server died, waiting to restart...
watchdog (705277): [Thu Dec 28 06:38:20 PM CET 2023] starting server (port 2332)...
/home/slad/slasstesting/a3/a3srv1/arma3server: error while loading shared libraries: libsteam_api.so: cannot open shared object file: No such file or directory
watchdog (705277): [Thu Dec 28 06:38:20 PM CET 2023] server died, waiting to restart...
watchdog (705277): [Thu Dec 28 06:38:25 PM CET 2023] starting server (port 2332)...
/home/slad/slasstesting/a3/a3srv1/arma3server: error while loading shared libraries: libsteam_api.so: cannot open shared object file: No such file or directory
watchdog (705277): [Thu Dec 28 06:38:25 PM CET 2023] server died, waiting to restart...
watchdog (705277): [Thu Dec 28 06:38:30 PM CET 2023] starting server (port 2332)...
/home/slad/slasstesting/a3/a3srv1/arma3server: error while loading shared libraries: libsteam_api.so: cannot open shared object file: No such file or directory
watchdog (705277): [Thu Dec 28 06:38:30 PM CET 2023] server died, waiting to restart...
watchdog (705277): [Thu Dec 28 06:38:35 PM CET 2023] starting server (port 2332)...
/home/slad/slasstesting/a3/a3srv1/arma3server: error while loading shared libraries: libsteam_api.so: cannot open shared object file: No such file or directory
watchdog (705277): [Thu Dec 28 06:38:35 PM CET 2023] server died, waiting to restart...
watchdog (705277): [Thu Dec 28 06:38:40 PM CET 2023] starting server (port 2332)...
/home/slad/slasstesting/a3/a3srv1/arma3server: error while loading shared libraries: libsteam_api.so: cannot open shared object file: No such file or directory
watchdog (705277): [Thu Dec 28 06:38:40 PM CET 2023] server died, waiting to restart...
watchdog (705277): [Thu Dec 28 06:38:45 PM CET 2023] starting server (port 2332)...
/home/slad/slasstesting/a3/a3srv1/arma3server: error while loading shared libraries: libsteam_api.so: cannot open shared object file: No such file or directory
watchdog (705277): [Thu Dec 28 06:38:45 PM CET 2023] server died, waiting to restart...
watchdog (705277): [Thu Dec 28 06:38:50 PM CET 2023] starting server (port 2332)...
/home/slad/slasstesting/a3/a3srv1/arma3server: error while loading shared libraries: libsteam_api.so: cannot open shared object file: No such file or directory
watchdog (705277): [Thu Dec 28 06:38:50 PM CET 2023] server died, waiting to restart...
watchdog (705277): [Thu Dec 28 06:38:55 PM CET 2023] starting server (port 2332)...
/home/slad/slasstesting/a3/a3srv1/arma3server: error while loading shared libraries: libsteam_api.so: cannot open shared object file: No such file or directory
watchdog (705277): [Thu Dec 28 06:38:55 PM CET 2023] server died, waiting to restart...
watchdog (705277): [Thu Dec 28 06:39:00 PM CET 2023] starting server (port 2332)...
/home/slad/slasstesting/a3/a3srv1/arma3server: error while loading shared libraries: libsteam_api.so: cannot open shared object file: No such file or directory
watchdog (705277): [Thu Dec 28 06:39:00 PM CET 2023] server died, waiting to restart...
watchdog (705277): [Thu Dec 28 06:39:05 PM CET 2023] starting server (port 2332)...
/home/slad/slasstesting/a3/a3srv1/arma3server: error while loading shared libraries: libsteam_api.so: cannot open shared object file: No such file or directory
watchdog (705277): [Thu Dec 28 06:39:05 PM CET 2023] server died, waiting to restart...
watchdog (705277): [Thu Dec 28 06:39:10 PM CET 2023] starting server (port 2332)...
/home/slad/slasstesting/a3/a3srv1/arma3server: error while loading shared libraries: libsteam_api.so: cannot open shared object file: No such file or directory
watchdog (705277): [Thu Dec 28 06:39:10 PM CET 2023] server died, waiting to restart...
watchdog (705277): [Thu Dec 28 06:39:15 PM CET 2023] starting server (port 2332)...
/home/slad/slasstesting/a3/a3srv1/arma3server: error while loading shared libraries: libsteam_api.so: cannot open shared object file: No such file or directory
watchdog (705277): [Thu Dec 28 06:39:15 PM CET 2023] server died, waiting to restart...
watchdog (705277): [Thu Dec 28 06:39:20 PM CET 2023] starting server (port 2332)...
/home/slad/slasstesting/a3/a3srv1/arma3server: error while loading shared libraries: libsteam_api.so: cannot open shared object file: No such file or directory
watchdog (705277): [Thu Dec 28 06:39:20 PM CET 2023] server died, waiting to restart...
watchdog (705277): [Thu Dec 28 06:39:25 PM CET 2023] starting server (port 2332)...
/home/slad/slasstesting/a3/a3srv1/arma3server: error while loading shared libraries: libsteam_api.so: cannot open shared object file: No such file or directory
watchdog (705277): [Thu Dec 28 06:39:25 PM CET 2023] server died, waiting to restart...
watchdog (705277): [Thu Dec 28 06:39:30 PM CET 2023] starting server (port 2332)...
/home/slad/slasstesting/a3/a3srv1/arma3server: error while loading shared libraries: libsteam_api.so: cannot open shared object file: No such file or directory
watchdog (705277): [Thu Dec 28 06:39:30 PM CET 2023] server died, waiting to restart...
watchdog (705277): [Thu Dec 28 06:39:35 PM CET 2023] starting server (port 2332)...
/home/slad/slasstesting/a3/a3srv1/arma3server: error while loading shared libraries: libsteam_api.so: cannot open shared object file: No such file or directory
watchdog (705277): [Thu Dec 28 06:39:35 PM CET 2023] server died, waiting to restart...
watchdog (705277): [Thu Dec 28 06:39:40 PM CET 2023] starting server (port 2332)...
/home/slad/slasstesting/a3/a3srv1/arma3server: error while loading shared libraries: libsteam_api.so: cannot open shared object file: No such file or directory
watchdog (705277): [Thu Dec 28 06:39:40 PM CET 2023] server died, waiting to restart...
watchdog (705277): [Thu Dec 28 06:39:45 PM CET 2023] starting server (port 2332)...
/home/slad/slasstesting/a3/a3srv1/arma3server: error while loading shared libraries: libsteam_api.so: cannot open shared object file: No such file or directory
watchdog (705277): [Thu Dec 28 06:39:46 PM CET 2023] server died, waiting to restart...
watchdog (705277): [Thu Dec 28 06:39:51 PM CET 2023] starting server (port 2332)...
/home/slad/slasstesting/a3/a3srv1/arma3server: error while loading shared libraries: libsteam_api.so: cannot open shared object file: No such file or directory
watchdog (705277): [Thu Dec 28 06:39:51 PM CET 2023] server died, waiting to restart...
watchdog (705277): [Thu Dec 28 06:39:56 PM CET 2023] starting server (port 2332)...
/home/slad/slasstesting/a3/a3srv1/arma3server: error while loading shared libraries: libsteam_api.so: cannot open shared object file: No such file or directory
watchdog (705277): [Thu Dec 28 06:39:56 PM CET 2023] server died, waiting to restart...
watchdog (705277): [Thu Dec 28 06:40:01 PM CET 2023] starting server (port 2332)...
/home/slad/slasstesting/a3/a3srv1/arma3server: error while loading shared libraries: libsteam_api.so: cannot open shared object file: No such file or directory
watchdog (705277): [Thu Dec 28 06:40:01 PM CET 2023] server died, waiting to restart...
watchdog (705277): [Thu Dec 28 06:40:06 PM CET 2023] starting server (port 2332)...
/home/slad/slasstesting/a3/a3srv1/arma3server: error while loading shared libraries: libsteam_api.so: cannot open shared object file: No such file or directory
watchdog (705277): [Thu Dec 28 06:40:06 PM CET 2023] server died, waiting to restart...
watchdog (705277): [Thu Dec 28 06:40:11 PM CET 2023] starting server (port 2332)...
/home/slad/slasstesting/a3/a3srv1/arma3server: error while loading shared libraries: libsteam_api.so: cannot open shared object file: No such file or directory
watchdog (705277): [Thu Dec 28 06:40:11 PM CET 2023] server died, waiting to restart...
watchdog (705277): [Thu Dec 28 06:40:16 PM CET 2023] starting server (port 2332)...
/home/slad/slasstesting/a3/a3srv1/arma3server: error while loading shared libraries: libsteam_api.so: cannot open shared object file: No such file or directory
watchdog (705277): [Thu Dec 28 06:40:16 PM CET 2023] server died, waiting to restart...
watchdog (705277): [Thu Dec 28 06:40:21 PM CET 2023] starting server (port 2332)...
/home/slad/slasstesting/a3/a3srv1/arma3server: error while loading shared libraries: libsteam_api.so: cannot open shared object file: No such file or directory
watchdog (705277): [Thu Dec 28 06:40:21 PM CET 2023] server died, waiting to restart...
watchdog (705277): [Thu Dec 28 06:40:26 PM CET 2023] starting server (port 2332)...
/home/slad/slasstesting/a3/a3srv1/arma3server: error while loading shared libraries: libsteam_api.so: cannot open shared object file: No such file or directory
watchdog (705277): [Thu Dec 28 06:40:26 PM CET 2023] server died, waiting to restart...
watchdog (705277): [Thu Dec 28 06:40:31 PM CET 2023] starting server (port 2332)...
/home/slad/slasstesting/a3/a3srv1/arma3server: error while loading shared libraries: libsteam_api.so: cannot open shared object file: No such file or directory
watchdog (705277): [Thu Dec 28 06:40:31 PM CET 2023] server died, waiting to restart...
watchdog (705277): [Thu Dec 28 06:40:36 PM CET 2023] starting server (port 2332)...
/home/slad/slasstesting/a3/a3srv1/arma3server: error while loading shared libraries: libsteam_api.so: cannot open shared object file: No such file or directory
watchdog (705277): [Thu Dec 28 06:40:36 PM CET 2023] server died, waiting to restart...
watchdog (705277): [Thu Dec 28 06:40:41 PM CET 2023] starting server (port 2332)...
/home/slad/slasstesting/a3/a3srv1/arma3server: error while loading shared libraries: libsteam_api.so: cannot open shared object file: No such file or directory
watchdog (705277): [Thu Dec 28 06:40:41 PM CET 2023] server died, waiting to restart...
watchdog (705277): [Thu Dec 28 06:40:46 PM CET 2023] starting server (port 2332)...
/home/slad/slasstesting/a3/a3srv1/arma3server: error while loading shared libraries: libsteam_api.so: cannot open shared object file: No such file or directory
watchdog (705277): [Thu Dec 28 06:40:46 PM CET 2023] server died, waiting to restart...
watchdog (705277): [Thu Dec 28 06:40:51 PM CET 2023] starting server (port 2332)...
/home/slad/slasstesting/a3/a3srv1/arma3server: error while loading shared libraries: libsteam_api.so: cannot open shared object file: No such file or directory
watchdog (705277): [Thu Dec 28 06:40:51 PM CET 2023] server died, waiting to restart...
watchdog (705277): [Thu Dec 28 06:40:56 PM CET 2023] starting server (port 2332)...
/home/slad/slasstesting/a3/a3srv1/arma3server: error while loading shared libraries: libsteam_api.so: cannot open shared object file: No such file or directory
watchdog (705277): [Thu Dec 28 06:40:56 PM CET 2023] server died, waiting to restart...
watchdog (705277): [Thu Dec 28 06:41:01 PM CET 2023] starting server (port 2332)...
/home/slad/slasstesting/a3/a3srv1/arma3server: error while loading shared libraries: libsteam_api.so: cannot open shared object file: No such file or directory
watchdog (705277): [Thu Dec 28 06:41:01 PM CET 2023] server died, waiting to restart...
watchdog (705277): [Thu Dec 28 06:41:06 PM CET 2023] starting server (port 2332)...
/home/slad/slasstesting/a3/a3srv1/arma3server: error while loading shared libraries: libsteam_api.so: cannot open shared object file: No such file or directory
watchdog (705277): [Thu Dec 28 06:41:06 PM CET 2023] server died, waiting to restart...
watchdog (705277): [Thu Dec 28 06:41:11 PM CET 2023] starting server (port 2332)...
/home/slad/slasstesting/a3/a3srv1/arma3server: error while loading shared libraries: libsteam_api.so: cannot open shared object file: No such file or directory
watchdog (705277): [Thu Dec 28 06:41:11 PM CET 2023] server died, waiting to restart...
watchdog (705277): [Thu Dec 28 06:41:16 PM CET 2023] starting server (port 2332)...
/home/slad/slasstesting/a3/a3srv1/arma3server: error while loading shared libraries: libsteam_api.so: cannot open shared object file: No such file or directory
watchdog (705277): [Thu Dec 28 06:41:16 PM CET 2023] server died, waiting to restart...
watchdog (705277): [Thu Dec 28 06:41:21 PM CET 2023] starting server (port 2332)...
/home/slad/slasstesting/a3/a3srv1/arma3server: error while loading shared libraries: libsteam_api.so: cannot open shared object file: No such file or directory
watchdog (705277): [Thu Dec 28 06:41:21 PM CET 2023] server died, waiting to restart...
watchdog (705277): [Thu Dec 28 06:41:26 PM CET 2023] starting server (port 2332)...
/home/slad/slasstesting/a3/a3srv1/arma3server: error while loading shared libraries: libsteam_api.so: cannot open shared object file: No such file or directory
watchdog (705277): [Thu Dec 28 06:41:26 PM CET 2023] server died, waiting to restart...
watchdog (705277): [Thu Dec 28 06:41:31 PM CET 2023] starting server (port 2332)...
/home/slad/slasstesting/a3/a3srv1/arma3server: error while loading shared libraries: libsteam_api.so: cannot open shared object file: No such file or directory
watchdog (705277): [Thu Dec 28 06:41:31 PM CET 2023] server died, waiting to restart...
watchdog (705277): [Thu Dec 28 06:41:36 PM CET 2023] starting server (port 2332)...
/home/slad/slasstesting/a3/a3srv1/arma3server: error while loading shared libraries: libsteam_api.so: cannot open shared object file: No such file or directory
watchdog (705277): [Thu Dec 28 06:41:36 PM CET 2023] server died, waiting to restart...
watchdog (705277): [Thu Dec 28 06:41:41 PM CET 2023] starting server (port 2332)...
/home/slad/slasstesting/a3/a3srv1/arma3server: error while loading shared libraries: libsteam_api.so: cannot open shared object file: No such file or directory
watchdog (705277): [Thu Dec 28 06:41:41 PM CET 2023] server died, waiting to restart...
watchdog (705277): [Thu Dec 28 06:41:46 PM CET 2023] starting server (port 2332)...
/home/slad/slasstesting/a3/a3srv1/arma3server: error while loading shared libraries: libsteam_api.so: cannot open shared object file: No such file or directory
watchdog (705277): [Thu Dec 28 06:41:46 PM CET 2023] server died, waiting to restart...
watchdog (705277): [Thu Dec 28 06:41:51 PM CET 2023] starting server (port 2332)...
/home/slad/slasstesting/a3/a3srv1/arma3server: error while loading shared libraries: libsteam_api.so: cannot open shared object file: No such file or directory
watchdog (705277): [Thu Dec 28 06:41:51 PM CET 2023] server died, waiting to restart...
watchdog (705277): [Thu Dec 28 06:41:56 PM CET 2023] starting server (port 2332)...
/home/slad/slasstesting/a3/a3srv1/arma3server: error while loading shared libraries: libsteam_api.so: cannot open shared object file: No such file or directory
watchdog (705277): [Thu Dec 28 06:41:56 PM CET 2023] server died, waiting to restart...
watchdog (705277): [Thu Dec 28 06:42:01 PM CET 2023] starting server (port 2332)...
/home/slad/slasstesting/a3/a3srv1/arma3server: error while loading shared libraries: libsteam_api.so: cannot open shared object file: No such file or directory
watchdog (705277): [Thu Dec 28 06:42:01 PM CET 2023] server died, waiting to restart...
watchdog (705277): [Thu Dec 28 06:42:06 PM CET 2023] starting server (port 2332)...
/home/slad/slasstesting/a3/a3srv1/arma3server: error while loading shared libraries: libsteam_api.so: cannot open shared object file: No such file or directory
watchdog (705277): [Thu Dec 28 06:42:06 PM CET 2023] server died, waiting to restart...
watchdog (705277): [Thu Dec 28 06:42:11 PM CET 2023] starting server (port 2332)...
/home/slad/slasstesting/a3/a3srv1/arma3server: error while loading shared libraries: libsteam_api.so: cannot open shared object file: No such file or directory
watchdog (705277): [Thu Dec 28 06:42:11 PM CET 2023] server died, waiting to restart...
watchdog (705277): [Thu Dec 28 06:42:16 PM CET 2023] starting server (port 2332)...
/home/slad/slasstesting/a3/a3srv1/arma3server: error while loading shared libraries: libsteam_api.so: cannot open shared object file: No such file or directory
watchdog (705277): [Thu Dec 28 06:42:16 PM CET 2023] server died, waiting to restart...
watchdog (705277): [Thu Dec 28 06:42:21 PM CET 2023] starting server (port 2332)...
/home/slad/slasstesting/a3/a3srv1/arma3server: error while loading shared libraries: libsteam_api.so: cannot open shared object file: No such file or directory
watchdog (705277): [Thu Dec 28 06:42:21 PM CET 2023] server died, waiting to restart...
watchdog (705277): [Thu Dec 28 06:42:26 PM CET 2023] starting server (port 2332)...
/home/slad/slasstesting/a3/a3srv1/arma3server: error while loading shared libraries: libsteam_api.so: cannot open shared object file: No such file or directory
watchdog (705277): [Thu Dec 28 06:42:26 PM CET 2023] server died, waiting to restart...
watchdog (705277): [Thu Dec 28 06:42:31 PM CET 2023] starting server (port 2332)...
/home/slad/slasstesting/a3/a3srv1/arma3server: error while loading shared libraries: libsteam_api.so: cannot open shared object file: No such file or directory
watchdog (705277): [Thu Dec 28 06:42:31 PM CET 2023] server died, waiting to restart...
watchdog (705277): [Thu Dec 28 06:42:36 PM CET 2023] starting server (port 2332)...
/home/slad/slasstesting/a3/a3srv1/arma3server: error while loading shared libraries: libsteam_api.so: cannot open shared object file: No such file or directory
watchdog (705277): [Thu Dec 28 06:42:36 PM CET 2023] server died, waiting to restart...
watchdog (705277): [Thu Dec 28 06:42:41 PM CET 2023] starting server (port 2332)...
/home/slad/slasstesting/a3/a3srv1/arma3server: error while loading shared libraries: libsteam_api.so: cannot open shared object file: No such file or directory
watchdog (705277): [Thu Dec 28 06:42:41 PM CET 2023] server died, waiting to restart...
watchdog (705277): [Thu Dec 28 06:42:46 PM CET 2023] starting server (port 2332)...
/home/slad/slasstesting/a3/a3srv1/arma3server: error while loading shared libraries: libsteam_api.so: cannot open shared object file: No such file or directory
watchdog (705277): [Thu Dec 28 06:42:46 PM CET 2023] server died, waiting to restart...
watchdog (705277): [Thu Dec 28 06:42:51 PM CET 2023] starting server (port 2332)...
/home/slad/slasstesting/a3/a3srv1/arma3server: error while loading shared libraries: libsteam_api.so: cannot open shared object file: No such file or directory
watchdog (705277): [Thu Dec 28 06:42:51 PM CET 2023] server died, waiting to restart...
watchdog (705277): [Thu Dec 28 06:42:56 PM CET 2023] starting server (port 2332)...
/home/slad/slasstesting/a3/a3srv1/arma3server: error while loading shared libraries: libsteam_api.so: cannot open shared object file: No such file or directory
watchdog (705277): [Thu Dec 28 06:42:56 PM CET 2023] server died, waiting to restart...
watchdog (705277): [Thu Dec 28 06:43:01 PM CET 2023] starting server (port 2332)...
/home/slad/slasstesting/a3/a3srv1/arma3server: error while loading shared libraries: libsteam_api.so: cannot open shared object file: No such file or directory
watchdog (705277): [Thu Dec 28 06:43:02 PM CET 2023] server died, waiting to restart...
watchdog (705277): [Thu Dec 28 06:43:07 PM CET 2023] starting server (port 2332)...
/home/slad/slasstesting/a3/a3srv1/arma3server: error while loading shared libraries: libsteam_api.so: cannot open shared object file: No such file or directory
watchdog (705277): [Thu Dec 28 06:43:07 PM CET 2023] server died, waiting to restart...
watchdog (705277): [Thu Dec 28 06:43:12 PM CET 2023] starting server (port 2332)...
/home/slad/slasstesting/a3/a3srv1/arma3server: error while loading shared libraries: libsteam_api.so: cannot open shared object file: No such file or directory
watchdog (705277): [Thu Dec 28 06:43:12 PM CET 2023] server died, waiting to restart...
watchdog (705277): [Thu Dec 28 06:43:17 PM CET 2023] starting server (port 2332)...
/home/slad/slasstesting/a3/a3srv1/arma3server: error while loading shared libraries: libsteam_api.so: cannot open shared object file: No such file or directory
watchdog (705277): [Thu Dec 28 06:43:17 PM CET 2023] server died, waiting to restart...
watchdog (705277): [Thu Dec 28 06:43:22 PM CET 2023] starting server (port 2332)...
/home/slad/slasstesting/a3/a3srv1/arma3server: error while loading shared libraries: libsteam_api.so: cannot open shared object file: No such file or directory
watchdog (705277): [Thu Dec 28 06:43:22 PM CET 2023] server died, waiting to restart...
watchdog (705277): [Thu Dec 28 06:43:27 PM CET 2023] starting server (port 2332)...
/home/slad/slasstesting/a3/a3srv1/arma3server: error while loading shared libraries: libsteam_api.so: cannot open shared object file: No such file or directory
watchdog (705277): [Thu Dec 28 06:43:27 PM CET 2023] server died, waiting to restart...
watchdog (705277): [Thu Dec 28 06:43:32 PM CET 2023] starting server (port 2332)...
/home/slad/slasstesting/a3/a3srv1/arma3server: error while loading shared libraries: libsteam_api.so: cannot open shared object file: No such file or directory
watchdog (705277): [Thu Dec 28 06:43:32 PM CET 2023] server died, waiting to restart...
watchdog (705277): [Thu Dec 28 06:43:37 PM CET 2023] starting server (port 2332)...
/home/slad/slasstesting/a3/a3srv1/arma3server: error while loading shared libraries: libsteam_api.so: cannot open shared object file: No such file or directory
watchdog (705277): [Thu Dec 28 06:43:37 PM CET 2023] server died, waiting to restart...
watchdog (705277): [Thu Dec 28 06:43:42 PM CET 2023] starting server (port 2332)...
/home/slad/slasstesting/a3/a3srv1/arma3server: error while loading shared libraries: libsteam_api.so: cannot open shared object file: No such file or directory
watchdog (705277): [Thu Dec 28 06:43:42 PM CET 2023] server died, waiting to restart...
watchdog (705277): [Thu Dec 28 06:43:47 PM CET 2023] starting server (port 2332)...
/home/slad/slasstesting/a3/a3srv1/arma3server: error while loading shared libraries: libsteam_api.so: cannot open shared object file: No such file or directory
watchdog (705277): [Thu Dec 28 06:43:47 PM CET 2023] server died, waiting to restart...
watchdog (705277): [Thu Dec 28 06:43:52 PM CET 2023] starting server (port 2332)...
/home/slad/slasstesting/a3/a3srv1/arma3server: error while loading shared libraries: libsteam_api.so: cannot open shared object file: No such file or directory
watchdog (705277): [Thu Dec 28 06:43:52 PM CET 2023] server died, waiting to restart...
watchdog (705277): [Thu Dec 28 06:43:57 PM CET 2023] starting server (port 2332)...
/home/slad/slasstesting/a3/a3srv1/arma3server: error while loading shared libraries: libsteam_api.so: cannot open shared object file: No such file or directory
watchdog (705277): [Thu Dec 28 06:43:57 PM CET 2023] server died, waiting to restart...
watchdog (705277): [Thu Dec 28 06:44:02 PM CET 2023] starting server (port 2332)...
/home/slad/slasstesting/a3/a3srv1/arma3server: error while loading shared libraries: libsteam_api.so: cannot open shared object file: No such file or directory
watchdog (705277): [Thu Dec 28 06:44:02 PM CET 2023] server died, waiting to restart...
watchdog (705277): [Thu Dec 28 06:44:07 PM CET 2023] starting server (port 2332)...
/home/slad/slasstesting/a3/a3srv1/arma3server: error while loading shared libraries: libsteam_api.so: cannot open shared object file: No such file or directory
watchdog (705277): [Thu Dec 28 06:44:07 PM CET 2023] server died, waiting to restart...
watchdog (705277): [Thu Dec 28 06:44:12 PM CET 2023] starting server (port 2332)...
/home/slad/slasstesting/a3/a3srv1/arma3server: error while loading shared libraries: libsteam_api.so: cannot open shared object file: No such file or directory
watchdog (705277): [Thu Dec 28 06:44:12 PM CET 2023] server died, waiting to restart...
watchdog (705277): [Thu Dec 28 06:44:17 PM CET 2023] starting server (port 2332)...
/home/slad/slasstesting/a3/a3srv1/arma3server: error while loading shared libraries: libsteam_api.so: cannot open shared object file: No such file or directory
watchdog (705277): [Thu Dec 28 06:44:17 PM CET 2023] server died, waiting to restart...
watchdog (705277): [Thu Dec 28 06:44:22 PM CET 2023] starting server (port 2332)...
/home/slad/slasstesting/a3/a3srv1/arma3server: error while loading shared libraries: libsteam_api.so: cannot open shared object file: No such file or directory
watchdog (705277): [Thu Dec 28 06:44:22 PM CET 2023] server died, waiting to restart...
watchdog (705277): [Thu Dec 28 06:44:27 PM CET 2023] starting server (port 2332)...
/home/slad/slasstesting/a3/a3srv1/arma3server: error while loading shared libraries: libsteam_api.so: cannot open shared object file: No such file or directory
watchdog (705277): [Thu Dec 28 06:44:27 PM CET 2023] server died, waiting to restart...
watchdog (705277): [Thu Dec 28 06:44:32 PM CET 2023] starting server (port 2332)...
/home/slad/slasstesting/a3/a3srv1/arma3server: error while loading shared libraries: libsteam_api.so: cannot open shared object file: No such file or directory
watchdog (705277): [Thu Dec 28 06:44:32 PM CET 2023] server died, waiting to restart...
watchdog (705277): [Thu Dec 28 06:44:37 PM CET 2023] starting server (port 2332)...
/home/slad/slasstesting/a3/a3srv1/arma3server: error while loading shared libraries: libsteam_api.so: cannot open shared object file: No such file or directory
watchdog (705277): [Thu Dec 28 06:44:37 PM CET 2023] server died, waiting to restart...
watchdog (705277): [Thu Dec 28 06:44:42 PM CET 2023] starting server (port 2332)...
/home/slad/slasstesting/a3/a3srv1/arma3server: error while loading shared libraries: libsteam_api.so: cannot open shared object file: No such file or directory
watchdog (705277): [Thu Dec 28 06:44:42 PM CET 2023] server died, waiting to restart...
watchdog (705277): [Thu Dec 28 06:44:47 PM CET 2023] starting server (port 2332)...
/home/slad/slasstesting/a3/a3srv1/arma3server: error while loading shared libraries: libsteam_api.so: cannot open shared object file: No such file or directory
watchdog (705277): [Thu Dec 28 06:44:47 PM CET 2023] server died, waiting to restart...
watchdog (705277): [Thu Dec 28 06:44:52 PM CET 2023] starting server (port 2332)...
/home/slad/slasstesting/a3/a3srv1/arma3server: error while loading shared libraries: libsteam_api.so: cannot open shared object file: No such file or directory
watchdog (705277): [Thu Dec 28 06:44:52 PM CET 2023] server died, waiting to restart...
watchdog (705277): [Thu Dec 28 06:44:57 PM CET 2023] starting server (port 2332)...
/home/slad/slasstesting/a3/a3srv1/arma3server: error while loading shared libraries: libsteam_api.so: cannot open shared object file: No such file or directory
watchdog (705277): [Thu Dec 28 06:44:57 PM CET 2023] server died, waiting to restart...
watchdog (705277): [Thu Dec 28 06:45:02 PM CET 2023] starting server (port 2332)...
/home/slad/slasstesting/a3/a3srv1/arma3server: error while loading shared libraries: libsteam_api.so: cannot open shared object file: No such file or directory
watchdog (705277): [Thu Dec 28 06:45:02 PM CET 2023] server died, waiting to restart...
watchdog (705277): [Thu Dec 28 06:45:07 PM CET 2023] starting server (port 2332)...
/home/slad/slasstesting/a3/a3srv1/arma3server: error while loading shared libraries: libsteam_api.so: cannot open shared object file: No such file or directory
watchdog (705277): [Thu Dec 28 06:45:07 PM CET 2023] server died, waiting to restart...
watchdog (705277): [Thu Dec 28 06:45:12 PM CET 2023] starting server (port 2332)...
/home/slad/slasstesting/a3/a3srv1/arma3server: error while loading shared libraries: libsteam_api.so: cannot open shared object file: No such file or directory
watchdog (705277): [Thu Dec 28 06:45:12 PM CET 2023] server died, waiting to restart...
watchdog (705277): [Thu Dec 28 06:45:17 PM CET 2023] starting server (port 2332)...
/home/slad/slasstesting/a3/a3srv1/arma3server: error while loading shared libraries: libsteam_api.so: cannot open shared object file: No such file or directory
watchdog (705277): [Thu Dec 28 06:45:17 PM CET 2023] server died, waiting to restart...
watchdog (705277): [Thu Dec 28 06:45:22 PM CET 2023] starting server (port 2332)...
/home/slad/slasstesting/a3/a3srv1/arma3server: error while loading shared libraries: libsteam_api.so: cannot open shared object file: No such file or directory
watchdog (705277): [Thu Dec 28 06:45:22 PM CET 2023] server died, waiting to restart...
watchdog (705277): [Thu Dec 28 06:45:27 PM CET 2023] starting server (port 2332)...
/home/slad/slasstesting/a3/a3srv1/arma3server: error while loading shared libraries: libsteam_api.so: cannot open shared object file: No such file or directory
watchdog (705277): [Thu Dec 28 06:45:27 PM CET 2023] server died, waiting to restart...
watchdog (705277): [Thu Dec 28 06:45:32 PM CET 2023] starting server (port 2332)...
/home/slad/slasstesting/a3/a3srv1/arma3server: error while loading shared libraries: libsteam_api.so: cannot open shared object file: No such file or directory
watchdog (705277): [Thu Dec 28 06:45:32 PM CET 2023] server died, waiting to restart...
watchdog (705277): [Thu Dec 28 06:45:37 PM CET 2023] starting server (port 2332)...
/home/slad/slasstesting/a3/a3srv1/arma3server: error while loading shared libraries: libsteam_api.so: cannot open shared object file: No such file or directory
watchdog (705277): [Thu Dec 28 06:45:37 PM CET 2023] server died, waiting to restart...
watchdog (705277): [Thu Dec 28 06:45:42 PM CET 2023] starting server (port 2332)...
/home/slad/slasstesting/a3/a3srv1/arma3server: error while loading shared libraries: libsteam_api.so: cannot open shared object file: No such file or directory
watchdog (705277): [Thu Dec 28 06:45:42 PM CET 2023] server died, waiting to restart...
watchdog (705277): [Thu Dec 28 06:45:47 PM CET 2023] starting server (port 2332)...
/home/slad/slasstesting/a3/a3srv1/arma3server: error while loading shared libraries: libsteam_api.so: cannot open shared object file: No such file or directory
watchdog (705277): [Thu Dec 28 06:45:47 PM CET 2023] server died, waiting to restart...
watchdog (705277): [Thu Dec 28 06:45:52 PM CET 2023] starting server (port 2332)...
/home/slad/slasstesting/a3/a3srv1/arma3server: error while loading shared libraries: libsteam_api.so: cannot open shared object file: No such file or directory
watchdog (705277): [Thu Dec 28 06:45:52 PM CET 2023] server died, waiting to restart...
watchdog (705277): [Thu Dec 28 06:45:57 PM CET 2023] starting server (port 2332)...
/home/slad/slasstesting/a3/a3srv1/arma3server: error while loading shared libraries: libsteam_api.so: cannot open shared object file: No such file or directory
watchdog (705277): [Thu Dec 28 06:45:57 PM CET 2023] server died, waiting to restart...
watchdog (705277): [Thu Dec 28 06:46:02 PM CET 2023] starting server (port 2332)...
/home/slad/slasstesting/a3/a3srv1/arma3server: error while loading shared libraries: libsteam_api.so: cannot open shared object file: No such file or directory
watchdog (705277): [Thu Dec 28 06:46:02 PM CET 2023] server died, waiting to restart...
watchdog (705277): [Thu Dec 28 06:46:07 PM CET 2023] starting server (port 2332)...
/home/slad/slasstesting/a3/a3srv1/arma3server: error while loading shared libraries: libsteam_api.so: cannot open shared object file: No such file or directory
watchdog (705277): [Thu Dec 28 06:46:07 PM CET 2023] server died, waiting to restart...
watchdog (705277): [Thu Dec 28 06:46:12 PM CET 2023] starting server (port 2332)...
/home/slad/slasstesting/a3/a3srv1/arma3server: error while loading shared libraries: libsteam_api.so: cannot open shared object file: No such file or directory
watchdog (705277): [Thu Dec 28 06:46:12 PM CET 2023] server died, waiting to restart...
watchdog (705277): [Thu Dec 28 06:46:17 PM CET 2023] starting server (port 2332)...
/home/slad/slasstesting/a3/a3srv1/arma3server: error while loading shared libraries: libsteam_api.so: cannot open shared object file: No such file or directory
watchdog (705277): [Thu Dec 28 06:46:17 PM CET 2023] server died, waiting to restart...
watchdog (705277): [Thu Dec 28 06:46:22 PM CET 2023] starting server (port 2332)...
/home/slad/slasstesting/a3/a3srv1/arma3server: error while loading shared libraries: libsteam_api.so: cannot open shared object file: No such file or directory
watchdog (705277): [Thu Dec 28 06:46:22 PM CET 2023] server died, waiting to restart...
watchdog (705277): [Thu Dec 28 06:46:27 PM CET 2023] starting server (port 2332)...
/home/slad/slasstesting/a3/a3srv1/arma3server: error while loading shared libraries: libsteam_api.so: cannot open shared object file: No such file or directory
watchdog (705277): [Thu Dec 28 06:46:27 PM CET 2023] server died, waiting to restart...
watchdog (705277): [Thu Dec 28 06:46:32 PM CET 2023] starting server (port 2332)...
/home/slad/slasstesting/a3/a3srv1/arma3server: error while loading shared libraries: libsteam_api.so: cannot open shared object file: No such file or directory
watchdog (705277): [Thu Dec 28 06:46:33 PM CET 2023] server died, waiting to restart...
watchdog (705277): [Thu Dec 28 06:46:38 PM CET 2023] starting server (port 2332)...
/home/slad/slasstesting/a3/a3srv1/arma3server: error while loading shared libraries: libsteam_api.so: cannot open shared object file: No such file or directory
watchdog (705277): [Thu Dec 28 06:46:38 PM CET 2023] server died, waiting to restart...
watchdog (705277): [Thu Dec 28 06:46:43 PM CET 2023] starting server (port 2332)...
/home/slad/slasstesting/a3/a3srv1/arma3server: error while loading shared libraries: libsteam_api.so: cannot open shared object file: No such file or directory
watchdog (705277): [Thu Dec 28 06:46:43 PM CET 2023] server died, waiting to restart...
watchdog (705277): [Thu Dec 28 06:46:48 PM CET 2023] starting server (port 2332)...
/home/slad/slasstesting/a3/a3srv1/arma3server: error while loading shared libraries: libsteam_api.so: cannot open shared object file: No such file or directory
watchdog (705277): [Thu Dec 28 06:46:48 PM CET 2023] server died, waiting to restart...
watchdog (705277): [Thu Dec 28 06:46:53 PM CET 2023] starting server (port 2332)...
/home/slad/slasstesting/a3/a3srv1/arma3server: error while loading shared libraries: libsteam_api.so: cannot open shared object file: No such file or directory
watchdog (705277): [Thu Dec 28 06:46:53 PM CET 2023] server died, waiting to restart...
watchdog (705277): [Thu Dec 28 06:46:58 PM CET 2023] starting server (port 2332)...
/home/slad/slasstesting/a3/a3srv1/arma3server: error while loading shared libraries: libsteam_api.so: cannot open shared object file: No such file or directory
watchdog (705277): [Thu Dec 28 06:46:58 PM CET 2023] server died, waiting to restart...
watchdog (705277): [Thu Dec 28 06:47:03 PM CET 2023] starting server (port 2332)...
/home/slad/slasstesting/a3/a3srv1/arma3server: error while loading shared libraries: libsteam_api.so: cannot open shared object file: No such file or directory
watchdog (705277): [Thu Dec 28 06:47:03 PM CET 2023] server died, waiting to restart...
watchdog (705277): [Thu Dec 28 06:47:08 PM CET 2023] starting server (port 2332)...
/home/slad/slasstesting/a3/a3srv1/arma3server: error while loading shared libraries: libsteam_api.so: cannot open shared object file: No such file or directory
watchdog (705277): [Thu Dec 28 06:47:08 PM CET 2023] server died, waiting to restart...
watchdog (705277): [Thu Dec 28 06:47:13 PM CET 2023] starting server (port 2332)...
/home/slad/slasstesting/a3/a3srv1/arma3server: error while loading shared libraries: libsteam_api.so: cannot open shared object file: No such file or directory
watchdog (705277): [Thu Dec 28 06:47:13 PM CET 2023] server died, waiting to restart...
watchdog (705277): [Thu Dec 28 06:47:18 PM CET 2023] starting server (port 2332)...
/home/slad/slasstesting/a3/a3srv1/arma3server: error while loading shared libraries: libsteam_api.so: cannot open shared object file: No such file or directory
watchdog (705277): [Thu Dec 28 06:47:18 PM CET 2023] server died, waiting to restart...
watchdog (705277): [Thu Dec 28 06:47:23 PM CET 2023] starting server (port 2332)...
/home/slad/slasstesting/a3/a3srv1/arma3server: error while loading shared libraries: libsteam_api.so: cannot open shared object file: No such file or directory
watchdog (705277): [Thu Dec 28 06:47:23 PM CET 2023] server died, waiting to restart...
watchdog (705277): [Thu Dec 28 06:47:28 PM CET 2023] starting server (port 2332)...
/home/slad/slasstesting/a3/a3srv1/arma3server: error while loading shared libraries: libsteam_api.so: cannot open shared object file: No such file or directory
watchdog (705277): [Thu Dec 28 06:47:28 PM CET 2023] server died, waiting to restart...
watchdog (705277): [Thu Dec 28 06:47:33 PM CET 2023] starting server (port 2332)...
/home/slad/slasstesting/a3/a3srv1/arma3server: error while loading shared libraries: libsteam_api.so: cannot open shared object file: No such file or directory
watchdog (705277): [Thu Dec 28 06:47:33 PM CET 2023] server died, waiting to restart...
watchdog (705277): [Thu Dec 28 06:47:38 PM CET 2023] starting server (port 2332)...
/home/slad/slasstesting/a3/a3srv1/arma3server: error while loading shared libraries: libsteam_api.so: cannot open shared object file: No such file or directory
watchdog (705277): [Thu Dec 28 06:47:38 PM CET 2023] server died, waiting to restart...
watchdog (705277): [Thu Dec 28 06:47:43 PM CET 2023] starting server (port 2332)...
/home/slad/slasstesting/a3/a3srv1/arma3server: error while loading shared libraries: libsteam_api.so: cannot open shared object file: No such file or directory
watchdog (705277): [Thu Dec 28 06:47:43 PM CET 2023] server died, waiting to restart...
watchdog (705277): [Thu Dec 28 06:47:48 PM CET 2023] starting server (port 2332)...
/home/slad/slasstesting/a3/a3srv1/arma3server: error while loading shared libraries: libsteam_api.so: cannot open shared object file: No such file or directory
watchdog (705277): [Thu Dec 28 06:47:48 PM CET 2023] server died, waiting to restart...
watchdog (705277): [Thu Dec 28 06:47:53 PM CET 2023] starting server (port 2332)...
/home/slad/slasstesting/a3/a3srv1/arma3server: error while loading shared libraries: libsteam_api.so: cannot open shared object file: No such file or directory
watchdog (705277): [Thu Dec 28 06:47:53 PM CET 2023] server died, waiting to restart...
watchdog (705277): [Thu Dec 28 06:47:58 PM CET 2023] starting server (port 2332)...
/home/slad/slasstesting/a3/a3srv1/arma3server: error while loading shared libraries: libsteam_api.so: cannot open shared object file: No such file or directory
watchdog (705277): [Thu Dec 28 06:47:58 PM CET 2023] server died, waiting to restart...
watchdog (705277): [Thu Dec 28 06:48:03 PM CET 2023] starting server (port 2332)...
/home/slad/slasstesting/a3/a3srv1/arma3server: error while loading shared libraries: libsteam_api.so: cannot open shared object file: No such file or directory
watchdog (705277): [Thu Dec 28 06:48:03 PM CET 2023] server died, waiting to restart...
watchdog (705277): [Thu Dec 28 06:48:08 PM CET 2023] starting server (port 2332)...
/home/slad/slasstesting/a3/a3srv1/arma3server: error while loading shared libraries: libsteam_api.so: cannot open shared object file: No such file or directory
watchdog (705277): [Thu Dec 28 06:48:08 PM CET 2023] server died, waiting to restart...
watchdog (705277): [Thu Dec 28 06:48:13 PM CET 2023] starting server (port 2332)...
/home/slad/slasstesting/a3/a3srv1/arma3server: error while loading shared libraries: libsteam_api.so: cannot open shared object file: No such file or directory
watchdog (705277): [Thu Dec 28 06:48:13 PM CET 2023] server died, waiting to restart...
watchdog (705277): [Thu Dec 28 06:48:18 PM CET 2023] starting server (port 2332)...
/home/slad/slasstesting/a3/a3srv1/arma3server: error while loading shared libraries: libsteam_api.so: cannot open shared object file: No such file or directory
watchdog (705277): [Thu Dec 28 06:48:18 PM CET 2023] server died, waiting to restart...
watchdog (705277): [Thu Dec 28 06:48:23 PM CET 2023] starting server (port 2332)...
/home/slad/slasstesting/a3/a3srv1/arma3server: error while loading shared libraries: libsteam_api.so: cannot open shared object file: No such file or directory
watchdog (705277): [Thu Dec 28 06:48:23 PM CET 2023] server died, waiting to restart...
watchdog (705277): [Thu Dec 28 06:48:28 PM CET 2023] starting server (port 2332)...
/home/slad/slasstesting/a3/a3srv1/arma3server: error while loading shared libraries: libsteam_api.so: cannot open shared object file: No such file or directory
watchdog (705277): [Thu Dec 28 06:48:28 PM CET 2023] server died, waiting to restart...
watchdog (705277): [Thu Dec 28 06:48:33 PM CET 2023] starting server (port 2332)...
/home/slad/slasstesting/a3/a3srv1/arma3server: error while loading shared libraries: libsteam_api.so: cannot open shared object file: No such file or directory
watchdog (705277): [Thu Dec 28 06:48:33 PM CET 2023] server died, waiting to restart...
watchdog (705277): [Thu Dec 28 06:48:38 PM CET 2023] starting server (port 2332)...
/home/slad/slasstesting/a3/a3srv1/arma3server: error while loading shared libraries: libsteam_api.so: cannot open shared object file: No such file or directory
watchdog (705277): [Thu Dec 28 06:48:38 PM CET 2023] server died, waiting to restart...
watchdog (705277): [Thu Dec 28 06:48:43 PM CET 2023] starting server (port 2332)...
/home/slad/slasstesting/a3/a3srv1/arma3server: error while loading shared libraries: libsteam_api.so: cannot open shared object file: No such file or directory
watchdog (705277): [Thu Dec 28 06:48:43 PM CET 2023] server died, waiting to restart...
watchdog (705277): [Thu Dec 28 06:48:48 PM CET 2023] starting server (port 2332)...
/home/slad/slasstesting/a3/a3srv1/arma3server: error while loading shared libraries: libsteam_api.so: cannot open shared object file: No such file or directory
watchdog (705277): [Thu Dec 28 06:48:48 PM CET 2023] server died, waiting to restart...
watchdog (705277): [Thu Dec 28 06:48:53 PM CET 2023] starting server (port 2332)...
/home/slad/slasstesting/a3/a3srv1/arma3server: error while loading shared libraries: libsteam_api.so: cannot open shared object file: No such file or directory
watchdog (705277): [Thu Dec 28 06:48:53 PM CET 2023] server died, waiting to restart...
