SLASS: watchdog (701331): [Thu Dec 28 06:19:13 PM CET 2023] deleting all logfiles in /home/slad/slasstesting/log when older then 3 days.
SLASS: watchdog (701331): [Thu Dec 28 06:19:13 PM CET 2023] starting server (port 2322)...
SLASS: watchdog (701331): [Thu Dec 28 06:19:18 PM CET 2023] starting server (port 2322)...
SLASS: watchdog (701331): [Thu Dec 28 06:19:23 PM CET 2023] starting server (port 2322)...
SLASS: watchdog (701331): [Thu Dec 28 06:19:28 PM CET 2023] starting server (port 2322)...
SLASS: watchdog (701331): [Thu Dec 28 06:19:33 PM CET 2023] starting server (port 2322)...
SLASS: watchdog (701331): [Thu Dec 28 06:19:38 PM CET 2023] starting server (port 2322)...
SLASS: watchdog (701331): [Thu Dec 28 06:19:43 PM CET 2023] starting server (port 2322)...
erver died, waiting to restart...
watchdog (701331): [Thu Dec 28 06:19:23 PM CET 2023] starting server (port 2322)...
/home/slad/slasstesting/a3/a3srv1/arma3server: error while loading shared libraries: libsteam_api.so: cannot open shared object file: No such file or directory
watchdog (701331): [Thu Dec 28 06:19:23 PM CET 2023] server died, waiting to restart...
watchdog (701331): [Thu Dec 28 06:19:28 PM CET 2023] starting server (port 2322)...
/home/slad/slasstesting/a3/a3srv1/arma3server: error while loading shared libraries: libsteam_api.so: cannot open shared object file: No such file or directory
watchdog (701331): [Thu Dec 28 06:19:28 PM CET 2023] server died, waiting to restart...
watchdog (701331): [Thu Dec 28 06:19:33 PM CET 2023] starting server (port 2322)...
/home/slad/slasstesting/a3/a3srv1/arma3server: error while loading shared libraries: libsteam_api.so: cannot open shared object file: No such file or directory
watchdog (701331): [Thu Dec 28 06:19:33 PM CET 2023] server died, waiting to restart...
watchdog (701331): [Thu Dec 28 06:19:38 PM CET 2023] starting server (port 2322)...
/home/slad/slasstesting/a3/a3srv1/arma3server: error while loading shared libraries: libsteam_api.so: cannot open shared object file: No such file or directory
watchdog (701331): [Thu Dec 28 06:19:38 PM CET 2023] server died, waiting to restart...
watchdog (701331): [Thu Dec 28 06:19:43 PM CET 2023] starting server (port 2322)...
/home/slad/slasstesting/a3/a3srv1/arma3server: error while loading shared libraries: libsteam_api.so: cannot open shared object file: No such file or directory
watchdog (701331): [Thu Dec 28 06:19:43 PM CET 2023] server died, waiting to restart...
